INFO - 2025-07-20 00:56:55 --> Controller "CodeIgniter\CLI\CommandRunner" loaded.
INFO - 2025-07-20 00:56:56 --> Controller "App\Controllers\base\Beranda" loaded.
INFO - 2025-07-20 00:57:15 --> Controller "App\Controllers\base\Beranda" loaded.
INFO - 2025-07-20 00:57:56 --> Controller "App\Controllers\base\Beranda" loaded.
INFO - 2025-07-20 00:58:34 --> Session: Class initialized using 'CodeIgniter\Session\Handlers\FileHandler' driver.
INFO - 2025-07-20 00:58:34 --> Controller "App\Controllers\base\Order" loaded.
INFO - 2025-07-20 00:58:35 --> Controller "App\Controllers\base\Beranda" loaded.
INFO - 2025-07-20 00:58:36 --> Controller "App\Controllers\base\Beranda" loaded.
INFO - 2025-07-20 00:58:40 --> Session: Class initialized using 'CodeIgniter\Session\Handlers\FileHandler' driver.
INFO - 2025-07-20 00:58:40 --> Controller "App\Controllers\base\Order" loaded.
INFO - 2025-07-20 00:58:40 --> Controller "App\Controllers\base\Beranda" loaded.
INFO - 2025-07-20 00:58:43 --> Session: Class initialized using 'CodeIgniter\Session\Handlers\FileHandler' driver.
INFO - 2025-07-20 00:58:43 --> Controller "App\Controllers\admin\Admin" loaded.
INFO - 2025-07-20 00:58:47 --> Session: Class initialized using 'CodeIgniter\Session\Handlers\FileHandler' driver.
INFO - 2025-07-20 00:58:47 --> Controller "App\Controllers\admin\Admin" loaded.
INFO - 2025-07-20 00:58:49 --> Session: Class initialized using 'CodeIgniter\Session\Handlers\FileHandler' driver.
INFO - 2025-07-20 00:58:49 --> Controller "App\Controllers\admin\Admin" loaded.
INFO - 2025-07-20 00:58:50 --> Session: Class initialized using 'CodeIgniter\Session\Handlers\FileHandler' driver.
INFO - 2025-07-20 00:58:50 --> Controller "App\Controllers\admin\Admin" loaded.
INFO - 2025-07-20 00:58:50 --> Session: Class initialized using 'CodeIgniter\Session\Handlers\FileHandler' driver.
INFO - 2025-07-20 00:58:50 --> Controller "App\Controllers\admin\Admin" loaded.
INFO - 2025-07-20 00:58:50 --> Session: Class initialized using 'CodeIgniter\Session\Handlers\FileHandler' driver.
INFO - 2025-07-20 00:58:50 --> Controller "App\Controllers\admin\Admin" loaded.
INFO - 2025-07-20 00:58:52 --> Session: Class initialized using 'CodeIgniter\Session\Handlers\FileHandler' driver.
INFO - 2025-07-20 00:58:52 --> Controller "App\Controllers\admin\Admin" loaded.
INFO - 2025-07-20 00:58:53 --> Session: Class initialized using 'CodeIgniter\Session\Handlers\FileHandler' driver.
INFO - 2025-07-20 00:58:53 --> Controller "App\Controllers\admin\Admin" loaded.
INFO - 2025-07-20 00:58:54 --> Session: Class initialized using 'CodeIgniter\Session\Handlers\FileHandler' driver.
INFO - 2025-07-20 00:58:54 --> Controller "App\Controllers\admin\Admin" loaded.
INFO - 2025-07-20 00:58:54 --> Session: Class initialized using 'CodeIgniter\Session\Handlers\FileHandler' driver.
INFO - 2025-07-20 00:58:54 --> Controller "App\Controllers\admin\Admin" loaded.
INFO - 2025-07-20 00:58:54 --> Session: Class initialized using 'CodeIgniter\Session\Handlers\FileHandler' driver.
INFO - 2025-07-20 00:58:54 --> Controller "App\Controllers\admin\Admin" loaded.
INFO - 2025-07-20 00:58:54 --> Session: Class initialized using 'CodeIgniter\Session\Handlers\FileHandler' driver.
INFO - 2025-07-20 00:58:54 --> Controller "App\Controllers\admin\Admin" loaded.
INFO - 2025-07-20 00:58:54 --> Session: Class initialized using 'CodeIgniter\Session\Handlers\FileHandler' driver.
INFO - 2025-07-20 00:58:54 --> Controller "App\Controllers\admin\Admin" loaded.
INFO - 2025-07-20 00:58:54 --> Session: Class initialized using 'CodeIgniter\Session\Handlers\FileHandler' driver.
INFO - 2025-07-20 00:58:54 --> Controller "App\Controllers\admin\Admin" loaded.
INFO - 2025-07-20 00:58:55 --> Session: Class initialized using 'CodeIgniter\Session\Handlers\FileHandler' driver.
INFO - 2025-07-20 00:58:55 --> Controller "App\Controllers\admin\Admin" loaded.
INFO - 2025-07-20 00:58:55 --> Session: Class initialized using 'CodeIgniter\Session\Handlers\FileHandler' driver.
INFO - 2025-07-20 00:58:55 --> Controller "App\Controllers\admin\Admin" loaded.
INFO - 2025-07-20 00:58:55 --> Session: Class initialized using 'CodeIgniter\Session\Handlers\FileHandler' driver.
INFO - 2025-07-20 00:58:55 --> Controller "App\Controllers\admin\Admin" loaded.
INFO - 2025-07-20 00:59:08 --> Session: Class initialized using 'CodeIgniter\Session\Handlers\FileHandler' driver.
INFO - 2025-07-20 00:59:08 --> Session: Class initialized using 'CodeIgniter\Session\Handlers\FileHandler' driver.
INFO - 2025-07-20 00:59:08 --> Controller "App\Controllers\admin\Admin" loaded.
INFO - 2025-07-20 00:59:12 --> Session: Class initialized using 'CodeIgniter\Session\Handlers\FileHandler' driver.
INFO - 2025-07-20 00:59:12 --> Controller "App\Controllers\admin\Admin" loaded.
INFO - 2025-07-20 00:59:12 --> Session: Class initialized using 'CodeIgniter\Session\Handlers\FileHandler' driver.
INFO - 2025-07-20 00:59:12 --> Controller "App\Controllers\admin\Admin" loaded.
INFO - 2025-07-20 00:59:12 --> Session: Class initialized using 'CodeIgniter\Session\Handlers\FileHandler' driver.
INFO - 2025-07-20 00:59:12 --> Controller "App\Controllers\admin\Admin" loaded.
INFO - 2025-07-20 00:59:13 --> Session: Class initialized using 'CodeIgniter\Session\Handlers\FileHandler' driver.
INFO - 2025-07-20 00:59:13 --> Controller "App\Controllers\admin\Admin" loaded.
INFO - 2025-07-20 00:59:13 --> Session: Class initialized using 'CodeIgniter\Session\Handlers\FileHandler' driver.
INFO - 2025-07-20 00:59:13 --> Controller "App\Controllers\admin\Admin" loaded.
INFO - 2025-07-20 00:59:13 --> Session: Class initialized using 'CodeIgniter\Session\Handlers\FileHandler' driver.
INFO - 2025-07-20 00:59:13 --> Controller "App\Controllers\admin\Admin" loaded.
INFO - 2025-07-20 00:59:13 --> Session: Class initialized using 'CodeIgniter\Session\Handlers\FileHandler' driver.
INFO - 2025-07-20 00:59:13 --> Controller "App\Controllers\admin\Admin" loaded.
INFO - 2025-07-20 00:59:13 --> Session: Class initialized using 'CodeIgniter\Session\Handlers\FileHandler' driver.
INFO - 2025-07-20 00:59:13 --> Controller "App\Controllers\admin\Admin" loaded.
INFO - 2025-07-20 00:59:13 --> Session: Class initialized using 'CodeIgniter\Session\Handlers\FileHandler' driver.
INFO - 2025-07-20 00:59:13 --> Controller "App\Controllers\admin\Admin" loaded.
INFO - 2025-07-20 00:59:14 --> Session: Class initialized using 'CodeIgniter\Session\Handlers\FileHandler' driver.
INFO - 2025-07-20 00:59:14 --> Controller "App\Controllers\admin\Admin" loaded.
INFO - 2025-07-20 00:59:14 --> Session: Class initialized using 'CodeIgniter\Session\Handlers\FileHandler' driver.
INFO - 2025-07-20 00:59:14 --> Controller "App\Controllers\admin\Admin" loaded.
INFO - 2025-07-20 00:59:14 --> Session: Class initialized using 'CodeIgniter\Session\Handlers\FileHandler' driver.
INFO - 2025-07-20 00:59:14 --> Controller "App\Controllers\admin\Admin" loaded.
INFO - 2025-07-20 00:59:14 --> Session: Class initialized using 'CodeIgniter\Session\Handlers\FileHandler' driver.
INFO - 2025-07-20 00:59:14 --> Controller "App\Controllers\admin\Admin" loaded.
INFO - 2025-07-20 00:59:14 --> Session: Class initialized using 'CodeIgniter\Session\Handlers\FileHandler' driver.
INFO - 2025-07-20 00:59:14 --> Controller "App\Controllers\admin\Admin" loaded.
INFO - 2025-07-20 00:59:14 --> Session: Class initialized using 'CodeIgniter\Session\Handlers\FileHandler' driver.
INFO - 2025-07-20 00:59:14 --> Controller "App\Controllers\admin\Admin" loaded.
INFO - 2025-07-20 00:59:15 --> Session: Class initialized using 'CodeIgniter\Session\Handlers\FileHandler' driver.
INFO - 2025-07-20 00:59:15 --> Controller "App\Controllers\admin\Admin" loaded.
INFO - 2025-07-20 00:59:15 --> Session: Class initialized using 'CodeIgniter\Session\Handlers\FileHandler' driver.
INFO - 2025-07-20 00:59:15 --> Controller "App\Controllers\admin\Admin" loaded.
INFO - 2025-07-20 00:59:15 --> Session: Class initialized using 'CodeIgniter\Session\Handlers\FileHandler' driver.
INFO - 2025-07-20 00:59:15 --> Controller "App\Controllers\admin\Admin" loaded.
INFO - 2025-07-20 00:59:22 --> Session: Class initialized using 'CodeIgniter\Session\Handlers\FileHandler' driver.
INFO - 2025-07-20 00:59:22 --> Controller "App\Controllers\admin\Admin" loaded.
INFO - 2025-07-20 00:59:22 --> Session: Class initialized using 'CodeIgniter\Session\Handlers\FileHandler' driver.
INFO - 2025-07-20 00:59:22 --> Controller "App\Controllers\admin\Admin" loaded.
INFO - 2025-07-20 00:59:31 --> Session: Class initialized using 'CodeIgniter\Session\Handlers\FileHandler' driver.
INFO - 2025-07-20 00:59:31 --> Controller "App\Controllers\admin\Admin" loaded.
INFO - 2025-07-20 00:59:35 --> Session: Class initialized using 'CodeIgniter\Session\Handlers\FileHandler' driver.
INFO - 2025-07-20 00:59:35 --> Controller "App\Controllers\admin\Admin" loaded.
INFO - 2025-07-20 00:59:38 --> Session: Class initialized using 'CodeIgniter\Session\Handlers\FileHandler' driver.
INFO - 2025-07-20 00:59:38 --> Controller "App\Controllers\admin\Admin" loaded.
INFO - 2025-07-20 00:59:38 --> Session: Class initialized using 'CodeIgniter\Session\Handlers\FileHandler' driver.
INFO - 2025-07-20 00:59:38 --> Controller "App\Controllers\admin\Admin" loaded.
INFO - 2025-07-20 00:59:38 --> Session: Class initialized using 'CodeIgniter\Session\Handlers\FileHandler' driver.
INFO - 2025-07-20 00:59:38 --> Controller "App\Controllers\admin\Admin" loaded.
INFO - 2025-07-20 00:59:38 --> Session: Class initialized using 'CodeIgniter\Session\Handlers\FileHandler' driver.
INFO - 2025-07-20 00:59:38 --> Controller "App\Controllers\admin\Admin" loaded.
INFO - 2025-07-20 00:59:39 --> Session: Class initialized using 'CodeIgniter\Session\Handlers\FileHandler' driver.
INFO - 2025-07-20 00:59:39 --> Controller "App\Controllers\admin\Admin" loaded.
INFO - 2025-07-20 00:59:39 --> Session: Class initialized using 'CodeIgniter\Session\Handlers\FileHandler' driver.
INFO - 2025-07-20 00:59:39 --> Controller "App\Controllers\admin\Admin" loaded.
INFO - 2025-07-20 00:59:39 --> Session: Class initialized using 'CodeIgniter\Session\Handlers\FileHandler' driver.
INFO - 2025-07-20 00:59:39 --> Controller "App\Controllers\admin\Admin" loaded.
INFO - 2025-07-20 00:59:39 --> Session: Class initialized using 'CodeIgniter\Session\Handlers\FileHandler' driver.
INFO - 2025-07-20 00:59:39 --> Controller "App\Controllers\admin\Admin" loaded.
INFO - 2025-07-20 00:59:39 --> Session: Class initialized using 'CodeIgniter\Session\Handlers\FileHandler' driver.
INFO - 2025-07-20 00:59:39 --> Controller "App\Controllers\admin\Admin" loaded.
INFO - 2025-07-20 00:59:39 --> Session: Class initialized using 'CodeIgniter\Session\Handlers\FileHandler' driver.
INFO - 2025-07-20 00:59:39 --> Controller "App\Controllers\admin\Admin" loaded.
INFO - 2025-07-20 00:59:40 --> Session: Class initialized using 'CodeIgniter\Session\Handlers\FileHandler' driver.
INFO - 2025-07-20 00:59:40 --> Controller "App\Controllers\admin\Admin" loaded.
INFO - 2025-07-20 00:59:40 --> Session: Class initialized using 'CodeIgniter\Session\Handlers\FileHandler' driver.
INFO - 2025-07-20 00:59:40 --> Controller "App\Controllers\admin\Admin" loaded.
INFO - 2025-07-20 00:59:40 --> Session: Class initialized using 'CodeIgniter\Session\Handlers\FileHandler' driver.
INFO - 2025-07-20 00:59:40 --> Controller "App\Controllers\admin\Admin" loaded.
INFO - 2025-07-20 00:59:40 --> Session: Class initialized using 'CodeIgniter\Session\Handlers\FileHandler' driver.
INFO - 2025-07-20 00:59:40 --> Controller "App\Controllers\admin\Admin" loaded.
INFO - 2025-07-20 00:59:40 --> Session: Class initialized using 'CodeIgniter\Session\Handlers\FileHandler' driver.
INFO - 2025-07-20 00:59:40 --> Controller "App\Controllers\admin\Admin" loaded.
INFO - 2025-07-20 00:59:41 --> Session: Class initialized using 'CodeIgniter\Session\Handlers\FileHandler' driver.
INFO - 2025-07-20 00:59:41 --> Controller "App\Controllers\admin\Admin" loaded.
INFO - 2025-07-20 00:59:42 --> Session: Class initialized using 'CodeIgniter\Session\Handlers\FileHandler' driver.
INFO - 2025-07-20 00:59:42 --> Controller "App\Controllers\admin\Admin" loaded.
INFO - 2025-07-20 00:59:42 --> Session: Class initialized using 'CodeIgniter\Session\Handlers\FileHandler' driver.
INFO - 2025-07-20 00:59:42 --> Controller "App\Controllers\admin\Admin" loaded.
INFO - 2025-07-20 00:59:47 --> Session: Class initialized using 'CodeIgniter\Session\Handlers\FileHandler' driver.
INFO - 2025-07-20 00:59:47 --> Controller "App\Controllers\admin\Admin" loaded.
INFO - 2025-07-20 00:59:53 --> Controller "CodeIgniter\CLI\CommandRunner" loaded.
INFO - 2025-07-20 00:59:55 --> Controller "App\Controllers\base\Beranda" loaded.
INFO - 2025-07-20 00:59:58 --> Session: Class initialized using 'CodeIgniter\Session\Handlers\FileHandler' driver.
INFO - 2025-07-20 00:59:59 --> Controller "App\Controllers\admin\Admin" loaded.
INFO - 2025-07-20 01:00:16 --> Session: Class initialized using 'CodeIgniter\Session\Handlers\FileHandler' driver.
INFO - 2025-07-20 01:00:16 --> Controller "App\Controllers\admin\Admin" loaded.
INFO - 2025-07-20 01:00:16 --> Session: Class initialized using 'CodeIgniter\Session\Handlers\FileHandler' driver.
INFO - 2025-07-20 01:00:16 --> Controller "App\Controllers\admin\Admin" loaded.
INFO - 2025-07-20 01:00:17 --> Session: Class initialized using 'CodeIgniter\Session\Handlers\FileHandler' driver.
INFO - 2025-07-20 01:00:17 --> Controller "App\Controllers\admin\Admin" loaded.
INFO - 2025-07-20 01:00:17 --> Session: Class initialized using 'CodeIgniter\Session\Handlers\FileHandler' driver.
INFO - 2025-07-20 01:00:17 --> Controller "App\Controllers\admin\Admin" loaded.
INFO - 2025-07-20 01:00:17 --> Session: Class initialized using 'CodeIgniter\Session\Handlers\FileHandler' driver.
INFO - 2025-07-20 01:00:17 --> Controller "App\Controllers\admin\Admin" loaded.
INFO - 2025-07-20 01:00:17 --> Session: Class initialized using 'CodeIgniter\Session\Handlers\FileHandler' driver.
INFO - 2025-07-20 01:00:17 --> Controller "App\Controllers\admin\Admin" loaded.
INFO - 2025-07-20 01:00:17 --> Session: Class initialized using 'CodeIgniter\Session\Handlers\FileHandler' driver.
INFO - 2025-07-20 01:00:17 --> Controller "App\Controllers\admin\Admin" loaded.
INFO - 2025-07-20 01:00:17 --> Session: Class initialized using 'CodeIgniter\Session\Handlers\FileHandler' driver.
INFO - 2025-07-20 01:00:18 --> Controller "App\Controllers\admin\Admin" loaded.
INFO - 2025-07-20 01:00:18 --> Session: Class initialized using 'CodeIgniter\Session\Handlers\FileHandler' driver.
INFO - 2025-07-20 01:00:18 --> Controller "App\Controllers\admin\Admin" loaded.
INFO - 2025-07-20 01:00:18 --> Session: Class initialized using 'CodeIgniter\Session\Handlers\FileHandler' driver.
INFO - 2025-07-20 01:00:18 --> Controller "App\Controllers\admin\Admin" loaded.
INFO - 2025-07-20 01:00:18 --> Session: Class initialized using 'CodeIgniter\Session\Handlers\FileHandler' driver.
INFO - 2025-07-20 01:00:18 --> Controller "App\Controllers\admin\Admin" loaded.
INFO - 2025-07-20 01:00:18 --> Session: Class initialized using 'CodeIgniter\Session\Handlers\FileHandler' driver.
INFO - 2025-07-20 01:00:18 --> Controller "App\Controllers\admin\Admin" loaded.
INFO - 2025-07-20 01:00:23 --> Session: Class initialized using 'CodeIgniter\Session\Handlers\FileHandler' driver.
INFO - 2025-07-20 01:00:23 --> Session: Class initialized using 'CodeIgniter\Session\Handlers\FileHandler' driver.
INFO - 2025-07-20 01:00:23 --> Controller "App\Controllers\admin\Admin" loaded.
INFO - 2025-07-20 01:00:25 --> Session: Class initialized using 'CodeIgniter\Session\Handlers\FileHandler' driver.
INFO - 2025-07-20 01:00:25 --> Controller "App\Controllers\admin\Admin" loaded.
INFO - 2025-07-20 01:00:25 --> Session: Class initialized using 'CodeIgniter\Session\Handlers\FileHandler' driver.
INFO - 2025-07-20 01:00:25 --> Controller "App\Controllers\admin\Admin" loaded.
INFO - 2025-07-20 01:00:26 --> Session: Class initialized using 'CodeIgniter\Session\Handlers\FileHandler' driver.
INFO - 2025-07-20 01:00:26 --> Controller "App\Controllers\admin\Admin" loaded.
INFO - 2025-07-20 01:00:26 --> Session: Class initialized using 'CodeIgniter\Session\Handlers\FileHandler' driver.
INFO - 2025-07-20 01:00:26 --> Controller "App\Controllers\admin\Admin" loaded.
INFO - 2025-07-20 01:00:26 --> Session: Class initialized using 'CodeIgniter\Session\Handlers\FileHandler' driver.
INFO - 2025-07-20 01:00:26 --> Controller "App\Controllers\admin\Admin" loaded.
INFO - 2025-07-20 01:00:27 --> Session: Class initialized using 'CodeIgniter\Session\Handlers\FileHandler' driver.
INFO - 2025-07-20 01:00:27 --> Controller "App\Controllers\admin\Admin" loaded.
INFO - 2025-07-20 01:00:27 --> Session: Class initialized using 'CodeIgniter\Session\Handlers\FileHandler' driver.
INFO - 2025-07-20 01:00:27 --> Controller "App\Controllers\admin\Admin" loaded.
INFO - 2025-07-20 01:00:27 --> Session: Class initialized using 'CodeIgniter\Session\Handlers\FileHandler' driver.
INFO - 2025-07-20 01:00:27 --> Controller "App\Controllers\admin\Admin" loaded.
INFO - 2025-07-20 01:00:27 --> Session: Class initialized using 'CodeIgniter\Session\Handlers\FileHandler' driver.
INFO - 2025-07-20 01:00:27 --> Controller "App\Controllers\admin\Admin" loaded.
INFO - 2025-07-20 01:00:28 --> Session: Class initialized using 'CodeIgniter\Session\Handlers\FileHandler' driver.
INFO - 2025-07-20 01:00:28 --> Controller "App\Controllers\admin\Admin" loaded.
INFO - 2025-07-20 01:00:32 --> Session: Class initialized using 'CodeIgniter\Session\Handlers\FileHandler' driver.
INFO - 2025-07-20 01:00:32 --> Controller "App\Controllers\admin\Admin" loaded.
INFO - 2025-07-20 01:00:32 --> Session: Class initialized using 'CodeIgniter\Session\Handlers\FileHandler' driver.
INFO - 2025-07-20 01:00:32 --> Controller "App\Controllers\admin\Admin" loaded.
INFO - 2025-07-20 01:00:36 --> Session: Class initialized using 'CodeIgniter\Session\Handlers\FileHandler' driver.
INFO - 2025-07-20 01:00:36 --> Controller "App\Controllers\base\Dashboard" loaded.
INFO - 2025-07-20 01:00:38 --> Session: Class initialized using 'CodeIgniter\Session\Handlers\FileHandler' driver.
INFO - 2025-07-20 01:00:38 --> Controller "App\Controllers\base\Dashboard" loaded.
INFO - 2025-07-20 01:00:41 --> Session: Class initialized using 'CodeIgniter\Session\Handlers\FileHandler' driver.
INFO - 2025-07-20 01:00:41 --> Controller "App\Controllers\admin\Admin" loaded.
INFO - 2025-07-20 01:00:43 --> Session: Class initialized using 'CodeIgniter\Session\Handlers\FileHandler' driver.
INFO - 2025-07-20 01:00:43 --> Controller "App\Controllers\admin\Admin" loaded.
INFO - 2025-07-20 01:00:59 --> Controller "App\Controllers\base\Beranda" loaded.
INFO - 2025-07-20 01:01:04 --> Session: Class initialized using 'CodeIgniter\Session\Handlers\FileHandler' driver.
INFO - 2025-07-20 01:01:04 --> Controller "App\Controllers\admin\Admin" loaded.
INFO - 2025-07-20 01:01:40 --> Session: Class initialized using 'CodeIgniter\Session\Handlers\FileHandler' driver.
INFO - 2025-07-20 01:01:40 --> Controller "App\Controllers\admin\Admin" loaded.
INFO - 2025-07-20 01:01:40 --> Session: Class initialized using 'CodeIgniter\Session\Handlers\FileHandler' driver.
INFO - 2025-07-20 01:01:40 --> Controller "App\Controllers\admin\Admin" loaded.
INFO - 2025-07-20 01:01:40 --> Session: Class initialized using 'CodeIgniter\Session\Handlers\FileHandler' driver.
INFO - 2025-07-20 01:01:40 --> Controller "App\Controllers\admin\Admin" loaded.
INFO - 2025-07-20 01:01:40 --> Session: Class initialized using 'CodeIgniter\Session\Handlers\FileHandler' driver.
INFO - 2025-07-20 01:01:40 --> Controller "App\Controllers\admin\Admin" loaded.
INFO - 2025-07-20 01:01:41 --> Session: Class initialized using 'CodeIgniter\Session\Handlers\FileHandler' driver.
INFO - 2025-07-20 01:01:41 --> Controller "App\Controllers\admin\Admin" loaded.
INFO - 2025-07-20 01:01:41 --> Session: Class initialized using 'CodeIgniter\Session\Handlers\FileHandler' driver.
INFO - 2025-07-20 01:01:41 --> Controller "App\Controllers\admin\Admin" loaded.
INFO - 2025-07-20 01:01:41 --> Session: Class initialized using 'CodeIgniter\Session\Handlers\FileHandler' driver.
INFO - 2025-07-20 01:01:41 --> Controller "App\Controllers\admin\Admin" loaded.
INFO - 2025-07-20 01:01:41 --> Session: Class initialized using 'CodeIgniter\Session\Handlers\FileHandler' driver.
INFO - 2025-07-20 01:01:41 --> Controller "App\Controllers\admin\Admin" loaded.
INFO - 2025-07-20 01:01:41 --> Session: Class initialized using 'CodeIgniter\Session\Handlers\FileHandler' driver.
INFO - 2025-07-20 01:01:41 --> Controller "App\Controllers\admin\Admin" loaded.
INFO - 2025-07-20 01:01:41 --> Session: Class initialized using 'CodeIgniter\Session\Handlers\FileHandler' driver.
INFO - 2025-07-20 01:01:41 --> Controller "App\Controllers\admin\Admin" loaded.
INFO - 2025-07-20 01:01:41 --> Session: Class initialized using 'CodeIgniter\Session\Handlers\FileHandler' driver.
INFO - 2025-07-20 01:01:41 --> Controller "App\Controllers\admin\Admin" loaded.
INFO - 2025-07-20 01:01:42 --> Session: Class initialized using 'CodeIgniter\Session\Handlers\FileHandler' driver.
INFO - 2025-07-20 01:01:42 --> Controller "App\Controllers\admin\Admin" loaded.
INFO - 2025-07-20 01:01:42 --> Session: Class initialized using 'CodeIgniter\Session\Handlers\FileHandler' driver.
INFO - 2025-07-20 01:01:42 --> Controller "App\Controllers\admin\Admin" loaded.
INFO - 2025-07-20 01:01:42 --> Session: Class initialized using 'CodeIgniter\Session\Handlers\FileHandler' driver.
INFO - 2025-07-20 01:01:42 --> Controller "App\Controllers\admin\Admin" loaded.
INFO - 2025-07-20 01:01:42 --> Session: Class initialized using 'CodeIgniter\Session\Handlers\FileHandler' driver.
INFO - 2025-07-20 01:01:42 --> Controller "App\Controllers\admin\Admin" loaded.
INFO - 2025-07-20 01:01:42 --> Session: Class initialized using 'CodeIgniter\Session\Handlers\FileHandler' driver.
INFO - 2025-07-20 01:01:42 --> Controller "App\Controllers\admin\Admin" loaded.
INFO - 2025-07-20 01:01:42 --> Session: Class initialized using 'CodeIgniter\Session\Handlers\FileHandler' driver.
INFO - 2025-07-20 01:01:42 --> Controller "App\Controllers\admin\Admin" loaded.
INFO - 2025-07-20 01:01:43 --> Session: Class initialized using 'CodeIgniter\Session\Handlers\FileHandler' driver.
INFO - 2025-07-20 01:01:43 --> Controller "App\Controllers\admin\Admin" loaded.
INFO - 2025-07-20 01:01:43 --> Session: Class initialized using 'CodeIgniter\Session\Handlers\FileHandler' driver.
INFO - 2025-07-20 01:01:43 --> Controller "App\Controllers\admin\Admin" loaded.
INFO - 2025-07-20 01:01:43 --> Session: Class initialized using 'CodeIgniter\Session\Handlers\FileHandler' driver.
INFO - 2025-07-20 01:01:43 --> Controller "App\Controllers\admin\Admin" loaded.
INFO - 2025-07-20 01:01:43 --> Session: Class initialized using 'CodeIgniter\Session\Handlers\FileHandler' driver.
INFO - 2025-07-20 01:01:43 --> Controller "App\Controllers\admin\Admin" loaded.
INFO - 2025-07-20 01:01:43 --> Session: Class initialized using 'CodeIgniter\Session\Handlers\FileHandler' driver.
INFO - 2025-07-20 01:01:43 --> Controller "App\Controllers\admin\Admin" loaded.
INFO - 2025-07-20 01:01:43 --> Session: Class initialized using 'CodeIgniter\Session\Handlers\FileHandler' driver.
INFO - 2025-07-20 01:01:43 --> Controller "App\Controllers\admin\Admin" loaded.
INFO - 2025-07-20 01:01:44 --> Session: Class initialized using 'CodeIgniter\Session\Handlers\FileHandler' driver.
INFO - 2025-07-20 01:01:44 --> Controller "App\Controllers\admin\Admin" loaded.
INFO - 2025-07-20 01:01:44 --> Session: Class initialized using 'CodeIgniter\Session\Handlers\FileHandler' driver.
INFO - 2025-07-20 01:01:44 --> Controller "App\Controllers\admin\Admin" loaded.
INFO - 2025-07-20 01:01:44 --> Session: Class initialized using 'CodeIgniter\Session\Handlers\FileHandler' driver.
INFO - 2025-07-20 01:01:44 --> Controller "App\Controllers\admin\Admin" loaded.
INFO - 2025-07-20 01:01:44 --> Session: Class initialized using 'CodeIgniter\Session\Handlers\FileHandler' driver.
INFO - 2025-07-20 01:01:44 --> Controller "App\Controllers\admin\Admin" loaded.
INFO - 2025-07-20 01:01:44 --> Session: Class initialized using 'CodeIgniter\Session\Handlers\FileHandler' driver.
INFO - 2025-07-20 01:01:44 --> Controller "App\Controllers\admin\Admin" loaded.
INFO - 2025-07-20 01:01:44 --> Session: Class initialized using 'CodeIgniter\Session\Handlers\FileHandler' driver.
INFO - 2025-07-20 01:01:44 --> Controller "App\Controllers\admin\Admin" loaded.
INFO - 2025-07-20 01:01:45 --> Session: Class initialized using 'CodeIgniter\Session\Handlers\FileHandler' driver.
INFO - 2025-07-20 01:01:45 --> Controller "App\Controllers\admin\Admin" loaded.
INFO - 2025-07-20 01:01:45 --> Session: Class initialized using 'CodeIgniter\Session\Handlers\FileHandler' driver.
INFO - 2025-07-20 01:01:45 --> Controller "App\Controllers\admin\Admin" loaded.
INFO - 2025-07-20 01:01:45 --> Session: Class initialized using 'CodeIgniter\Session\Handlers\FileHandler' driver.
INFO - 2025-07-20 01:01:45 --> Controller "App\Controllers\admin\Admin" loaded.
INFO - 2025-07-20 01:01:45 --> Session: Class initialized using 'CodeIgniter\Session\Handlers\FileHandler' driver.
INFO - 2025-07-20 01:01:45 --> Controller "App\Controllers\admin\Admin" loaded.
INFO - 2025-07-20 01:01:45 --> Session: Class initialized using 'CodeIgniter\Session\Handlers\FileHandler' driver.
INFO - 2025-07-20 01:01:45 --> Controller "App\Controllers\admin\Admin" loaded.
INFO - 2025-07-20 01:01:46 --> Session: Class initialized using 'CodeIgniter\Session\Handlers\FileHandler' driver.
INFO - 2025-07-20 01:01:46 --> Controller "App\Controllers\admin\Admin" loaded.
INFO - 2025-07-20 01:01:46 --> Session: Class initialized using 'CodeIgniter\Session\Handlers\FileHandler' driver.
INFO - 2025-07-20 01:01:46 --> Controller "App\Controllers\admin\Admin" loaded.
INFO - 2025-07-20 01:01:47 --> Session: Class initialized using 'CodeIgniter\Session\Handlers\FileHandler' driver.
INFO - 2025-07-20 01:01:47 --> Controller "App\Controllers\admin\Admin" loaded.
INFO - 2025-07-20 01:01:48 --> Session: Class initialized using 'CodeIgniter\Session\Handlers\FileHandler' driver.
INFO - 2025-07-20 01:01:48 --> Controller "App\Controllers\admin\Admin" loaded.
INFO - 2025-07-20 01:01:48 --> Session: Class initialized using 'CodeIgniter\Session\Handlers\FileHandler' driver.
INFO - 2025-07-20 01:01:48 --> Controller "App\Controllers\admin\Admin" loaded.
INFO - 2025-07-20 01:01:48 --> Session: Class initialized using 'CodeIgniter\Session\Handlers\FileHandler' driver.
INFO - 2025-07-20 01:01:48 --> Controller "App\Controllers\admin\Admin" loaded.
INFO - 2025-07-20 01:01:48 --> Session: Class initialized using 'CodeIgniter\Session\Handlers\FileHandler' driver.
INFO - 2025-07-20 01:01:48 --> Controller "App\Controllers\admin\Admin" loaded.
INFO - 2025-07-20 01:01:49 --> Session: Class initialized using 'CodeIgniter\Session\Handlers\FileHandler' driver.
INFO - 2025-07-20 01:01:49 --> Controller "App\Controllers\admin\Admin" loaded.
INFO - 2025-07-20 01:01:49 --> Session: Class initialized using 'CodeIgniter\Session\Handlers\FileHandler' driver.
INFO - 2025-07-20 01:01:49 --> Controller "App\Controllers\admin\Admin" loaded.
INFO - 2025-07-20 01:01:49 --> Session: Class initialized using 'CodeIgniter\Session\Handlers\FileHandler' driver.
INFO - 2025-07-20 01:01:49 --> Controller "App\Controllers\admin\Admin" loaded.
INFO - 2025-07-20 01:01:49 --> Session: Class initialized using 'CodeIgniter\Session\Handlers\FileHandler' driver.
INFO - 2025-07-20 01:01:49 --> Controller "App\Controllers\admin\Admin" loaded.
INFO - 2025-07-20 01:01:49 --> Session: Class initialized using 'CodeIgniter\Session\Handlers\FileHandler' driver.
INFO - 2025-07-20 01:01:49 --> Controller "App\Controllers\admin\Admin" loaded.
INFO - 2025-07-20 01:01:55 --> Session: Class initialized using 'CodeIgniter\Session\Handlers\FileHandler' driver.
INFO - 2025-07-20 01:01:56 --> Controller "App\Controllers\admin\Admin" loaded.
INFO - 2025-07-20 01:02:01 --> Session: Class initialized using 'CodeIgniter\Session\Handlers\FileHandler' driver.
INFO - 2025-07-20 01:02:01 --> Controller "App\Controllers\admin\Admin" loaded.
INFO - 2025-07-20 01:02:17 --> Session: Class initialized using 'CodeIgniter\Session\Handlers\FileHandler' driver.
INFO - 2025-07-20 01:02:17 --> Controller "App\Controllers\admin\Admin" loaded.
INFO - 2025-07-20 01:02:29 --> Session: Class initialized using 'CodeIgniter\Session\Handlers\FileHandler' driver.
INFO - 2025-07-20 01:02:29 --> Controller "App\Controllers\admin\Admin" loaded.
INFO - 2025-07-20 01:02:39 --> Session: Class initialized using 'CodeIgniter\Session\Handlers\FileHandler' driver.
INFO - 2025-07-20 01:02:39 --> Controller "App\Controllers\admin\Admin" loaded.
INFO - 2025-07-20 01:02:46 --> Session: Class initialized using 'CodeIgniter\Session\Handlers\FileHandler' driver.
INFO - 2025-07-20 01:02:46 --> Controller "App\Controllers\admin\Admin" loaded.
INFO - 2025-07-20 01:02:46 --> Session: Class initialized using 'CodeIgniter\Session\Handlers\FileHandler' driver.
INFO - 2025-07-20 01:02:46 --> Controller "App\Controllers\admin\Admin" loaded.
INFO - 2025-07-20 01:02:54 --> Session: Class initialized using 'CodeIgniter\Session\Handlers\FileHandler' driver.
INFO - 2025-07-20 01:02:54 --> Controller "App\Controllers\admin\Admin" loaded.
INFO - 2025-07-20 01:02:56 --> Session: Class initialized using 'CodeIgniter\Session\Handlers\FileHandler' driver.
INFO - 2025-07-20 01:02:56 --> Controller "App\Controllers\admin\Admin" loaded.
INFO - 2025-07-20 01:02:57 --> Session: Class initialized using 'CodeIgniter\Session\Handlers\FileHandler' driver.
INFO - 2025-07-20 01:02:57 --> Controller "App\Controllers\admin\Admin" loaded.
INFO - 2025-07-20 01:02:57 --> Session: Class initialized using 'CodeIgniter\Session\Handlers\FileHandler' driver.
INFO - 2025-07-20 01:02:57 --> Controller "App\Controllers\admin\Admin" loaded.
INFO - 2025-07-20 01:02:58 --> Session: Class initialized using 'CodeIgniter\Session\Handlers\FileHandler' driver.
INFO - 2025-07-20 01:02:58 --> Controller "App\Controllers\admin\Admin" loaded.
INFO - 2025-07-20 01:02:58 --> Session: Class initialized using 'CodeIgniter\Session\Handlers\FileHandler' driver.
INFO - 2025-07-20 01:02:58 --> Controller "App\Controllers\admin\Admin" loaded.
INFO - 2025-07-20 01:02:59 --> Session: Class initialized using 'CodeIgniter\Session\Handlers\FileHandler' driver.
INFO - 2025-07-20 01:02:59 --> Controller "App\Controllers\admin\Admin" loaded.
INFO - 2025-07-20 01:02:59 --> Session: Class initialized using 'CodeIgniter\Session\Handlers\FileHandler' driver.
INFO - 2025-07-20 01:02:59 --> Controller "App\Controllers\admin\Admin" loaded.
INFO - 2025-07-20 01:03:00 --> Session: Class initialized using 'CodeIgniter\Session\Handlers\FileHandler' driver.
INFO - 2025-07-20 01:03:00 --> Controller "App\Controllers\admin\Admin" loaded.
INFO - 2025-07-20 01:03:00 --> Session: Class initialized using 'CodeIgniter\Session\Handlers\FileHandler' driver.
INFO - 2025-07-20 01:03:00 --> Controller "App\Controllers\admin\Admin" loaded.
INFO - 2025-07-20 01:03:01 --> Session: Class initialized using 'CodeIgniter\Session\Handlers\FileHandler' driver.
INFO - 2025-07-20 01:03:01 --> Controller "App\Controllers\admin\Admin" loaded.
INFO - 2025-07-20 01:03:03 --> Session: Class initialized using 'CodeIgniter\Session\Handlers\FileHandler' driver.
INFO - 2025-07-20 01:03:03 --> Controller "App\Controllers\admin\Admin" loaded.
INFO - 2025-07-20 01:03:07 --> Session: Class initialized using 'CodeIgniter\Session\Handlers\FileHandler' driver.
INFO - 2025-07-20 01:03:07 --> Controller "App\Controllers\admin\Admin" loaded.
INFO - 2025-07-20 01:03:07 --> Session: Class initialized using 'CodeIgniter\Session\Handlers\FileHandler' driver.
INFO - 2025-07-20 01:03:07 --> Controller "App\Controllers\admin\Admin" loaded.
INFO - 2025-07-20 01:03:07 --> Session: Class initialized using 'CodeIgniter\Session\Handlers\FileHandler' driver.
INFO - 2025-07-20 01:03:07 --> Controller "App\Controllers\admin\Admin" loaded.
INFO - 2025-07-20 01:03:07 --> Session: Class initialized using 'CodeIgniter\Session\Handlers\FileHandler' driver.
INFO - 2025-07-20 01:03:07 --> Controller "App\Controllers\admin\Admin" loaded.
INFO - 2025-07-20 01:03:08 --> Session: Class initialized using 'CodeIgniter\Session\Handlers\FileHandler' driver.
INFO - 2025-07-20 01:03:08 --> Controller "App\Controllers\admin\Admin" loaded.
INFO - 2025-07-20 01:03:08 --> Session: Class initialized using 'CodeIgniter\Session\Handlers\FileHandler' driver.
INFO - 2025-07-20 01:03:08 --> Controller "App\Controllers\admin\Admin" loaded.
INFO - 2025-07-20 01:03:08 --> Session: Class initialized using 'CodeIgniter\Session\Handlers\FileHandler' driver.
INFO - 2025-07-20 01:03:08 --> Controller "App\Controllers\admin\Admin" loaded.
INFO - 2025-07-20 01:03:08 --> Session: Class initialized using 'CodeIgniter\Session\Handlers\FileHandler' driver.
INFO - 2025-07-20 01:03:08 --> Controller "App\Controllers\admin\Admin" loaded.
INFO - 2025-07-20 01:03:08 --> Session: Class initialized using 'CodeIgniter\Session\Handlers\FileHandler' driver.
INFO - 2025-07-20 01:03:08 --> Controller "App\Controllers\admin\Admin" loaded.
INFO - 2025-07-20 01:03:11 --> Session: Class initialized using 'CodeIgniter\Session\Handlers\FileHandler' driver.
INFO - 2025-07-20 01:03:11 --> Controller "App\Controllers\base\Dashboard" loaded.
INFO - 2025-07-20 01:03:41 --> Session: Class initialized using 'CodeIgniter\Session\Handlers\FileHandler' driver.
INFO - 2025-07-20 01:03:41 --> Controller "App\Controllers\admin\Admin" loaded.
INFO - 2025-07-20 01:03:41 --> Session: Class initialized using 'CodeIgniter\Session\Handlers\FileHandler' driver.
INFO - 2025-07-20 01:03:41 --> Controller "App\Controllers\admin\Admin" loaded.
INFO - 2025-07-20 01:03:44 --> Session: Class initialized using 'CodeIgniter\Session\Handlers\FileHandler' driver.
INFO - 2025-07-20 01:03:44 --> Controller "App\Controllers\admin\Admin" loaded.
INFO - 2025-07-20 01:03:45 --> Session: Class initialized using 'CodeIgniter\Session\Handlers\FileHandler' driver.
INFO - 2025-07-20 01:03:45 --> Controller "App\Controllers\admin\Admin" loaded.
INFO - 2025-07-20 01:03:46 --> Session: Class initialized using 'CodeIgniter\Session\Handlers\FileHandler' driver.
INFO - 2025-07-20 01:03:46 --> Controller "App\Controllers\admin\Admin" loaded.
INFO - 2025-07-20 01:03:46 --> Session: Class initialized using 'CodeIgniter\Session\Handlers\FileHandler' driver.
INFO - 2025-07-20 01:03:46 --> Controller "App\Controllers\admin\Admin" loaded.
INFO - 2025-07-20 01:03:53 --> Controller "App\Controllers\base\Beranda" loaded.
INFO - 2025-07-20 01:03:55 --> Session: Class initialized using 'CodeIgniter\Session\Handlers\FileHandler' driver.
INFO - 2025-07-20 01:03:55 --> Controller "App\Controllers\base\Dashboard" loaded.
INFO - 2025-07-20 01:03:56 --> Session: Class initialized using 'CodeIgniter\Session\Handlers\FileHandler' driver.
INFO - 2025-07-20 01:03:56 --> Controller "App\Controllers\base\Lupa_password" loaded.
INFO - 2025-07-20 01:03:58 --> Session: Class initialized using 'CodeIgniter\Session\Handlers\FileHandler' driver.
INFO - 2025-07-20 01:03:58 --> Controller "App\Controllers\base\Lupa_password" loaded.
INFO - 2025-07-20 01:03:58 --> Session: Class initialized using 'CodeIgniter\Session\Handlers\FileHandler' driver.
INFO - 2025-07-20 01:03:58 --> Controller "App\Controllers\base\Lupa_password" loaded.
INFO - 2025-07-20 01:04:00 --> Session: Class initialized using 'CodeIgniter\Session\Handlers\FileHandler' driver.
INFO - 2025-07-20 01:04:00 --> Controller "App\Controllers\base\Lupa_password" loaded.
INFO - 2025-07-20 01:04:03 --> Session: Class initialized using 'CodeIgniter\Session\Handlers\FileHandler' driver.
INFO - 2025-07-20 01:04:03 --> Controller "App\Controllers\base\Dashboard" loaded.
INFO - 2025-07-20 01:04:03 --> Controller "App\Controllers\base\Beranda" loaded.
INFO - 2025-07-20 01:04:15 --> Session: Class initialized using 'CodeIgniter\Session\Handlers\FileHandler' driver.
INFO - 2025-07-20 01:04:15 --> Controller "App\Controllers\base\Dashboard" loaded.
INFO - 2025-07-20 01:04:23 --> Session: Class initialized using 'CodeIgniter\Session\Handlers\FileHandler' driver.
INFO - 2025-07-20 01:04:23 --> Controller "App\Controllers\base\Dashboard" loaded.
INFO - 2025-07-20 01:04:23 --> Session: Class initialized using 'CodeIgniter\Session\Handlers\FileHandler' driver.
INFO - 2025-07-20 01:04:23 --> Controller "App\Controllers\base\Dashboard" loaded.
INFO - 2025-07-20 01:04:25 --> Session: Class initialized using 'CodeIgniter\Session\Handlers\FileHandler' driver.
INFO - 2025-07-20 01:04:25 --> Controller "App\Controllers\base\Dashboard" loaded.
INFO - 2025-07-20 01:04:42 --> Session: Class initialized using 'CodeIgniter\Session\Handlers\FileHandler' driver.
INFO - 2025-07-20 01:04:42 --> Controller "App\Controllers\admin\Admin" loaded.
INFO - 2025-07-20 01:05:03 --> Session: Class initialized using 'CodeIgniter\Session\Handlers\FileHandler' driver.
INFO - 2025-07-20 01:05:03 --> Controller "App\Controllers\admin\Admin" loaded.
INFO - 2025-07-20 01:05:03 --> Session: Class initialized using 'CodeIgniter\Session\Handlers\FileHandler' driver.
INFO - 2025-07-20 01:05:03 --> Controller "App\Controllers\admin\Admin" loaded.
INFO - 2025-07-20 01:05:03 --> Session: Class initialized using 'CodeIgniter\Session\Handlers\FileHandler' driver.
INFO - 2025-07-20 01:05:03 --> Controller "App\Controllers\admin\Admin" loaded.
INFO - 2025-07-20 01:05:04 --> Session: Class initialized using 'CodeIgniter\Session\Handlers\FileHandler' driver.
INFO - 2025-07-20 01:05:04 --> Controller "App\Controllers\admin\Admin" loaded.
INFO - 2025-07-20 01:05:04 --> Session: Class initialized using 'CodeIgniter\Session\Handlers\FileHandler' driver.
INFO - 2025-07-20 01:05:04 --> Controller "App\Controllers\admin\Admin" loaded.
INFO - 2025-07-20 01:05:04 --> Session: Class initialized using 'CodeIgniter\Session\Handlers\FileHandler' driver.
INFO - 2025-07-20 01:05:04 --> Controller "App\Controllers\admin\Admin" loaded.
INFO - 2025-07-20 01:05:04 --> Session: Class initialized using 'CodeIgniter\Session\Handlers\FileHandler' driver.
INFO - 2025-07-20 01:05:04 --> Controller "App\Controllers\admin\Admin" loaded.
INFO - 2025-07-20 01:05:04 --> Session: Class initialized using 'CodeIgniter\Session\Handlers\FileHandler' driver.
INFO - 2025-07-20 01:05:04 --> Controller "App\Controllers\admin\Admin" loaded.
INFO - 2025-07-20 01:05:07 --> Session: Class initialized using 'CodeIgniter\Session\Handlers\FileHandler' driver.
INFO - 2025-07-20 01:05:07 --> Controller "App\Controllers\admin\Admin" loaded.
INFO - 2025-07-20 01:05:09 --> Session: Class initialized using 'CodeIgniter\Session\Handlers\FileHandler' driver.
INFO - 2025-07-20 01:05:09 --> Controller "App\Controllers\admin\Admin" loaded.
INFO - 2025-07-20 01:05:10 --> Session: Class initialized using 'CodeIgniter\Session\Handlers\FileHandler' driver.
INFO - 2025-07-20 01:05:10 --> Controller "App\Controllers\admin\Admin" loaded.
INFO - 2025-07-20 01:05:10 --> Session: Class initialized using 'CodeIgniter\Session\Handlers\FileHandler' driver.
INFO - 2025-07-20 01:05:10 --> Controller "App\Controllers\admin\Admin" loaded.
INFO - 2025-07-20 01:05:10 --> Session: Class initialized using 'CodeIgniter\Session\Handlers\FileHandler' driver.
INFO - 2025-07-20 01:05:10 --> Controller "App\Controllers\admin\Admin" loaded.
INFO - 2025-07-20 01:05:10 --> Session: Class initialized using 'CodeIgniter\Session\Handlers\FileHandler' driver.
INFO - 2025-07-20 01:05:10 --> Controller "App\Controllers\admin\Admin" loaded.
INFO - 2025-07-20 01:05:10 --> Session: Class initialized using 'CodeIgniter\Session\Handlers\FileHandler' driver.
INFO - 2025-07-20 01:05:10 --> Controller "App\Controllers\admin\Admin" loaded.
INFO - 2025-07-20 01:05:10 --> Session: Class initialized using 'CodeIgniter\Session\Handlers\FileHandler' driver.
INFO - 2025-07-20 01:05:10 --> Controller "App\Controllers\admin\Admin" loaded.
INFO - 2025-07-20 01:05:11 --> Session: Class initialized using 'CodeIgniter\Session\Handlers\FileHandler' driver.
INFO - 2025-07-20 01:05:11 --> Controller "App\Controllers\admin\Admin" loaded.
INFO - 2025-07-20 01:05:11 --> Session: Class initialized using 'CodeIgniter\Session\Handlers\FileHandler' driver.
INFO - 2025-07-20 01:05:11 --> Controller "App\Controllers\admin\Admin" loaded.
INFO - 2025-07-20 01:05:11 --> Session: Class initialized using 'CodeIgniter\Session\Handlers\FileHandler' driver.
INFO - 2025-07-20 01:05:11 --> Controller "App\Controllers\admin\Admin" loaded.
INFO - 2025-07-20 01:05:11 --> Session: Class initialized using 'CodeIgniter\Session\Handlers\FileHandler' driver.
INFO - 2025-07-20 01:05:11 --> Controller "App\Controllers\admin\Admin" loaded.
INFO - 2025-07-20 01:05:11 --> Session: Class initialized using 'CodeIgniter\Session\Handlers\FileHandler' driver.
INFO - 2025-07-20 01:05:11 --> Controller "App\Controllers\admin\Admin" loaded.
INFO - 2025-07-20 01:05:11 --> Session: Class initialized using 'CodeIgniter\Session\Handlers\FileHandler' driver.
INFO - 2025-07-20 01:05:11 --> Controller "App\Controllers\admin\Admin" loaded.
INFO - 2025-07-20 01:05:12 --> Session: Class initialized using 'CodeIgniter\Session\Handlers\FileHandler' driver.
INFO - 2025-07-20 01:05:12 --> Controller "App\Controllers\admin\Admin" loaded.
INFO - 2025-07-20 01:05:12 --> Session: Class initialized using 'CodeIgniter\Session\Handlers\FileHandler' driver.
INFO - 2025-07-20 01:05:12 --> Controller "App\Controllers\admin\Admin" loaded.
INFO - 2025-07-20 01:05:12 --> Session: Class initialized using 'CodeIgniter\Session\Handlers\FileHandler' driver.
INFO - 2025-07-20 01:05:12 --> Controller "App\Controllers\admin\Admin" loaded.
INFO - 2025-07-20 01:05:12 --> Session: Class initialized using 'CodeIgniter\Session\Handlers\FileHandler' driver.
INFO - 2025-07-20 01:05:12 --> Controller "App\Controllers\admin\Admin" loaded.
INFO - 2025-07-20 01:05:12 --> Session: Class initialized using 'CodeIgniter\Session\Handlers\FileHandler' driver.
INFO - 2025-07-20 01:05:12 --> Controller "App\Controllers\admin\Admin" loaded.
INFO - 2025-07-20 01:05:12 --> Session: Class initialized using 'CodeIgniter\Session\Handlers\FileHandler' driver.
INFO - 2025-07-20 01:05:12 --> Controller "App\Controllers\admin\Admin" loaded.
INFO - 2025-07-20 01:05:13 --> Session: Class initialized using 'CodeIgniter\Session\Handlers\FileHandler' driver.
INFO - 2025-07-20 01:05:13 --> Controller "App\Controllers\admin\Admin" loaded.
INFO - 2025-07-20 01:05:13 --> Session: Class initialized using 'CodeIgniter\Session\Handlers\FileHandler' driver.
INFO - 2025-07-20 01:05:13 --> Controller "App\Controllers\admin\Admin" loaded.
INFO - 2025-07-20 01:05:13 --> Session: Class initialized using 'CodeIgniter\Session\Handlers\FileHandler' driver.
INFO - 2025-07-20 01:05:13 --> Controller "App\Controllers\admin\Admin" loaded.
INFO - 2025-07-20 01:05:13 --> Session: Class initialized using 'CodeIgniter\Session\Handlers\FileHandler' driver.
INFO - 2025-07-20 01:05:13 --> Controller "App\Controllers\admin\Admin" loaded.
INFO - 2025-07-20 01:05:13 --> Session: Class initialized using 'CodeIgniter\Session\Handlers\FileHandler' driver.
INFO - 2025-07-20 01:05:13 --> Controller "App\Controllers\admin\Admin" loaded.
INFO - 2025-07-20 01:05:14 --> Session: Class initialized using 'CodeIgniter\Session\Handlers\FileHandler' driver.
INFO - 2025-07-20 01:05:14 --> Controller "App\Controllers\admin\Admin" loaded.
INFO - 2025-07-20 01:05:14 --> Session: Class initialized using 'CodeIgniter\Session\Handlers\FileHandler' driver.
INFO - 2025-07-20 01:05:14 --> Controller "App\Controllers\admin\Admin" loaded.
INFO - 2025-07-20 01:05:15 --> Session: Class initialized using 'CodeIgniter\Session\Handlers\FileHandler' driver.
INFO - 2025-07-20 01:05:15 --> Controller "App\Controllers\admin\Admin" loaded.
INFO - 2025-07-20 01:05:15 --> Session: Class initialized using 'CodeIgniter\Session\Handlers\FileHandler' driver.
INFO - 2025-07-20 01:05:15 --> Controller "App\Controllers\admin\Admin" loaded.
INFO - 2025-07-20 01:05:15 --> Session: Class initialized using 'CodeIgniter\Session\Handlers\FileHandler' driver.
INFO - 2025-07-20 01:05:15 --> Controller "App\Controllers\admin\Admin" loaded.
INFO - 2025-07-20 01:05:15 --> Session: Class initialized using 'CodeIgniter\Session\Handlers\FileHandler' driver.
INFO - 2025-07-20 01:05:15 --> Controller "App\Controllers\admin\Admin" loaded.
INFO - 2025-07-20 01:05:15 --> Session: Class initialized using 'CodeIgniter\Session\Handlers\FileHandler' driver.
INFO - 2025-07-20 01:05:15 --> Controller "App\Controllers\admin\Admin" loaded.
INFO - 2025-07-20 01:05:15 --> Session: Class initialized using 'CodeIgniter\Session\Handlers\FileHandler' driver.
INFO - 2025-07-20 01:05:15 --> Controller "App\Controllers\admin\Admin" loaded.
INFO - 2025-07-20 01:05:16 --> Session: Class initialized using 'CodeIgniter\Session\Handlers\FileHandler' driver.
INFO - 2025-07-20 01:05:16 --> Controller "App\Controllers\admin\Admin" loaded.
INFO - 2025-07-20 01:05:16 --> Session: Class initialized using 'CodeIgniter\Session\Handlers\FileHandler' driver.
INFO - 2025-07-20 01:05:16 --> Controller "App\Controllers\admin\Admin" loaded.
INFO - 2025-07-20 01:05:16 --> Session: Class initialized using 'CodeIgniter\Session\Handlers\FileHandler' driver.
INFO - 2025-07-20 01:05:16 --> Controller "App\Controllers\admin\Admin" loaded.
INFO - 2025-07-20 01:05:16 --> Session: Class initialized using 'CodeIgniter\Session\Handlers\FileHandler' driver.
INFO - 2025-07-20 01:05:16 --> Controller "App\Controllers\admin\Admin" loaded.
INFO - 2025-07-20 01:05:16 --> Session: Class initialized using 'CodeIgniter\Session\Handlers\FileHandler' driver.
INFO - 2025-07-20 01:05:16 --> Controller "App\Controllers\admin\Admin" loaded.
INFO - 2025-07-20 01:05:16 --> Session: Class initialized using 'CodeIgniter\Session\Handlers\FileHandler' driver.
INFO - 2025-07-20 01:05:16 --> Controller "App\Controllers\admin\Admin" loaded.
INFO - 2025-07-20 01:05:16 --> Session: Class initialized using 'CodeIgniter\Session\Handlers\FileHandler' driver.
INFO - 2025-07-20 01:05:16 --> Controller "App\Controllers\admin\Admin" loaded.
INFO - 2025-07-20 01:05:17 --> Session: Class initialized using 'CodeIgniter\Session\Handlers\FileHandler' driver.
INFO - 2025-07-20 01:05:17 --> Controller "App\Controllers\admin\Admin" loaded.
INFO - 2025-07-20 01:05:20 --> Session: Class initialized using 'CodeIgniter\Session\Handlers\FileHandler' driver.
INFO - 2025-07-20 01:05:20 --> Controller "App\Controllers\admin\Admin" loaded.
INFO - 2025-07-20 01:05:20 --> Session: Class initialized using 'CodeIgniter\Session\Handlers\FileHandler' driver.
INFO - 2025-07-20 01:05:20 --> Controller "App\Controllers\admin\Admin" loaded.
INFO - 2025-07-20 01:05:24 --> Session: Class initialized using 'CodeIgniter\Session\Handlers\FileHandler' driver.
INFO - 2025-07-20 01:05:24 --> Controller "App\Controllers\admin\Admin" loaded.
INFO - 2025-07-20 01:05:24 --> Session: Class initialized using 'CodeIgniter\Session\Handlers\FileHandler' driver.
INFO - 2025-07-20 01:05:24 --> Controller "App\Controllers\admin\Admin" loaded.
INFO - 2025-07-20 01:05:30 --> Controller "CodeIgniter\CLI\CommandRunner" loaded.
INFO - 2025-07-20 01:05:32 --> Session: Class initialized using 'CodeIgniter\Session\Handlers\FileHandler' driver.
INFO - 2025-07-20 01:05:32 --> Controller "App\Controllers\admin\Admin" loaded.
INFO - 2025-07-20 01:05:35 --> Session: Class initialized using 'CodeIgniter\Session\Handlers\FileHandler' driver.
INFO - 2025-07-20 01:05:35 --> Controller "App\Controllers\admin\Admin" loaded.
INFO - 2025-07-20 01:05:39 --> Session: Class initialized using 'CodeIgniter\Session\Handlers\FileHandler' driver.
INFO - 2025-07-20 01:05:39 --> Controller "App\Controllers\admin\Admin" loaded.
INFO - 2025-07-20 01:05:44 --> Session: Class initialized using 'CodeIgniter\Session\Handlers\FileHandler' driver.
INFO - 2025-07-20 01:05:44 --> Controller "App\Controllers\admin\Admin" loaded.
INFO - 2025-07-20 01:05:44 --> Session: Class initialized using 'CodeIgniter\Session\Handlers\FileHandler' driver.
INFO - 2025-07-20 01:05:44 --> Controller "App\Controllers\admin\Admin" loaded.
INFO - 2025-07-20 01:06:28 --> Session: Class initialized using 'CodeIgniter\Session\Handlers\FileHandler' driver.
INFO - 2025-07-20 01:06:28 --> Controller "App\Controllers\admin\Admin" loaded.
INFO - 2025-07-20 01:06:28 --> Session: Class initialized using 'CodeIgniter\Session\Handlers\FileHandler' driver.
INFO - 2025-07-20 01:06:28 --> Controller "App\Controllers\admin\Admin" loaded.
INFO - 2025-07-20 01:06:30 --> Session: Class initialized using 'CodeIgniter\Session\Handlers\FileHandler' driver.
INFO - 2025-07-20 01:06:30 --> Controller "App\Controllers\admin\Admin" loaded.
INFO - 2025-07-20 01:06:30 --> Session: Class initialized using 'CodeIgniter\Session\Handlers\FileHandler' driver.
INFO - 2025-07-20 01:06:30 --> Controller "App\Controllers\admin\Admin" loaded.
INFO - 2025-07-20 01:06:39 --> Session: Class initialized using 'CodeIgniter\Session\Handlers\FileHandler' driver.
INFO - 2025-07-20 01:06:39 --> Controller "App\Controllers\admin\Admin" loaded.
INFO - 2025-07-20 01:06:39 --> Session: Class initialized using 'CodeIgniter\Session\Handlers\FileHandler' driver.
INFO - 2025-07-20 01:06:39 --> Controller "App\Controllers\admin\Admin" loaded.
INFO - 2025-07-20 01:06:50 --> Session: Class initialized using 'CodeIgniter\Session\Handlers\FileHandler' driver.
INFO - 2025-07-20 01:06:50 --> Controller "App\Controllers\admin\Admin" loaded.
INFO - 2025-07-20 01:08:16 --> Controller "App\Controllers\base\Beranda" loaded.
INFO - 2025-07-20 09:58:28 --> Controller "CodeIgniter\CLI\CommandRunner" loaded.
INFO - 2025-07-20 09:58:31 --> Controller "App\Controllers\base\Beranda" loaded.
INFO - 2025-07-20 09:58:35 --> Controller "App\Controllers\base\Beranda" loaded.
INFO - 2025-07-20 10:01:39 --> Controller "App\Controllers\base\Beranda" loaded.
INFO - 2025-07-20 10:01:39 --> Controller "App\Controllers\base\Beranda" loaded.
INFO - 2025-07-20 10:02:47 --> Controller "CodeIgniter\CLI\CommandRunner" loaded.
INFO - 2025-07-20 10:03:14 --> Controller "App\Controllers\base\Beranda" loaded.
INFO - 2025-07-20 10:03:18 --> Session: Class initialized using 'CodeIgniter\Session\Handlers\FileHandler' driver.
INFO - 2025-07-20 10:03:18 --> Controller "App\Controllers\base\Order" loaded.
INFO - 2025-07-20 10:03:18 --> Controller "App\Controllers\base\Beranda" loaded.
INFO - 2025-07-20 10:03:24 --> Controller "App\Controllers\base\Beranda" loaded.
INFO - 2025-07-20 10:03:26 --> Controller "App\Controllers\base\Beranda" loaded.
INFO - 2025-07-20 10:03:26 --> Controller "App\Controllers\base\Beranda" loaded.
INFO - 2025-07-20 10:03:27 --> Controller "App\Controllers\base\Beranda" loaded.
INFO - 2025-07-20 10:03:28 --> Controller "App\Controllers\base\Beranda" loaded.
INFO - 2025-07-20 10:03:33 --> Controller "App\Controllers\base\Beranda" loaded.
INFO - 2025-07-20 10:03:35 --> Controller "App\Controllers\base\Beranda" loaded.
INFO - 2025-07-20 10:03:48 --> Controller "App\Controllers\base\Beranda" loaded.
INFO - 2025-07-20 10:03:49 --> Controller "App\Controllers\base\Beranda" loaded.
INFO - 2025-07-20 10:03:50 --> Controller "App\Controllers\base\Beranda" loaded.
INFO - 2025-07-20 10:03:51 --> Controller "App\Controllers\base\Beranda" loaded.
INFO - 2025-07-20 10:04:02 --> Controller "App\Controllers\base\Beranda" loaded.
INFO - 2025-07-20 10:04:03 --> Controller "App\Controllers\base\Beranda" loaded.
INFO - 2025-07-20 10:10:32 --> Controller "App\Controllers\base\Beranda" loaded.
INFO - 2025-07-20 10:12:51 --> Controller "App\Controllers\base\Beranda" loaded.
INFO - 2025-07-20 10:12:51 --> Controller "App\Controllers\base\Beranda" loaded.
INFO - 2025-07-20 10:13:11 --> Controller "App\Controllers\base\Beranda" loaded.
INFO - 2025-07-20 10:13:22 --> Controller "App\Controllers\base\Beranda" loaded.
INFO - 2025-07-20 10:22:31 --> Controller "App\Controllers\base\Beranda" loaded.
INFO - 2025-07-20 10:23:43 --> Controller "App\Controllers\base\Beranda" loaded.
INFO - 2025-07-20 10:23:48 --> Session: Class initialized using 'CodeIgniter\Session\Handlers\FileHandler' driver.
INFO - 2025-07-20 10:23:48 --> Controller "App\Controllers\base\Order" loaded.
INFO - 2025-07-20 10:23:48 --> Controller "App\Controllers\base\Beranda" loaded.
INFO - 2025-07-20 10:23:49 --> Controller "App\Controllers\base\Beranda" loaded.
INFO - 2025-07-20 10:27:00 --> Controller "App\Controllers\base\Beranda" loaded.
INFO - 2025-07-20 10:27:02 --> Controller "App\Controllers\base\Beranda" loaded.
INFO - 2025-07-20 10:27:06 --> Controller "App\Controllers\base\Beranda" loaded.
INFO - 2025-07-20 10:31:10 --> Controller "App\Controllers\base\Beranda" loaded.
CRITICAL - 2025-07-20 10:31:10 --> Call to a member function findAll() on null
#0 C:\xampp\htdocs\nikahkuy.xyz\system\CodeIgniter.php(910): App\Controllers\base\Beranda->aboutUs()
#1 C:\xampp\htdocs\nikahkuy.xyz\system\CodeIgniter.php(398): CodeIgniter\CodeIgniter->runController(Object(App\Controllers\base\Beranda))
#2 C:\xampp\htdocs\nikahkuy.xyz\system\CodeIgniter.php(306): CodeIgniter\CodeIgniter->handleRequest(NULL, Object(Config\Cache), false)
#3 C:\xampp\htdocs\nikahkuy.xyz\public\index.php(45): CodeIgniter\CodeIgniter->run()
#4 C:\xampp\htdocs\nikahkuy.xyz\system\Commands\Server\rewrite.php(34): require_once('C:\\xampp\\htdocs...')
#5 {main}
INFO - 2025-07-20 10:31:11 --> Controller "App\Controllers\base\Beranda" loaded.
INFO - 2025-07-20 10:31:12 --> Controller "App\Controllers\base\Beranda" loaded.
CRITICAL - 2025-07-20 10:31:12 --> Call to a member function findAll() on null
#0 C:\xampp\htdocs\nikahkuy.xyz\system\CodeIgniter.php(910): App\Controllers\base\Beranda->aboutUs()
#1 C:\xampp\htdocs\nikahkuy.xyz\system\CodeIgniter.php(398): CodeIgniter\CodeIgniter->runController(Object(App\Controllers\base\Beranda))
#2 C:\xampp\htdocs\nikahkuy.xyz\system\CodeIgniter.php(306): CodeIgniter\CodeIgniter->handleRequest(NULL, Object(Config\Cache), false)
#3 C:\xampp\htdocs\nikahkuy.xyz\public\index.php(45): CodeIgniter\CodeIgniter->run()
#4 C:\xampp\htdocs\nikahkuy.xyz\system\Commands\Server\rewrite.php(34): require_once('C:\\xampp\\htdocs...')
#5 {main}
INFO - 2025-07-20 10:34:44 --> Controller "App\Controllers\base\Beranda" loaded.
INFO - 2025-07-20 10:37:05 --> Controller "App\Controllers\base\Beranda" loaded.
INFO - 2025-07-20 10:37:08 --> Controller "App\Controllers\base\Beranda" loaded.
INFO - 2025-07-20 10:37:10 --> Controller "App\Controllers\base\Beranda" loaded.
INFO - 2025-07-20 10:37:11 --> Controller "App\Controllers\base\Beranda" loaded.
INFO - 2025-07-20 10:37:12 --> Controller "App\Controllers\base\Beranda" loaded.
INFO - 2025-07-20 10:37:26 --> Controller "App\Controllers\base\Beranda" loaded.
INFO - 2025-07-20 10:37:50 --> Controller "App\Controllers\base\Beranda" loaded.
INFO - 2025-07-20 10:37:50 --> Controller "App\Controllers\base\Beranda" loaded.
INFO - 2025-07-20 10:38:06 --> Controller "App\Controllers\base\Beranda" loaded.
INFO - 2025-07-20 10:38:06 --> Controller "App\Controllers\base\Beranda" loaded.
INFO - 2025-07-20 10:39:57 --> Controller "App\Controllers\base\Beranda" loaded.
INFO - 2025-07-20 10:40:02 --> Controller "App\Controllers\base\Beranda" loaded.
INFO - 2025-07-20 10:40:11 --> Controller "App\Controllers\base\Beranda" loaded.
INFO - 2025-07-20 10:40:38 --> Controller "App\Controllers\base\Beranda" loaded.
INFO - 2025-07-20 10:41:33 --> Controller "App\Controllers\base\Beranda" loaded.
INFO - 2025-07-20 10:41:33 --> Controller "App\Controllers\base\Beranda" loaded.
INFO - 2025-07-20 10:41:53 --> Controller "App\Controllers\base\Beranda" loaded.
INFO - 2025-07-20 10:41:54 --> Controller "App\Controllers\base\Beranda" loaded.
INFO - 2025-07-20 10:42:46 --> Controller "App\Controllers\base\Beranda" loaded.
INFO - 2025-07-20 10:45:30 --> Controller "App\Controllers\base\Beranda" loaded.
INFO - 2025-07-20 10:45:30 --> Controller "App\Controllers\base\Beranda" loaded.
INFO - 2025-07-20 10:46:04 --> Controller "App\Controllers\base\Beranda" loaded.
INFO - 2025-07-20 10:46:04 --> Controller "App\Controllers\base\Beranda" loaded.
INFO - 2025-07-20 10:47:10 --> Controller "App\Controllers\base\Beranda" loaded.
INFO - 2025-07-20 10:51:03 --> Controller "App\Controllers\base\Beranda" loaded.
INFO - 2025-07-20 10:51:46 --> Controller "App\Controllers\base\Beranda" loaded.
INFO - 2025-07-20 10:52:02 --> Controller "App\Controllers\base\Beranda" loaded.
INFO - 2025-07-20 10:52:12 --> Controller "App\Controllers\base\Beranda" loaded.
INFO - 2025-07-20 10:52:22 --> Controller "App\Controllers\base\Beranda" loaded.
INFO - 2025-07-20 10:54:10 --> Controller "App\Controllers\base\Beranda" loaded.
INFO - 2025-07-20 11:02:02 --> Controller "App\Controllers\base\Beranda" loaded.
INFO - 2025-07-20 11:11:36 --> Controller "App\Controllers\base\Beranda" loaded.
INFO - 2025-07-20 11:11:38 --> Controller "App\Controllers\base\Beranda" loaded.
INFO - 2025-07-20 11:11:46 --> Controller "App\Controllers\base\Beranda" loaded.
INFO - 2025-07-20 11:12:24 --> Controller "App\Controllers\base\Beranda" loaded.
INFO - 2025-07-20 11:12:24 --> Controller "App\Controllers\base\Beranda" loaded.
INFO - 2025-07-20 11:13:04 --> Controller "App\Controllers\base\Beranda" loaded.
INFO - 2025-07-20 11:13:35 --> Controller "App\Controllers\base\Beranda" loaded.
INFO - 2025-07-20 11:13:35 --> Controller "App\Controllers\base\Beranda" loaded.
INFO - 2025-07-20 11:19:17 --> Controller "App\Controllers\base\Beranda" loaded.
INFO - 2025-07-20 11:19:17 --> Controller "App\Controllers\base\Beranda" loaded.
INFO - 2025-07-20 11:19:17 --> Controller "App\Controllers\base\Beranda" loaded.
INFO - 2025-07-20 11:20:47 --> Controller "App\Controllers\base\Beranda" loaded.
INFO - 2025-07-20 11:24:20 --> Session: Class initialized using 'CodeIgniter\Session\Handlers\FileHandler' driver.
INFO - 2025-07-20 11:24:20 --> Controller "App\Controllers\admin\Admin" loaded.
INFO - 2025-07-20 11:27:16 --> Controller "App\Controllers\base\Beranda" loaded.
INFO - 2025-07-20 11:28:29 --> Controller "App\Controllers\base\Beranda" loaded.
INFO - 2025-07-20 11:50:14 --> Session: Class initialized using 'CodeIgniter\Session\Handlers\FileHandler' driver.
INFO - 2025-07-20 11:50:14 --> Controller "App\Controllers\admin\Admin" loaded.
INFO - 2025-07-20 20:03:08 --> Controller "CodeIgniter\CLI\CommandRunner" loaded.
INFO - 2025-07-20 20:03:10 --> Controller "App\Controllers\base\Beranda" loaded.
INFO - 2025-07-20 20:05:30 --> Session: Class initialized using 'CodeIgniter\Session\Handlers\FileHandler' driver.
INFO - 2025-07-20 20:05:30 --> Controller "App\Controllers\admin\Admin" loaded.
INFO - 2025-07-20 20:05:33 --> Session: Class initialized using 'CodeIgniter\Session\Handlers\FileHandler' driver.
INFO - 2025-07-20 20:05:33 --> Controller "App\Controllers\admin\Admin" loaded.
INFO - 2025-07-20 20:05:39 --> Session: Class initialized using 'CodeIgniter\Session\Handlers\FileHandler' driver.
INFO - 2025-07-20 20:05:39 --> Controller "App\Controllers\admin\Admin" loaded.
INFO - 2025-07-20 20:05:39 --> Session: Class initialized using 'CodeIgniter\Session\Handlers\FileHandler' driver.
INFO - 2025-07-20 20:05:39 --> Controller "App\Controllers\admin\Admin" loaded.
INFO - 2025-07-20 20:05:49 --> Session: Class initialized using 'CodeIgniter\Session\Handlers\FileHandler' driver.
INFO - 2025-07-20 20:05:49 --> Controller "App\Controllers\admin\Admin" loaded.
INFO - 2025-07-20 20:05:49 --> Session: Class initialized using 'CodeIgniter\Session\Handlers\FileHandler' driver.
INFO - 2025-07-20 20:05:49 --> Controller "App\Controllers\admin\Admin" loaded.
INFO - 2025-07-20 20:05:53 --> Session: Class initialized using 'CodeIgniter\Session\Handlers\FileHandler' driver.
INFO - 2025-07-20 20:05:53 --> Controller "App\Controllers\admin\Admin" loaded.
INFO - 2025-07-20 20:06:20 --> Session: Class initialized using 'CodeIgniter\Session\Handlers\FileHandler' driver.
INFO - 2025-07-20 20:06:20 --> Controller "App\Controllers\admin\Admin" loaded.
INFO - 2025-07-20 20:06:22 --> Session: Class initialized using 'CodeIgniter\Session\Handlers\FileHandler' driver.
INFO - 2025-07-20 20:06:22 --> Controller "App\Controllers\admin\Admin" loaded.
INFO - 2025-07-20 20:06:24 --> Session: Class initialized using 'CodeIgniter\Session\Handlers\FileHandler' driver.
INFO - 2025-07-20 20:06:24 --> Controller "App\Controllers\admin\Admin" loaded.
INFO - 2025-07-20 20:06:27 --> Session: Class initialized using 'CodeIgniter\Session\Handlers\FileHandler' driver.
INFO - 2025-07-20 20:06:27 --> Controller "App\Controllers\admin\Admin" loaded.
INFO - 2025-07-20 20:07:57 --> Session: Class initialized using 'CodeIgniter\Session\Handlers\FileHandler' driver.
INFO - 2025-07-20 20:07:57 --> Controller "App\Controllers\admin\Admin" loaded.
INFO - 2025-07-20 20:08:27 --> Session: Class initialized using 'CodeIgniter\Session\Handlers\FileHandler' driver.
INFO - 2025-07-20 20:08:27 --> Controller "App\Controllers\admin\Admin" loaded.
INFO - 2025-07-20 20:08:31 --> Session: Class initialized using 'CodeIgniter\Session\Handlers\FileHandler' driver.
INFO - 2025-07-20 20:08:31 --> Controller "App\Controllers\admin\Admin" loaded.
INFO - 2025-07-20 20:08:36 --> Session: Class initialized using 'CodeIgniter\Session\Handlers\FileHandler' driver.
INFO - 2025-07-20 20:08:36 --> Controller "App\Controllers\admin\Admin" loaded.
INFO - 2025-07-20 20:08:42 --> Session: Class initialized using 'CodeIgniter\Session\Handlers\FileHandler' driver.
INFO - 2025-07-20 20:08:42 --> Controller "App\Controllers\admin\Admin" loaded.
INFO - 2025-07-20 20:08:52 --> Session: Class initialized using 'CodeIgniter\Session\Handlers\FileHandler' driver.
INFO - 2025-07-20 20:08:52 --> Controller "App\Controllers\admin\Admin" loaded.
INFO - 2025-07-20 20:08:53 --> Session: Class initialized using 'CodeIgniter\Session\Handlers\FileHandler' driver.
INFO - 2025-07-20 20:08:53 --> Controller "App\Controllers\admin\Admin" loaded.
INFO - 2025-07-20 20:08:56 --> Session: Class initialized using 'CodeIgniter\Session\Handlers\FileHandler' driver.
INFO - 2025-07-20 20:08:56 --> Controller "App\Controllers\admin\Admin" loaded.
INFO - 2025-07-20 20:08:57 --> Session: Class initialized using 'CodeIgniter\Session\Handlers\FileHandler' driver.
INFO - 2025-07-20 20:08:57 --> Controller "App\Controllers\admin\Admin" loaded.
INFO - 2025-07-20 20:09:05 --> Session: Class initialized using 'CodeIgniter\Session\Handlers\FileHandler' driver.
INFO - 2025-07-20 20:09:05 --> Controller "App\Controllers\base\Order" loaded.
INFO - 2025-07-20 20:09:05 --> Controller "App\Controllers\base\Beranda" loaded.
INFO - 2025-07-20 20:09:19 --> Session: Class initialized using 'CodeIgniter\Session\Handlers\FileHandler' driver.
INFO - 2025-07-20 20:09:19 --> Controller "App\Controllers\base\Order" loaded.
INFO - 2025-07-20 20:09:27 --> Controller "App\Controllers\base\Beranda" loaded.
INFO - 2025-07-20 20:09:31 --> Controller "App\Controllers\base\Beranda" loaded.
INFO - 2025-07-20 20:10:33 --> Controller "App\Controllers\base\Beranda" loaded.
INFO - 2025-07-20 20:10:37 --> Session: Class initialized using 'CodeIgniter\Session\Handlers\FileHandler' driver.
INFO - 2025-07-20 20:10:37 --> Controller "App\Controllers\base\Order" loaded.
INFO - 2025-07-20 20:10:40 --> Controller "App\Controllers\base\Beranda" loaded.
INFO - 2025-07-20 20:10:43 --> Controller "App\Controllers\base\Beranda" loaded.
INFO - 2025-07-20 20:10:46 --> Controller "App\Controllers\base\Beranda" loaded.
INFO - 2025-07-20 20:14:40 --> Session: Class initialized using 'CodeIgniter\Session\Handlers\FileHandler' driver.
INFO - 2025-07-20 20:14:40 --> Controller "App\Controllers\admin\Admin" loaded.
INFO - 2025-07-20 21:38:30 --> Controller "App\Controllers\base\Beranda" loaded.
CRITICAL - 2025-07-20 21:38:34 --> No connection could be made because the target machine actively refused it.

#0 C:\xampp\htdocs\nikahkuy.xyz\system\Database\BaseConnection.php(377): CodeIgniter\Database\MySQLi\Connection->connect(false)
#1 C:\xampp\htdocs\nikahkuy.xyz\system\Database\BaseConnection.php(643): CodeIgniter\Database\BaseConnection->initialize()
#2 C:\xampp\htdocs\nikahkuy.xyz\system\Database\BaseBuilder.php(1819): CodeIgniter\Database\BaseConnection->query('SELECT `themes`...', Array, false)
#3 C:\xampp\htdocs\nikahkuy.xyz\app\Models\base\BerandaModel.php(44): CodeIgniter\Database\BaseBuilder->get()
#4 C:\xampp\htdocs\nikahkuy.xyz\app\Controllers\base\Beranda.php(35): App\Models\base\BerandaModel->get_all_themes()
#5 C:\xampp\htdocs\nikahkuy.xyz\system\CodeIgniter.php(910): App\Controllers\base\Beranda->index()
#6 C:\xampp\htdocs\nikahkuy.xyz\system\CodeIgniter.php(398): CodeIgniter\CodeIgniter->runController(Object(App\Controllers\base\Beranda))
#7 C:\xampp\htdocs\nikahkuy.xyz\system\CodeIgniter.php(306): CodeIgniter\CodeIgniter->handleRequest(NULL, Object(Config\Cache), false)
#8 C:\xampp\htdocs\nikahkuy.xyz\public\index.php(45): CodeIgniter\CodeIgniter->run()
#9 C:\xampp\htdocs\nikahkuy.xyz\system\Commands\Server\rewrite.php(34): require_once('C:\\xampp\\htdocs...')
#10 {main}
INFO - 2025-07-20 21:38:34 --> Controller "App\Controllers\base\Beranda" loaded.
CRITICAL - 2025-07-20 21:38:38 --> No connection could be made because the target machine actively refused it.

#0 C:\xampp\htdocs\nikahkuy.xyz\system\Database\BaseConnection.php(377): CodeIgniter\Database\MySQLi\Connection->connect(false)
#1 C:\xampp\htdocs\nikahkuy.xyz\system\Database\BaseConnection.php(643): CodeIgniter\Database\BaseConnection->initialize()
#2 C:\xampp\htdocs\nikahkuy.xyz\system\Database\BaseBuilder.php(1819): CodeIgniter\Database\BaseConnection->query('SELECT `themes`...', Array, false)
#3 C:\xampp\htdocs\nikahkuy.xyz\app\Models\base\BerandaModel.php(44): CodeIgniter\Database\BaseBuilder->get()
#4 C:\xampp\htdocs\nikahkuy.xyz\app\Controllers\base\Beranda.php(35): App\Models\base\BerandaModel->get_all_themes()
#5 C:\xampp\htdocs\nikahkuy.xyz\system\CodeIgniter.php(910): App\Controllers\base\Beranda->index()
#6 C:\xampp\htdocs\nikahkuy.xyz\system\CodeIgniter.php(398): CodeIgniter\CodeIgniter->runController(Object(App\Controllers\base\Beranda))
#7 C:\xampp\htdocs\nikahkuy.xyz\system\CodeIgniter.php(306): CodeIgniter\CodeIgniter->handleRequest(NULL, Object(Config\Cache), false)
#8 C:\xampp\htdocs\nikahkuy.xyz\public\index.php(45): CodeIgniter\CodeIgniter->run()
#9 C:\xampp\htdocs\nikahkuy.xyz\system\Commands\Server\rewrite.php(34): require_once('C:\\xampp\\htdocs...')
#10 {main}
INFO - 2025-07-20 21:43:04 --> Controller "App\Controllers\base\Beranda" loaded.
CRITICAL - 2025-07-20 21:43:09 --> No connection could be made because the target machine actively refused it.

#0 C:\xampp\htdocs\nikahkuy.xyz\system\Database\BaseConnection.php(377): CodeIgniter\Database\MySQLi\Connection->connect(false)
#1 C:\xampp\htdocs\nikahkuy.xyz\system\Database\BaseConnection.php(643): CodeIgniter\Database\BaseConnection->initialize()
#2 C:\xampp\htdocs\nikahkuy.xyz\system\Database\BaseBuilder.php(1819): CodeIgniter\Database\BaseConnection->query('SELECT `themes`...', Array, false)
#3 C:\xampp\htdocs\nikahkuy.xyz\app\Models\base\BerandaModel.php(44): CodeIgniter\Database\BaseBuilder->get()
#4 C:\xampp\htdocs\nikahkuy.xyz\app\Controllers\base\Beranda.php(35): App\Models\base\BerandaModel->get_all_themes()
#5 C:\xampp\htdocs\nikahkuy.xyz\system\CodeIgniter.php(910): App\Controllers\base\Beranda->index()
#6 C:\xampp\htdocs\nikahkuy.xyz\system\CodeIgniter.php(398): CodeIgniter\CodeIgniter->runController(Object(App\Controllers\base\Beranda))
#7 C:\xampp\htdocs\nikahkuy.xyz\system\CodeIgniter.php(306): CodeIgniter\CodeIgniter->handleRequest(NULL, Object(Config\Cache), false)
#8 C:\xampp\htdocs\nikahkuy.xyz\public\index.php(45): CodeIgniter\CodeIgniter->run()
#9 C:\xampp\htdocs\nikahkuy.xyz\system\Commands\Server\rewrite.php(34): require_once('C:\\xampp\\htdocs...')
#10 {main}
INFO - 2025-07-20 21:43:15 --> Controller "App\Controllers\base\Beranda" loaded.
CRITICAL - 2025-07-20 21:43:19 --> No connection could be made because the target machine actively refused it.

#0 C:\xampp\htdocs\nikahkuy.xyz\system\Database\BaseConnection.php(377): CodeIgniter\Database\MySQLi\Connection->connect(false)
#1 C:\xampp\htdocs\nikahkuy.xyz\system\Database\BaseConnection.php(643): CodeIgniter\Database\BaseConnection->initialize()
#2 C:\xampp\htdocs\nikahkuy.xyz\system\Database\BaseBuilder.php(1819): CodeIgniter\Database\BaseConnection->query('SELECT `themes`...', Array, false)
#3 C:\xampp\htdocs\nikahkuy.xyz\app\Models\base\BerandaModel.php(44): CodeIgniter\Database\BaseBuilder->get()
#4 C:\xampp\htdocs\nikahkuy.xyz\app\Controllers\base\Beranda.php(35): App\Models\base\BerandaModel->get_all_themes()
#5 C:\xampp\htdocs\nikahkuy.xyz\system\CodeIgniter.php(910): App\Controllers\base\Beranda->index()
#6 C:\xampp\htdocs\nikahkuy.xyz\system\CodeIgniter.php(398): CodeIgniter\CodeIgniter->runController(Object(App\Controllers\base\Beranda))
#7 C:\xampp\htdocs\nikahkuy.xyz\system\CodeIgniter.php(306): CodeIgniter\CodeIgniter->handleRequest(NULL, Object(Config\Cache), false)
#8 C:\xampp\htdocs\nikahkuy.xyz\public\index.php(45): CodeIgniter\CodeIgniter->run()
#9 C:\xampp\htdocs\nikahkuy.xyz\system\Commands\Server\rewrite.php(34): require_once('C:\\xampp\\htdocs...')
#10 {main}
INFO - 2025-07-20 21:43:19 --> Controller "App\Controllers\base\Beranda" loaded.
CRITICAL - 2025-07-20 21:43:23 --> No connection could be made because the target machine actively refused it.

#0 C:\xampp\htdocs\nikahkuy.xyz\system\Database\BaseConnection.php(377): CodeIgniter\Database\MySQLi\Connection->connect(false)
#1 C:\xampp\htdocs\nikahkuy.xyz\system\Database\BaseConnection.php(643): CodeIgniter\Database\BaseConnection->initialize()
#2 C:\xampp\htdocs\nikahkuy.xyz\system\Database\BaseBuilder.php(1819): CodeIgniter\Database\BaseConnection->query('SELECT `themes`...', Array, false)
#3 C:\xampp\htdocs\nikahkuy.xyz\app\Models\base\BerandaModel.php(44): CodeIgniter\Database\BaseBuilder->get()
#4 C:\xampp\htdocs\nikahkuy.xyz\app\Controllers\base\Beranda.php(35): App\Models\base\BerandaModel->get_all_themes()
#5 C:\xampp\htdocs\nikahkuy.xyz\system\CodeIgniter.php(910): App\Controllers\base\Beranda->index()
#6 C:\xampp\htdocs\nikahkuy.xyz\system\CodeIgniter.php(398): CodeIgniter\CodeIgniter->runController(Object(App\Controllers\base\Beranda))
#7 C:\xampp\htdocs\nikahkuy.xyz\system\CodeIgniter.php(306): CodeIgniter\CodeIgniter->handleRequest(NULL, Object(Config\Cache), false)
#8 C:\xampp\htdocs\nikahkuy.xyz\public\index.php(45): CodeIgniter\CodeIgniter->run()
#9 C:\xampp\htdocs\nikahkuy.xyz\system\Commands\Server\rewrite.php(34): require_once('C:\\xampp\\htdocs...')
#10 {main}
INFO - 2025-07-20 21:43:49 --> Controller "CodeIgniter\CLI\CommandRunner" loaded.
INFO - 2025-07-20 21:43:51 --> Controller "App\Controllers\base\Beranda" loaded.
INFO - 2025-07-20 21:44:19 --> Controller "App\Controllers\base\Beranda" loaded.
INFO - 2025-07-20 21:45:01 --> Controller "App\Controllers\base\Beranda" loaded.
INFO - 2025-07-20 21:45:25 --> Session: Class initialized using 'CodeIgniter\Session\Handlers\FileHandler' driver.
INFO - 2025-07-20 21:45:25 --> Controller "App\Controllers\admin\Admin" loaded.
INFO - 2025-07-20 21:45:29 --> Session: Class initialized using 'CodeIgniter\Session\Handlers\FileHandler' driver.
INFO - 2025-07-20 21:45:29 --> Controller "App\Controllers\admin\Admin" loaded.
INFO - 2025-07-20 21:45:29 --> Session: Class initialized using 'CodeIgniter\Session\Handlers\FileHandler' driver.
INFO - 2025-07-20 21:45:29 --> Controller "App\Controllers\admin\Admin" loaded.
INFO - 2025-07-20 21:47:17 --> Session: Class initialized using 'CodeIgniter\Session\Handlers\FileHandler' driver.
INFO - 2025-07-20 21:47:17 --> Controller "App\Controllers\admin\Admin" loaded.
INFO - 2025-07-20 21:47:20 --> Session: Class initialized using 'CodeIgniter\Session\Handlers\FileHandler' driver.
INFO - 2025-07-20 21:47:20 --> Controller "App\Controllers\admin\Admin" loaded.
INFO - 2025-07-20 21:47:23 --> Session: Class initialized using 'CodeIgniter\Session\Handlers\FileHandler' driver.
INFO - 2025-07-20 21:47:23 --> Controller "App\Controllers\admin\Admin" loaded.
INFO - 2025-07-20 21:47:44 --> Controller "App\Controllers\base\Beranda" loaded.
INFO - 2025-07-20 21:52:59 --> Session: Class initialized using 'CodeIgniter\Session\Handlers\FileHandler' driver.
INFO - 2025-07-20 21:52:59 --> Controller "App\Controllers\base\Dashboard" loaded.
INFO - 2025-07-20 21:53:03 --> Controller "App\Controllers\base\Beranda" loaded.
INFO - 2025-07-20 21:56:38 --> Session: Class initialized using 'CodeIgniter\Session\Handlers\FileHandler' driver.
INFO - 2025-07-20 21:56:38 --> Controller "App\Controllers\admin\Admin" loaded.
INFO - 2025-07-20 21:56:56 --> Session: Class initialized using 'CodeIgniter\Session\Handlers\FileHandler' driver.
INFO - 2025-07-20 21:56:56 --> Controller "App\Controllers\admin\Admin" loaded.
INFO - 2025-07-20 21:56:58 --> Session: Class initialized using 'CodeIgniter\Session\Handlers\FileHandler' driver.
INFO - 2025-07-20 21:56:58 --> Controller "App\Controllers\admin\Admin" loaded.
INFO - 2025-07-20 21:57:02 --> Session: Class initialized using 'CodeIgniter\Session\Handlers\FileHandler' driver.
INFO - 2025-07-20 21:57:02 --> Controller "App\Controllers\admin\Admin" loaded.
INFO - 2025-07-20 21:57:02 --> Session: Class initialized using 'CodeIgniter\Session\Handlers\FileHandler' driver.
INFO - 2025-07-20 21:57:02 --> Controller "App\Controllers\admin\Admin" loaded.
INFO - 2025-07-20 21:57:02 --> Session: Class initialized using 'CodeIgniter\Session\Handlers\FileHandler' driver.
INFO - 2025-07-20 21:57:02 --> Controller "App\Controllers\admin\Admin" loaded.
INFO - 2025-07-20 21:57:02 --> Session: Class initialized using 'CodeIgniter\Session\Handlers\FileHandler' driver.
INFO - 2025-07-20 21:57:02 --> Controller "App\Controllers\admin\Admin" loaded.
INFO - 2025-07-20 21:57:32 --> Controller "App\Controllers\base\Beranda" loaded.
INFO - 2025-07-20 21:57:34 --> Controller "App\Controllers\base\Beranda" loaded.
INFO - 2025-07-20 21:57:51 --> Session: Class initialized using 'CodeIgniter\Session\Handlers\FileHandler' driver.
INFO - 2025-07-20 21:57:51 --> Controller "App\Controllers\admin\Admin" loaded.
INFO - 2025-07-20 21:57:52 --> Session: Class initialized using 'CodeIgniter\Session\Handlers\FileHandler' driver.
INFO - 2025-07-20 21:57:52 --> Controller "App\Controllers\admin\Admin" loaded.
INFO - 2025-07-20 21:57:52 --> Session: Class initialized using 'CodeIgniter\Session\Handlers\FileHandler' driver.
INFO - 2025-07-20 21:57:52 --> Controller "App\Controllers\admin\Admin" loaded.
INFO - 2025-07-20 22:00:09 --> Controller "App\Controllers\base\Beranda" loaded.
INFO - 2025-07-20 22:02:16 --> Session: Class initialized using 'CodeIgniter\Session\Handlers\FileHandler' driver.
INFO - 2025-07-20 22:02:16 --> Controller "App\Controllers\base\Order" loaded.
INFO - 2025-07-20 22:02:22 --> Controller "App\Controllers\base\Beranda" loaded.
INFO - 2025-07-20 22:11:45 --> Controller "App\Controllers\base\Beranda" loaded.
INFO - 2025-07-20 22:26:58 --> Controller "App\Controllers\base\Beranda" loaded.
INFO - 2025-07-20 22:28:32 --> Controller "App\Controllers\base\Beranda" loaded.
INFO - 2025-07-20 22:28:32 --> Controller "App\Controllers\base\Beranda" loaded.
