INFO - 2025-07-17 11:05:04 --> Controller "CodeIgniter\CLI\CommandRunner" loaded.
INFO - 2025-07-17 11:05:08 --> Controller "App\Controllers\base\Beranda" loaded.
INFO - 2025-07-17 11:05:08 --> Controller "App\Controllers\base\Beranda" loaded.
INFO - 2025-07-17 11:05:09 --> Controller "App\Controllers\base\Beranda" loaded.
INFO - 2025-07-17 11:05:09 --> Controller "App\Controllers\base\Beranda" loaded.
INFO - 2025-07-17 11:05:09 --> Controller "App\Controllers\base\Beranda" loaded.
INFO - 2025-07-17 11:05:09 --> Controller "App\Controllers\base\Beranda" loaded.
INFO - 2025-07-17 11:05:09 --> Controller "App\Controllers\base\Beranda" loaded.
INFO - 2025-07-17 11:05:09 --> Controller "App\Controllers\base\Beranda" loaded.
INFO - 2025-07-17 11:05:09 --> Controller "App\Controllers\base\Beranda" loaded.
INFO - 2025-07-17 11:05:09 --> Controller "App\Controllers\base\Beranda" loaded.
INFO - 2025-07-17 11:05:09 --> Controller "App\Controllers\base\Beranda" loaded.
INFO - 2025-07-17 11:05:09 --> Controller "App\Controllers\base\Beranda" loaded.
INFO - 2025-07-17 11:05:09 --> Controller "App\Controllers\base\Beranda" loaded.
INFO - 2025-07-17 11:05:09 --> Controller "App\Controllers\base\Beranda" loaded.
INFO - 2025-07-17 11:05:09 --> Controller "App\Controllers\base\Beranda" loaded.
INFO - 2025-07-17 11:05:09 --> Controller "App\Controllers\base\Beranda" loaded.
INFO - 2025-07-17 11:05:10 --> Controller "App\Controllers\base\Beranda" loaded.
INFO - 2025-07-17 11:05:10 --> Controller "App\Controllers\base\Beranda" loaded.
INFO - 2025-07-17 11:05:10 --> Controller "App\Controllers\base\Beranda" loaded.
INFO - 2025-07-17 11:05:10 --> Controller "App\Controllers\base\Beranda" loaded.
INFO - 2025-07-17 11:05:10 --> Controller "App\Controllers\base\Beranda" loaded.
INFO - 2025-07-17 11:05:10 --> Controller "App\Controllers\base\Beranda" loaded.
INFO - 2025-07-17 11:05:10 --> Controller "App\Controllers\base\Beranda" loaded.
INFO - 2025-07-17 11:05:10 --> Controller "App\Controllers\base\Beranda" loaded.
INFO - 2025-07-17 11:05:10 --> Controller "App\Controllers\base\Beranda" loaded.
INFO - 2025-07-17 11:05:10 --> Controller "App\Controllers\base\Beranda" loaded.
INFO - 2025-07-17 11:05:11 --> Controller "App\Controllers\base\Beranda" loaded.
INFO - 2025-07-17 11:05:11 --> Controller "App\Controllers\base\Beranda" loaded.
INFO - 2025-07-17 11:05:11 --> Controller "App\Controllers\base\Beranda" loaded.
INFO - 2025-07-17 11:05:11 --> Controller "App\Controllers\base\Beranda" loaded.
INFO - 2025-07-17 11:05:11 --> Controller "App\Controllers\base\Beranda" loaded.
INFO - 2025-07-17 11:05:11 --> Controller "App\Controllers\base\Beranda" loaded.
INFO - 2025-07-17 11:05:11 --> Controller "App\Controllers\base\Beranda" loaded.
INFO - 2025-07-17 11:05:11 --> Controller "App\Controllers\base\Beranda" loaded.
INFO - 2025-07-17 11:05:11 --> Controller "App\Controllers\base\Beranda" loaded.
INFO - 2025-07-17 11:05:11 --> Controller "App\Controllers\base\Beranda" loaded.
INFO - 2025-07-17 11:05:13 --> Controller "App\Controllers\base\Beranda" loaded.
INFO - 2025-07-17 11:05:13 --> Controller "App\Controllers\base\Beranda" loaded.
INFO - 2025-07-17 11:05:13 --> Controller "App\Controllers\base\Beranda" loaded.
INFO - 2025-07-17 11:05:27 --> Controller "App\Controllers\base\Beranda" loaded.
INFO - 2025-07-17 11:05:27 --> Controller "App\Controllers\base\Beranda" loaded.
INFO - 2025-07-17 11:05:27 --> Controller "App\Controllers\base\Beranda" loaded.
INFO - 2025-07-17 11:05:27 --> Controller "App\Controllers\base\Beranda" loaded.
INFO - 2025-07-17 11:05:27 --> Controller "App\Controllers\base\Beranda" loaded.
INFO - 2025-07-17 11:05:27 --> Controller "App\Controllers\base\Beranda" loaded.
INFO - 2025-07-17 11:05:27 --> Controller "App\Controllers\base\Beranda" loaded.
INFO - 2025-07-17 11:05:27 --> Controller "App\Controllers\base\Beranda" loaded.
INFO - 2025-07-17 11:05:27 --> Controller "App\Controllers\base\Beranda" loaded.
INFO - 2025-07-17 11:05:27 --> Controller "App\Controllers\base\Beranda" loaded.
INFO - 2025-07-17 11:05:28 --> Controller "App\Controllers\base\Beranda" loaded.
INFO - 2025-07-17 11:05:28 --> Controller "App\Controllers\base\Beranda" loaded.
INFO - 2025-07-17 11:05:28 --> Controller "App\Controllers\base\Beranda" loaded.
INFO - 2025-07-17 11:05:28 --> Controller "App\Controllers\base\Beranda" loaded.
INFO - 2025-07-17 11:05:28 --> Controller "App\Controllers\base\Beranda" loaded.
INFO - 2025-07-17 11:05:28 --> Controller "App\Controllers\base\Beranda" loaded.
INFO - 2025-07-17 11:05:28 --> Controller "App\Controllers\base\Beranda" loaded.
INFO - 2025-07-17 11:05:28 --> Controller "App\Controllers\base\Beranda" loaded.
INFO - 2025-07-17 11:05:28 --> Controller "App\Controllers\base\Beranda" loaded.
INFO - 2025-07-17 11:05:28 --> Controller "App\Controllers\base\Beranda" loaded.
INFO - 2025-07-17 11:05:28 --> Controller "App\Controllers\base\Beranda" loaded.
INFO - 2025-07-17 11:05:28 --> Controller "App\Controllers\base\Beranda" loaded.
INFO - 2025-07-17 11:05:29 --> Controller "App\Controllers\base\Beranda" loaded.
INFO - 2025-07-17 11:05:29 --> Controller "App\Controllers\base\Beranda" loaded.
INFO - 2025-07-17 11:05:29 --> Controller "App\Controllers\base\Beranda" loaded.
INFO - 2025-07-17 11:05:29 --> Controller "App\Controllers\base\Beranda" loaded.
INFO - 2025-07-17 11:05:29 --> Controller "App\Controllers\base\Beranda" loaded.
INFO - 2025-07-17 11:05:29 --> Controller "App\Controllers\base\Beranda" loaded.
INFO - 2025-07-17 11:05:29 --> Controller "App\Controllers\base\Beranda" loaded.
INFO - 2025-07-17 11:05:29 --> Controller "App\Controllers\base\Beranda" loaded.
INFO - 2025-07-17 11:05:29 --> Controller "App\Controllers\base\Beranda" loaded.
INFO - 2025-07-17 11:05:29 --> Controller "App\Controllers\base\Beranda" loaded.
INFO - 2025-07-17 11:05:29 --> Controller "App\Controllers\base\Beranda" loaded.
INFO - 2025-07-17 11:05:29 --> Controller "App\Controllers\base\Beranda" loaded.
INFO - 2025-07-17 11:05:30 --> Controller "App\Controllers\base\Beranda" loaded.
INFO - 2025-07-17 11:05:30 --> Controller "App\Controllers\base\Beranda" loaded.
INFO - 2025-07-17 11:05:30 --> Controller "App\Controllers\base\Beranda" loaded.
INFO - 2025-07-17 11:11:48 --> Controller "App\Controllers\base\Beranda" loaded.
INFO - 2025-07-17 11:11:48 --> Controller "App\Controllers\base\Beranda" loaded.
INFO - 2025-07-17 11:11:48 --> Controller "App\Controllers\base\Beranda" loaded.
INFO - 2025-07-17 11:11:48 --> Controller "App\Controllers\base\Beranda" loaded.
INFO - 2025-07-17 11:11:48 --> Controller "App\Controllers\base\Beranda" loaded.
INFO - 2025-07-17 11:11:48 --> Controller "App\Controllers\base\Beranda" loaded.
INFO - 2025-07-17 11:11:48 --> Controller "App\Controllers\base\Beranda" loaded.
INFO - 2025-07-17 11:11:49 --> Controller "App\Controllers\base\Beranda" loaded.
INFO - 2025-07-17 11:11:49 --> Controller "App\Controllers\base\Beranda" loaded.
INFO - 2025-07-17 11:11:49 --> Controller "App\Controllers\base\Beranda" loaded.
INFO - 2025-07-17 11:11:49 --> Controller "App\Controllers\base\Beranda" loaded.
INFO - 2025-07-17 11:11:49 --> Controller "App\Controllers\base\Beranda" loaded.
INFO - 2025-07-17 11:11:49 --> Controller "App\Controllers\base\Beranda" loaded.
INFO - 2025-07-17 11:11:49 --> Controller "App\Controllers\base\Beranda" loaded.
INFO - 2025-07-17 11:11:49 --> Controller "App\Controllers\base\Beranda" loaded.
INFO - 2025-07-17 11:11:49 --> Controller "App\Controllers\base\Beranda" loaded.
INFO - 2025-07-17 11:11:49 --> Controller "App\Controllers\base\Beranda" loaded.
INFO - 2025-07-17 11:11:49 --> Controller "App\Controllers\base\Beranda" loaded.
INFO - 2025-07-17 11:11:49 --> Controller "App\Controllers\base\Beranda" loaded.
INFO - 2025-07-17 11:11:49 --> Controller "App\Controllers\base\Beranda" loaded.
INFO - 2025-07-17 11:11:49 --> Controller "App\Controllers\base\Beranda" loaded.
INFO - 2025-07-17 11:11:50 --> Controller "App\Controllers\base\Beranda" loaded.
INFO - 2025-07-17 11:11:50 --> Controller "App\Controllers\base\Beranda" loaded.
INFO - 2025-07-17 11:11:50 --> Controller "App\Controllers\base\Beranda" loaded.
INFO - 2025-07-17 11:11:50 --> Controller "App\Controllers\base\Beranda" loaded.
INFO - 2025-07-17 11:11:50 --> Controller "App\Controllers\base\Beranda" loaded.
INFO - 2025-07-17 11:11:50 --> Controller "App\Controllers\base\Beranda" loaded.
INFO - 2025-07-17 11:11:50 --> Controller "App\Controllers\base\Beranda" loaded.
INFO - 2025-07-17 11:11:50 --> Controller "App\Controllers\base\Beranda" loaded.
INFO - 2025-07-17 11:11:50 --> Controller "App\Controllers\base\Beranda" loaded.
INFO - 2025-07-17 11:11:50 --> Controller "App\Controllers\base\Beranda" loaded.
INFO - 2025-07-17 11:11:50 --> Controller "App\Controllers\base\Beranda" loaded.
INFO - 2025-07-17 11:11:50 --> Controller "App\Controllers\base\Beranda" loaded.
INFO - 2025-07-17 11:11:50 --> Controller "App\Controllers\base\Beranda" loaded.
INFO - 2025-07-17 11:11:50 --> Controller "App\Controllers\base\Beranda" loaded.
INFO - 2025-07-17 11:11:50 --> Controller "App\Controllers\base\Beranda" loaded.
INFO - 2025-07-17 11:12:05 --> Controller "App\Controllers\base\Beranda" loaded.
INFO - 2025-07-17 11:12:05 --> Controller "App\Controllers\base\Beranda" loaded.
INFO - 2025-07-17 11:12:05 --> Controller "App\Controllers\base\Beranda" loaded.
INFO - 2025-07-17 11:12:43 --> Controller "App\Controllers\base\Beranda" loaded.
INFO - 2025-07-17 11:12:43 --> Controller "App\Controllers\base\Beranda" loaded.
INFO - 2025-07-17 11:12:43 --> Controller "App\Controllers\base\Beranda" loaded.
INFO - 2025-07-17 11:12:43 --> Controller "App\Controllers\base\Beranda" loaded.
INFO - 2025-07-17 11:12:43 --> Controller "App\Controllers\base\Beranda" loaded.
INFO - 2025-07-17 11:12:43 --> Controller "App\Controllers\base\Beranda" loaded.
INFO - 2025-07-17 11:12:43 --> Controller "App\Controllers\base\Beranda" loaded.
INFO - 2025-07-17 11:12:43 --> Controller "App\Controllers\base\Beranda" loaded.
INFO - 2025-07-17 11:12:44 --> Controller "App\Controllers\base\Beranda" loaded.
INFO - 2025-07-17 11:12:44 --> Controller "App\Controllers\base\Beranda" loaded.
INFO - 2025-07-17 11:12:44 --> Controller "App\Controllers\base\Beranda" loaded.
INFO - 2025-07-17 11:12:44 --> Controller "App\Controllers\base\Beranda" loaded.
INFO - 2025-07-17 11:12:44 --> Controller "App\Controllers\base\Beranda" loaded.
INFO - 2025-07-17 11:12:44 --> Controller "App\Controllers\base\Beranda" loaded.
INFO - 2025-07-17 11:12:44 --> Controller "App\Controllers\base\Beranda" loaded.
INFO - 2025-07-17 11:12:44 --> Controller "App\Controllers\base\Beranda" loaded.
INFO - 2025-07-17 11:12:44 --> Controller "App\Controllers\base\Beranda" loaded.
INFO - 2025-07-17 11:12:44 --> Controller "App\Controllers\base\Beranda" loaded.
INFO - 2025-07-17 11:12:44 --> Controller "App\Controllers\base\Beranda" loaded.
INFO - 2025-07-17 11:12:44 --> Controller "App\Controllers\base\Beranda" loaded.
INFO - 2025-07-17 11:12:44 --> Controller "App\Controllers\base\Beranda" loaded.
INFO - 2025-07-17 11:12:44 --> Controller "App\Controllers\base\Beranda" loaded.
INFO - 2025-07-17 11:12:45 --> Controller "App\Controllers\base\Beranda" loaded.
INFO - 2025-07-17 11:12:45 --> Controller "App\Controllers\base\Beranda" loaded.
INFO - 2025-07-17 11:12:45 --> Controller "App\Controllers\base\Beranda" loaded.
INFO - 2025-07-17 11:12:45 --> Controller "App\Controllers\base\Beranda" loaded.
INFO - 2025-07-17 11:12:45 --> Controller "App\Controllers\base\Beranda" loaded.
INFO - 2025-07-17 11:12:45 --> Controller "App\Controllers\base\Beranda" loaded.
INFO - 2025-07-17 11:12:45 --> Controller "App\Controllers\base\Beranda" loaded.
INFO - 2025-07-17 11:12:45 --> Controller "App\Controllers\base\Beranda" loaded.
INFO - 2025-07-17 11:12:45 --> Controller "App\Controllers\base\Beranda" loaded.
INFO - 2025-07-17 11:12:45 --> Controller "App\Controllers\base\Beranda" loaded.
INFO - 2025-07-17 11:12:45 --> Controller "App\Controllers\base\Beranda" loaded.
INFO - 2025-07-17 11:12:45 --> Controller "App\Controllers\base\Beranda" loaded.
INFO - 2025-07-17 11:12:45 --> Controller "App\Controllers\base\Beranda" loaded.
INFO - 2025-07-17 11:12:45 --> Controller "App\Controllers\base\Beranda" loaded.
INFO - 2025-07-17 11:13:09 --> Controller "App\Controllers\base\Beranda" loaded.
INFO - 2025-07-17 11:14:43 --> Controller "CodeIgniter\CLI\CommandRunner" loaded.
INFO - 2025-07-17 11:14:46 --> Controller "App\Controllers\base\Beranda" loaded.
INFO - 2025-07-17 11:14:48 --> Session: Class initialized using 'CodeIgniter\Session\Handlers\FileHandler' driver.
INFO - 2025-07-17 11:14:48 --> Controller "App\Controllers\base\Dashboard" loaded.
INFO - 2025-07-17 11:15:03 --> Session: Class initialized using 'CodeIgniter\Session\Handlers\FileHandler' driver.
INFO - 2025-07-17 11:15:03 --> Controller "App\Controllers\base\Dashboard" loaded.
INFO - 2025-07-17 11:15:03 --> Session: Class initialized using 'CodeIgniter\Session\Handlers\FileHandler' driver.
INFO - 2025-07-17 11:15:03 --> Controller "App\Controllers\base\Dashboard" loaded.
INFO - 2025-07-17 11:18:05 --> Controller "CodeIgniter\CLI\CommandRunner" loaded.
INFO - 2025-07-17 11:18:08 --> Session: Class initialized using 'CodeIgniter\Session\Handlers\FileHandler' driver.
INFO - 2025-07-17 11:18:08 --> Controller "App\Controllers\base\Dashboard" loaded.
INFO - 2025-07-17 11:18:18 --> Session: Class initialized using 'CodeIgniter\Session\Handlers\FileHandler' driver.
INFO - 2025-07-17 11:18:18 --> Controller "App\Controllers\base\Dashboard" loaded.
INFO - 2025-07-17 11:18:18 --> Session: Class initialized using 'CodeIgniter\Session\Handlers\FileHandler' driver.
INFO - 2025-07-17 11:18:18 --> Controller "App\Controllers\base\Dashboard" loaded.
INFO - 2025-07-17 11:21:56 --> Controller "CodeIgniter\CLI\CommandRunner" loaded.
INFO - 2025-07-17 11:22:00 --> Session: Class initialized using 'CodeIgniter\Session\Handlers\FileHandler' driver.
INFO - 2025-07-17 11:22:00 --> Controller "App\Controllers\base\Dashboard" loaded.
INFO - 2025-07-17 11:22:08 --> Session: Class initialized using 'CodeIgniter\Session\Handlers\FileHandler' driver.
INFO - 2025-07-17 11:22:08 --> Controller "App\Controllers\base\Dashboard" loaded.
INFO - 2025-07-17 11:22:08 --> Session: Class initialized using 'CodeIgniter\Session\Handlers\FileHandler' driver.
INFO - 2025-07-17 11:22:08 --> Controller "App\Controllers\base\Dashboard" loaded.
INFO - 2025-07-17 11:26:31 --> Session: Class initialized using 'CodeIgniter\Session\Handlers\FileHandler' driver.
INFO - 2025-07-17 11:26:31 --> Controller "App\Controllers\base\Dashboard" loaded.
INFO - 2025-07-17 11:26:31 --> Session: Class initialized using 'CodeIgniter\Session\Handlers\FileHandler' driver.
INFO - 2025-07-17 11:26:31 --> Controller "App\Controllers\base\Dashboard" loaded.
INFO - 2025-07-17 11:29:30 --> Session: Class initialized using 'CodeIgniter\Session\Handlers\FileHandler' driver.
INFO - 2025-07-17 11:29:30 --> Controller "App\Controllers\base\Dashboard" loaded.
INFO - 2025-07-17 11:29:30 --> Session: Class initialized using 'CodeIgniter\Session\Handlers\FileHandler' driver.
INFO - 2025-07-17 11:29:30 --> Controller "App\Controllers\base\Dashboard" loaded.
INFO - 2025-07-17 11:30:16 --> Session: Class initialized using 'CodeIgniter\Session\Handlers\FileHandler' driver.
INFO - 2025-07-17 11:30:16 --> Controller "App\Controllers\base\Dashboard" loaded.
INFO - 2025-07-17 11:30:16 --> Session: Class initialized using 'CodeIgniter\Session\Handlers\FileHandler' driver.
INFO - 2025-07-17 11:30:16 --> Controller "App\Controllers\base\Dashboard" loaded.
INFO - 2025-07-17 11:30:18 --> Controller "App\Controllers\base\Beranda" loaded.
INFO - 2025-07-17 11:34:21 --> Controller "App\Controllers\base\Beranda" loaded.
INFO - 2025-07-17 12:44:35 --> Controller "App\Controllers\base\Beranda" loaded.
INFO - 2025-07-17 12:44:36 --> Session: Class initialized using 'CodeIgniter\Session\Handlers\FileHandler' driver.
INFO - 2025-07-17 12:44:36 --> Controller "App\Controllers\base\Dashboard" loaded.
INFO - 2025-07-17 12:45:06 --> Session: Class initialized using 'CodeIgniter\Session\Handlers\FileHandler' driver.
INFO - 2025-07-17 12:45:06 --> Controller "App\Controllers\base\Dashboard" loaded.
INFO - 2025-07-17 12:45:06 --> Session: Class initialized using 'CodeIgniter\Session\Handlers\FileHandler' driver.
INFO - 2025-07-17 12:45:06 --> Controller "App\Controllers\base\Dashboard" loaded.
INFO - 2025-07-17 12:45:10 --> Controller "App\Controllers\base\Beranda" loaded.
INFO - 2025-07-17 13:07:31 --> Controller "CodeIgniter\CLI\CommandRunner" loaded.
INFO - 2025-07-17 13:07:33 --> Controller "App\Controllers\base\Beranda" loaded.
INFO - 2025-07-17 13:07:36 --> Session: Class initialized using 'CodeIgniter\Session\Handlers\FileHandler' driver.
INFO - 2025-07-17 13:07:36 --> Controller "App\Controllers\base\Dashboard" loaded.
INFO - 2025-07-17 13:08:13 --> Session: Class initialized using 'CodeIgniter\Session\Handlers\FileHandler' driver.
INFO - 2025-07-17 13:08:13 --> Controller "App\Controllers\base\Dashboard" loaded.
INFO - 2025-07-17 13:08:13 --> Session: Class initialized using 'CodeIgniter\Session\Handlers\FileHandler' driver.
INFO - 2025-07-17 13:08:13 --> Controller "App\Controllers\base\Dashboard" loaded.
INFO - 2025-07-17 13:10:45 --> Controller "CodeIgniter\CLI\CommandRunner" loaded.
INFO - 2025-07-17 13:10:47 --> Controller "App\Controllers\base\Beranda" loaded.
INFO - 2025-07-17 13:10:49 --> Controller "App\Controllers\base\Beranda" loaded.
INFO - 2025-07-17 13:10:50 --> Session: Class initialized using 'CodeIgniter\Session\Handlers\FileHandler' driver.
INFO - 2025-07-17 13:10:50 --> Controller "App\Controllers\base\Dashboard" loaded.
INFO - 2025-07-17 13:11:00 --> Session: Class initialized using 'CodeIgniter\Session\Handlers\FileHandler' driver.
INFO - 2025-07-17 13:11:00 --> Controller "App\Controllers\base\Dashboard" loaded.
INFO - 2025-07-17 13:11:00 --> Session: Class initialized using 'CodeIgniter\Session\Handlers\FileHandler' driver.
INFO - 2025-07-17 13:11:00 --> Controller "App\Controllers\base\Dashboard" loaded.
INFO - 2025-07-17 17:09:09 --> Controller "CodeIgniter\CLI\CommandRunner" loaded.
INFO - 2025-07-17 17:09:10 --> Controller "App\Controllers\base\Beranda" loaded.
INFO - 2025-07-17 17:09:18 --> Controller "App\Controllers\base\Beranda" loaded.
INFO - 2025-07-17 17:09:21 --> Session: Class initialized using 'CodeIgniter\Session\Handlers\FileHandler' driver.
INFO - 2025-07-17 17:09:21 --> Controller "App\Controllers\base\Dashboard" loaded.
INFO - 2025-07-17 17:10:28 --> Session: Class initialized using 'CodeIgniter\Session\Handlers\FileHandler' driver.
INFO - 2025-07-17 17:10:28 --> Controller "App\Controllers\base\Dashboard" loaded.
INFO - 2025-07-17 17:10:28 --> Session: Class initialized using 'CodeIgniter\Session\Handlers\FileHandler' driver.
INFO - 2025-07-17 17:10:28 --> Controller "App\Controllers\base\Dashboard" loaded.
INFO - 2025-07-17 17:10:39 --> Session: Class initialized using 'CodeIgniter\Session\Handlers\FileHandler' driver.
INFO - 2025-07-17 17:10:39 --> Controller "App\Controllers\admin\Admin" loaded.
INFO - 2025-07-17 17:11:30 --> Session: Class initialized using 'CodeIgniter\Session\Handlers\FileHandler' driver.
INFO - 2025-07-17 17:11:30 --> Controller "App\Controllers\admin\Admin" loaded.
INFO - 2025-07-17 17:11:49 --> Controller "App\Controllers\base\Beranda" loaded.
INFO - 2025-07-17 17:12:49 --> Session: Class initialized using 'CodeIgniter\Session\Handlers\FileHandler' driver.
INFO - 2025-07-17 17:12:49 --> Controller "App\Controllers\base\Dashboard" loaded.
INFO - 2025-07-17 17:12:50 --> Session: Class initialized using 'CodeIgniter\Session\Handlers\FileHandler' driver.
INFO - 2025-07-17 17:12:50 --> Controller "App\Controllers\base\Dashboard" loaded.
INFO - 2025-07-17 17:12:58 --> Session: Class initialized using 'CodeIgniter\Session\Handlers\FileHandler' driver.
INFO - 2025-07-17 17:12:58 --> Controller "App\Controllers\admin\Admin" loaded.
INFO - 2025-07-17 17:13:08 --> Session: Class initialized using 'CodeIgniter\Session\Handlers\FileHandler' driver.
INFO - 2025-07-17 17:13:08 --> Controller "App\Controllers\admin\Admin" loaded.
INFO - 2025-07-17 17:13:08 --> Session: Class initialized using 'CodeIgniter\Session\Handlers\FileHandler' driver.
INFO - 2025-07-17 17:13:08 --> Controller "App\Controllers\admin\Admin" loaded.
INFO - 2025-07-17 17:13:22 --> Controller "App\Controllers\base\Beranda" loaded.
INFO - 2025-07-17 17:13:23 --> Session: Class initialized using 'CodeIgniter\Session\Handlers\FileHandler' driver.
INFO - 2025-07-17 17:13:23 --> Controller "App\Controllers\base\Dashboard" loaded.
INFO - 2025-07-17 17:13:31 --> Session: Class initialized using 'CodeIgniter\Session\Handlers\FileHandler' driver.
INFO - 2025-07-17 17:13:31 --> Controller "App\Controllers\base\Dashboard" loaded.
INFO - 2025-07-17 17:13:31 --> Session: Class initialized using 'CodeIgniter\Session\Handlers\FileHandler' driver.
INFO - 2025-07-17 17:13:31 --> Controller "App\Controllers\base\Dashboard" loaded.
INFO - 2025-07-17 17:13:35 --> Session: Class initialized using 'CodeIgniter\Session\Handlers\FileHandler' driver.
INFO - 2025-07-17 17:13:35 --> Controller "App\Controllers\admin\Admin" loaded.
INFO - 2025-07-17 17:13:35 --> Session: Class initialized using 'CodeIgniter\Session\Handlers\FileHandler' driver.
INFO - 2025-07-17 17:13:35 --> Controller "App\Controllers\admin\Admin" loaded.
INFO - 2025-07-17 17:13:38 --> Session: Class initialized using 'CodeIgniter\Session\Handlers\FileHandler' driver.
INFO - 2025-07-17 17:13:38 --> Controller "App\Controllers\admin\Admin" loaded.
INFO - 2025-07-17 17:13:38 --> Session: Class initialized using 'CodeIgniter\Session\Handlers\FileHandler' driver.
INFO - 2025-07-17 17:13:38 --> Controller "App\Controllers\admin\Admin" loaded.
INFO - 2025-07-17 18:25:06 --> Session: Class initialized using 'CodeIgniter\Session\Handlers\FileHandler' driver.
INFO - 2025-07-17 18:25:06 --> Controller "App\Controllers\admin\Admin" loaded.
INFO - 2025-07-17 19:14:11 --> Session: Class initialized using 'CodeIgniter\Session\Handlers\FileHandler' driver.
INFO - 2025-07-17 19:14:11 --> Controller "App\Controllers\admin\Admin" loaded.
INFO - 2025-07-17 19:14:11 --> Session: Class initialized using 'CodeIgniter\Session\Handlers\FileHandler' driver.
INFO - 2025-07-17 19:14:11 --> Controller "App\Controllers\admin\Admin" loaded.
INFO - 2025-07-17 19:14:15 --> Session: Class initialized using 'CodeIgniter\Session\Handlers\FileHandler' driver.
INFO - 2025-07-17 19:14:15 --> Controller "App\Controllers\admin\Admin" loaded.
INFO - 2025-07-17 19:14:19 --> Session: Class initialized using 'CodeIgniter\Session\Handlers\FileHandler' driver.
INFO - 2025-07-17 19:14:19 --> Controller "App\Controllers\admin\Admin" loaded.
INFO - 2025-07-17 19:14:21 --> Session: Class initialized using 'CodeIgniter\Session\Handlers\FileHandler' driver.
INFO - 2025-07-17 19:14:21 --> Controller "App\Controllers\admin\Admin" loaded.
INFO - 2025-07-17 19:14:22 --> Session: Class initialized using 'CodeIgniter\Session\Handlers\FileHandler' driver.
INFO - 2025-07-17 19:14:22 --> Controller "App\Controllers\admin\Admin" loaded.
INFO - 2025-07-17 19:14:23 --> Session: Class initialized using 'CodeIgniter\Session\Handlers\FileHandler' driver.
INFO - 2025-07-17 19:14:23 --> Controller "App\Controllers\admin\Admin" loaded.
