INFO - 2025-07-21 03:18:54 --> Controller "CodeIgniter\CLI\CommandRunner" loaded.
INFO - 2025-07-21 03:18:56 --> Controller "App\Controllers\base\Beranda" loaded.
CRITICAL - 2025-07-21 03:19:00 --> No connection could be made because the target machine actively refused it.

#0 C:\xampp\htdocs\nikahkuy.xyz\system\Database\BaseConnection.php(377): CodeIgniter\Database\MySQLi\Connection->connect(false)
#1 C:\xampp\htdocs\nikahkuy.xyz\system\Database\BaseConnection.php(643): CodeIgniter\Database\BaseConnection->initialize()
#2 C:\xampp\htdocs\nikahkuy.xyz\system\Database\BaseBuilder.php(1819): CodeIgniter\Database\BaseConnection->query('SELECT `themes`...', Array, false)
#3 C:\xampp\htdocs\nikahkuy.xyz\app\Models\base\BerandaModel.php(44): CodeIgniter\Database\BaseBuilder->get()
#4 C:\xampp\htdocs\nikahkuy.xyz\app\Controllers\base\Beranda.php(35): App\Models\base\BerandaModel->get_all_themes()
#5 C:\xampp\htdocs\nikahkuy.xyz\system\CodeIgniter.php(910): App\Controllers\base\Beranda->index()
#6 C:\xampp\htdocs\nikahkuy.xyz\system\CodeIgniter.php(398): CodeIgniter\CodeIgniter->runController(Object(App\Controllers\base\Beranda))
#7 C:\xampp\htdocs\nikahkuy.xyz\system\CodeIgniter.php(306): CodeIgniter\CodeIgniter->handleRequest(NULL, Object(Config\Cache), false)
#8 C:\xampp\htdocs\nikahkuy.xyz\public\index.php(45): CodeIgniter\CodeIgniter->run()
#9 C:\xampp\htdocs\nikahkuy.xyz\system\Commands\Server\rewrite.php(34): require_once('C:\\xampp\\htdocs...')
#10 {main}
INFO - 2025-07-21 03:38:08 --> Controller "CodeIgniter\CLI\CommandRunner" loaded.
INFO - 2025-07-21 03:38:11 --> Controller "App\Controllers\base\Beranda" loaded.
INFO - 2025-07-21 03:38:16 --> Session: Class initialized using 'CodeIgniter\Session\Handlers\FileHandler' driver.
INFO - 2025-07-21 03:38:16 --> Controller "App\Controllers\base\Dashboard" loaded.
INFO - 2025-07-21 03:38:34 --> Session: Class initialized using 'CodeIgniter\Session\Handlers\FileHandler' driver.
INFO - 2025-07-21 03:38:34 --> Controller "App\Controllers\base\Dashboard" loaded.
INFO - 2025-07-21 03:38:34 --> Session: Class initialized using 'CodeIgniter\Session\Handlers\FileHandler' driver.
INFO - 2025-07-21 03:38:34 --> Controller "App\Controllers\base\Dashboard" loaded.
INFO - 2025-07-21 03:39:15 --> Session: Class initialized using 'CodeIgniter\Session\Handlers\FileHandler' driver.
INFO - 2025-07-21 03:39:15 --> Controller "App\Controllers\base\Dashboard" loaded.
INFO - 2025-07-21 03:40:31 --> Session: Class initialized using 'CodeIgniter\Session\Handlers\FileHandler' driver.
INFO - 2025-07-21 03:40:31 --> Controller "App\Controllers\base\Dashboard" loaded.
INFO - 2025-07-21 03:40:43 --> Session: Class initialized using 'CodeIgniter\Session\Handlers\FileHandler' driver.
INFO - 2025-07-21 03:40:43 --> Controller "App\Controllers\base\Dashboard" loaded.
INFO - 2025-07-21 03:40:43 --> Session: Class initialized using 'CodeIgniter\Session\Handlers\FileHandler' driver.
INFO - 2025-07-21 03:40:43 --> Controller "App\Controllers\base\Dashboard" loaded.
INFO - 2025-07-21 03:40:53 --> Session: Class initialized using 'CodeIgniter\Session\Handlers\FileHandler' driver.
INFO - 2025-07-21 03:40:53 --> Controller "App\Controllers\base\Dashboard" loaded.
INFO - 2025-07-21 03:41:05 --> Controller "App\Controllers\base\Beranda" loaded.
INFO - 2025-07-21 03:41:15 --> Controller "App\Controllers\base\Beranda" loaded.
INFO - 2025-07-21 03:41:41 --> Session: Class initialized using 'CodeIgniter\Session\Handlers\FileHandler' driver.
INFO - 2025-07-21 03:41:41 --> Controller "App\Controllers\base\Dashboard" loaded.
INFO - 2025-07-21 03:41:41 --> Controller "App\Controllers\base\Beranda" loaded.
INFO - 2025-07-21 03:41:41 --> Controller "App\Controllers\base\Beranda" loaded.
INFO - 2025-07-21 03:41:41 --> Controller "App\Controllers\base\Beranda" loaded.
INFO - 2025-07-21 03:41:49 --> Session: Class initialized using 'CodeIgniter\Session\Handlers\FileHandler' driver.
INFO - 2025-07-21 03:41:49 --> Controller "App\Controllers\base\Dashboard" loaded.
INFO - 2025-07-21 03:41:51 --> Session: Class initialized using 'CodeIgniter\Session\Handlers\FileHandler' driver.
INFO - 2025-07-21 03:41:51 --> Controller "App\Controllers\base\Dashboard" loaded.
INFO - 2025-07-21 03:41:52 --> Session: Class initialized using 'CodeIgniter\Session\Handlers\FileHandler' driver.
INFO - 2025-07-21 03:41:52 --> Controller "App\Controllers\base\Dashboard" loaded.
INFO - 2025-07-21 03:41:53 --> Session: Class initialized using 'CodeIgniter\Session\Handlers\FileHandler' driver.
INFO - 2025-07-21 03:41:53 --> Controller "App\Controllers\base\Dashboard" loaded.
INFO - 2025-07-21 03:41:56 --> Session: Class initialized using 'CodeIgniter\Session\Handlers\FileHandler' driver.
INFO - 2025-07-21 03:41:56 --> Controller "App\Controllers\base\Dashboard" loaded.
INFO - 2025-07-21 03:42:00 --> Session: Class initialized using 'CodeIgniter\Session\Handlers\FileHandler' driver.
INFO - 2025-07-21 03:42:00 --> Controller "App\Controllers\base\Dashboard" loaded.
INFO - 2025-07-21 03:42:00 --> Session: Class initialized using 'CodeIgniter\Session\Handlers\FileHandler' driver.
INFO - 2025-07-21 03:42:00 --> Controller "App\Controllers\base\Dashboard" loaded.
INFO - 2025-07-21 03:42:04 --> Session: Class initialized using 'CodeIgniter\Session\Handlers\FileHandler' driver.
INFO - 2025-07-21 03:42:04 --> Controller "App\Controllers\base\Dashboard" loaded.
INFO - 2025-07-21 03:42:04 --> Session: Class initialized using 'CodeIgniter\Session\Handlers\FileHandler' driver.
INFO - 2025-07-21 03:42:04 --> Controller "App\Controllers\base\Dashboard" loaded.
INFO - 2025-07-21 03:42:12 --> Session: Class initialized using 'CodeIgniter\Session\Handlers\FileHandler' driver.
INFO - 2025-07-21 03:42:12 --> Controller "App\Controllers\base\Dashboard" loaded.
INFO - 2025-07-21 03:42:14 --> Session: Class initialized using 'CodeIgniter\Session\Handlers\FileHandler' driver.
INFO - 2025-07-21 03:42:14 --> Controller "App\Controllers\base\Dashboard" loaded.
INFO - 2025-07-21 03:42:15 --> Session: Class initialized using 'CodeIgniter\Session\Handlers\FileHandler' driver.
INFO - 2025-07-21 03:42:15 --> Controller "App\Controllers\base\Dashboard" loaded.
INFO - 2025-07-21 03:42:16 --> Session: Class initialized using 'CodeIgniter\Session\Handlers\FileHandler' driver.
INFO - 2025-07-21 03:42:16 --> Controller "App\Controllers\base\Dashboard" loaded.
INFO - 2025-07-21 03:42:16 --> Session: Class initialized using 'CodeIgniter\Session\Handlers\FileHandler' driver.
INFO - 2025-07-21 03:42:16 --> Controller "App\Controllers\base\Dashboard" loaded.
INFO - 2025-07-21 03:42:16 --> Controller "App\Controllers\base\Beranda" loaded.
INFO - 2025-07-21 03:42:16 --> Controller "App\Controllers\base\Beranda" loaded.
INFO - 2025-07-21 03:42:16 --> Controller "App\Controllers\base\Beranda" loaded.
INFO - 2025-07-21 03:42:21 --> Session: Class initialized using 'CodeIgniter\Session\Handlers\FileHandler' driver.
INFO - 2025-07-21 03:42:21 --> Controller "App\Controllers\base\Dashboard" loaded.
INFO - 2025-07-21 03:42:23 --> Session: Class initialized using 'CodeIgniter\Session\Handlers\FileHandler' driver.
INFO - 2025-07-21 03:42:23 --> Controller "App\Controllers\base\Dashboard" loaded.
INFO - 2025-07-21 03:42:23 --> Controller "App\Controllers\base\Beranda" loaded.
INFO - 2025-07-21 03:42:25 --> Session: Class initialized using 'CodeIgniter\Session\Handlers\FileHandler' driver.
INFO - 2025-07-21 03:42:25 --> Controller "App\Controllers\base\Dashboard" loaded.
INFO - 2025-07-21 03:42:27 --> Session: Class initialized using 'CodeIgniter\Session\Handlers\FileHandler' driver.
INFO - 2025-07-21 03:42:27 --> Controller "App\Controllers\base\Dashboard" loaded.
INFO - 2025-07-21 03:42:57 --> Session: Class initialized using 'CodeIgniter\Session\Handlers\FileHandler' driver.
INFO - 2025-07-21 03:42:57 --> Controller "App\Controllers\base\Dashboard" loaded.
INFO - 2025-07-21 03:42:57 --> Session: Class initialized using 'CodeIgniter\Session\Handlers\FileHandler' driver.
INFO - 2025-07-21 03:42:57 --> Controller "App\Controllers\base\Dashboard" loaded.
INFO - 2025-07-21 03:42:59 --> Controller "App\Controllers\base\Beranda" loaded.
INFO - 2025-07-21 03:43:10 --> Controller "App\Controllers\base\Beranda" loaded.
INFO - 2025-07-21 03:43:11 --> Controller "App\Controllers\base\Beranda" loaded.
INFO - 2025-07-21 03:43:14 --> Session: Class initialized using 'CodeIgniter\Session\Handlers\FileHandler' driver.
INFO - 2025-07-21 03:43:14 --> Controller "App\Controllers\base\Dashboard" loaded.
INFO - 2025-07-21 03:43:14 --> Controller "App\Controllers\base\Beranda" loaded.
INFO - 2025-07-21 03:43:14 --> Controller "App\Controllers\base\Beranda" loaded.
INFO - 2025-07-21 03:43:22 --> Session: Class initialized using 'CodeIgniter\Session\Handlers\FileHandler' driver.
INFO - 2025-07-21 03:43:22 --> Controller "App\Controllers\base\Dashboard" loaded.
INFO - 2025-07-21 03:43:22 --> Session: Class initialized using 'CodeIgniter\Session\Handlers\FileHandler' driver.
INFO - 2025-07-21 03:43:22 --> Controller "App\Controllers\base\Dashboard" loaded.
INFO - 2025-07-21 03:43:22 --> Controller "App\Controllers\base\Beranda" loaded.
INFO - 2025-07-21 03:43:22 --> Controller "App\Controllers\base\Beranda" loaded.
INFO - 2025-07-21 03:43:31 --> Controller "App\Controllers\base\Beranda" loaded.
INFO - 2025-07-21 03:43:39 --> Controller "App\Controllers\base\Beranda" loaded.
INFO - 2025-07-21 03:44:47 --> Session: Class initialized using 'CodeIgniter\Session\Handlers\FileHandler' driver.
INFO - 2025-07-21 03:44:47 --> Controller "App\Controllers\base\Dashboard" loaded.
INFO - 2025-07-21 03:44:47 --> Controller "App\Controllers\base\Beranda" loaded.
INFO - 2025-07-21 03:44:48 --> Controller "App\Controllers\base\Beranda" loaded.
INFO - 2025-07-21 03:44:52 --> Session: Class initialized using 'CodeIgniter\Session\Handlers\FileHandler' driver.
INFO - 2025-07-21 03:44:52 --> Controller "App\Controllers\base\Dashboard" loaded.
INFO - 2025-07-21 03:45:02 --> Session: Class initialized using 'CodeIgniter\Session\Handlers\FileHandler' driver.
INFO - 2025-07-21 03:45:02 --> Controller "App\Controllers\base\Dashboard" loaded.
CRITICAL - 2025-07-21 03:45:02 --> The ServerKey/ClientKey is null, You need to set the server-key from Config. Please double-check Config and ServerKey key. You can check from the Midtrans Dashboard. See https://docs.midtrans.com/en/midtrans-account/overview?id=retrieving-api-access-keys for the details or contact support at support@midtrans.com if you have any questions.
#0 C:\xampp\htdocs\nikahkuy.xyz\vendor\midtrans\midtrans-php\Midtrans\ApiRequestor.php(39): Midtrans\ApiRequestor::remoteCall('https://app.mid...', '', Array, 'POST')
#1 C:\xampp\htdocs\nikahkuy.xyz\vendor\midtrans\midtrans-php\Midtrans\Snap.php(109): Midtrans\ApiRequestor::post('https://app.mid...', '', Array)
#2 C:\xampp\htdocs\nikahkuy.xyz\vendor\midtrans\midtrans-php\Midtrans\Snap.php(36): Midtrans\Snap::createTransaction(Array)
#3 C:\xampp\htdocs\nikahkuy.xyz\app\Controllers\base\Dashboard.php(1500): Midtrans\Snap::getSnapToken(Array)
#4 C:\xampp\htdocs\nikahkuy.xyz\system\CodeIgniter.php(910): App\Controllers\base\Dashboard->token()
#5 C:\xampp\htdocs\nikahkuy.xyz\system\CodeIgniter.php(398): CodeIgniter\CodeIgniter->runController(Object(App\Controllers\base\Dashboard))
#6 C:\xampp\htdocs\nikahkuy.xyz\system\CodeIgniter.php(306): CodeIgniter\CodeIgniter->handleRequest(NULL, Object(Config\Cache), false)
#7 C:\xampp\htdocs\nikahkuy.xyz\public\index.php(45): CodeIgniter\CodeIgniter->run()
#8 C:\xampp\htdocs\nikahkuy.xyz\system\Commands\Server\rewrite.php(34): require_once('C:\\xampp\\htdocs...')
#9 {main}
INFO - 2025-07-21 03:45:14 --> Session: Class initialized using 'CodeIgniter\Session\Handlers\FileHandler' driver.
INFO - 2025-07-21 03:45:14 --> Controller "App\Controllers\admin\Admin" loaded.
INFO - 2025-07-21 03:45:17 --> Session: Class initialized using 'CodeIgniter\Session\Handlers\FileHandler' driver.
INFO - 2025-07-21 03:45:17 --> Controller "App\Controllers\admin\Admin" loaded.
INFO - 2025-07-21 03:45:22 --> Session: Class initialized using 'CodeIgniter\Session\Handlers\FileHandler' driver.
INFO - 2025-07-21 03:45:22 --> Controller "App\Controllers\admin\Admin" loaded.
INFO - 2025-07-21 03:45:22 --> Session: Class initialized using 'CodeIgniter\Session\Handlers\FileHandler' driver.
INFO - 2025-07-21 03:45:22 --> Controller "App\Controllers\admin\Admin" loaded.
INFO - 2025-07-21 03:45:27 --> Session: Class initialized using 'CodeIgniter\Session\Handlers\FileHandler' driver.
INFO - 2025-07-21 03:45:27 --> Controller "App\Controllers\admin\Admin" loaded.
INFO - 2025-07-21 03:45:29 --> Session: Class initialized using 'CodeIgniter\Session\Handlers\FileHandler' driver.
INFO - 2025-07-21 03:45:29 --> Controller "App\Controllers\admin\Admin" loaded.
INFO - 2025-07-21 03:45:32 --> Session: Class initialized using 'CodeIgniter\Session\Handlers\FileHandler' driver.
INFO - 2025-07-21 03:45:32 --> Controller "App\Controllers\admin\Admin" loaded.
INFO - 2025-07-21 03:45:32 --> Session: Class initialized using 'CodeIgniter\Session\Handlers\FileHandler' driver.
INFO - 2025-07-21 03:45:32 --> Controller "App\Controllers\admin\Admin" loaded.
INFO - 2025-07-21 03:45:40 --> Session: Class initialized using 'CodeIgniter\Session\Handlers\FileHandler' driver.
INFO - 2025-07-21 03:45:40 --> Controller "App\Controllers\base\Dashboard" loaded.
INFO - 2025-07-21 03:45:42 --> Session: Class initialized using 'CodeIgniter\Session\Handlers\FileHandler' driver.
INFO - 2025-07-21 03:45:42 --> Controller "App\Controllers\base\Dashboard" loaded.
INFO - 2025-07-21 03:45:42 --> Session: Class initialized using 'CodeIgniter\Session\Handlers\FileHandler' driver.
INFO - 2025-07-21 03:45:42 --> Controller "App\Controllers\base\Dashboard" loaded.
INFO - 2025-07-21 03:45:43 --> Session: Class initialized using 'CodeIgniter\Session\Handlers\FileHandler' driver.
INFO - 2025-07-21 03:45:43 --> Controller "App\Controllers\base\Dashboard" loaded.
INFO - 2025-07-21 03:45:44 --> Session: Class initialized using 'CodeIgniter\Session\Handlers\FileHandler' driver.
INFO - 2025-07-21 03:45:44 --> Controller "App\Controllers\base\Dashboard" loaded.
INFO - 2025-07-21 03:45:46 --> Session: Class initialized using 'CodeIgniter\Session\Handlers\FileHandler' driver.
INFO - 2025-07-21 03:45:46 --> Controller "App\Controllers\base\Dashboard" loaded.
INFO - 2025-07-21 03:45:46 --> Session: Class initialized using 'CodeIgniter\Session\Handlers\FileHandler' driver.
INFO - 2025-07-21 03:45:46 --> Controller "App\Controllers\base\Dashboard" loaded.
INFO - 2025-07-21 03:45:47 --> Session: Class initialized using 'CodeIgniter\Session\Handlers\FileHandler' driver.
INFO - 2025-07-21 03:45:47 --> Controller "App\Controllers\base\Dashboard" loaded.
INFO - 2025-07-21 03:45:48 --> Session: Class initialized using 'CodeIgniter\Session\Handlers\FileHandler' driver.
INFO - 2025-07-21 03:45:48 --> Controller "App\Controllers\base\Dashboard" loaded.
INFO - 2025-07-21 03:45:50 --> Session: Class initialized using 'CodeIgniter\Session\Handlers\FileHandler' driver.
INFO - 2025-07-21 03:45:50 --> Controller "App\Controllers\admin\Admin" loaded.
INFO - 2025-07-21 03:45:51 --> Session: Class initialized using 'CodeIgniter\Session\Handlers\FileHandler' driver.
INFO - 2025-07-21 03:45:51 --> Controller "App\Controllers\admin\Admin" loaded.
INFO - 2025-07-21 03:45:52 --> Session: Class initialized using 'CodeIgniter\Session\Handlers\FileHandler' driver.
INFO - 2025-07-21 03:45:52 --> Controller "App\Controllers\admin\Admin" loaded.
INFO - 2025-07-21 03:45:55 --> Session: Class initialized using 'CodeIgniter\Session\Handlers\FileHandler' driver.
INFO - 2025-07-21 03:45:55 --> Controller "App\Controllers\admin\Admin" loaded.
INFO - 2025-07-21 03:46:03 --> Session: Class initialized using 'CodeIgniter\Session\Handlers\FileHandler' driver.
INFO - 2025-07-21 03:46:03 --> Controller "App\Controllers\base\Dashboard" loaded.
INFO - 2025-07-21 03:46:11 --> Session: Class initialized using 'CodeIgniter\Session\Handlers\FileHandler' driver.
INFO - 2025-07-21 03:46:11 --> Controller "App\Controllers\base\Dashboard" loaded.
CRITICAL - 2025-07-21 03:46:11 --> The ServerKey/ClientKey is null, You need to set the server-key from Config. Please double-check Config and ServerKey key. You can check from the Midtrans Dashboard. See https://docs.midtrans.com/en/midtrans-account/overview?id=retrieving-api-access-keys for the details or contact support at support@midtrans.com if you have any questions.
#0 C:\xampp\htdocs\nikahkuy.xyz\vendor\midtrans\midtrans-php\Midtrans\ApiRequestor.php(39): Midtrans\ApiRequestor::remoteCall('https://app.mid...', '', Array, 'POST')
#1 C:\xampp\htdocs\nikahkuy.xyz\vendor\midtrans\midtrans-php\Midtrans\Snap.php(109): Midtrans\ApiRequestor::post('https://app.mid...', '', Array)
#2 C:\xampp\htdocs\nikahkuy.xyz\vendor\midtrans\midtrans-php\Midtrans\Snap.php(36): Midtrans\Snap::createTransaction(Array)
#3 C:\xampp\htdocs\nikahkuy.xyz\app\Controllers\base\Dashboard.php(1500): Midtrans\Snap::getSnapToken(Array)
#4 C:\xampp\htdocs\nikahkuy.xyz\system\CodeIgniter.php(910): App\Controllers\base\Dashboard->token()
#5 C:\xampp\htdocs\nikahkuy.xyz\system\CodeIgniter.php(398): CodeIgniter\CodeIgniter->runController(Object(App\Controllers\base\Dashboard))
#6 C:\xampp\htdocs\nikahkuy.xyz\system\CodeIgniter.php(306): CodeIgniter\CodeIgniter->handleRequest(NULL, Object(Config\Cache), false)
#7 C:\xampp\htdocs\nikahkuy.xyz\public\index.php(45): CodeIgniter\CodeIgniter->run()
#8 C:\xampp\htdocs\nikahkuy.xyz\system\Commands\Server\rewrite.php(34): require_once('C:\\xampp\\htdocs...')
#9 {main}
INFO - 2025-07-21 03:46:18 --> Controller "App\Controllers\base\Beranda" loaded.
INFO - 2025-07-21 03:46:19 --> Controller "App\Controllers\base\Beranda" loaded.
INFO - 2025-07-21 03:46:26 --> Session: Class initialized using 'CodeIgniter\Session\Handlers\FileHandler' driver.
INFO - 2025-07-21 03:46:26 --> Controller "App\Controllers\base\Dashboard" loaded.
INFO - 2025-07-21 03:46:26 --> Controller "App\Controllers\base\Beranda" loaded.
INFO - 2025-07-21 03:46:26 --> Controller "App\Controllers\base\Beranda" loaded.
INFO - 2025-07-21 03:46:29 --> Session: Class initialized using 'CodeIgniter\Session\Handlers\FileHandler' driver.
INFO - 2025-07-21 03:46:29 --> Controller "App\Controllers\base\Dashboard" loaded.
CRITICAL - 2025-07-21 03:46:29 --> The ServerKey/ClientKey is null, You need to set the server-key from Config. Please double-check Config and ServerKey key. You can check from the Midtrans Dashboard. See https://docs.midtrans.com/en/midtrans-account/overview?id=retrieving-api-access-keys for the details or contact support at support@midtrans.com if you have any questions.
#0 C:\xampp\htdocs\nikahkuy.xyz\vendor\midtrans\midtrans-php\Midtrans\ApiRequestor.php(39): Midtrans\ApiRequestor::remoteCall('https://app.mid...', '', Array, 'POST')
#1 C:\xampp\htdocs\nikahkuy.xyz\vendor\midtrans\midtrans-php\Midtrans\Snap.php(109): Midtrans\ApiRequestor::post('https://app.mid...', '', Array)
#2 C:\xampp\htdocs\nikahkuy.xyz\vendor\midtrans\midtrans-php\Midtrans\Snap.php(36): Midtrans\Snap::createTransaction(Array)
#3 C:\xampp\htdocs\nikahkuy.xyz\app\Controllers\base\Dashboard.php(1500): Midtrans\Snap::getSnapToken(Array)
#4 C:\xampp\htdocs\nikahkuy.xyz\system\CodeIgniter.php(910): App\Controllers\base\Dashboard->token()
#5 C:\xampp\htdocs\nikahkuy.xyz\system\CodeIgniter.php(398): CodeIgniter\CodeIgniter->runController(Object(App\Controllers\base\Dashboard))
#6 C:\xampp\htdocs\nikahkuy.xyz\system\CodeIgniter.php(306): CodeIgniter\CodeIgniter->handleRequest(NULL, Object(Config\Cache), false)
#7 C:\xampp\htdocs\nikahkuy.xyz\public\index.php(45): CodeIgniter\CodeIgniter->run()
#8 C:\xampp\htdocs\nikahkuy.xyz\system\Commands\Server\rewrite.php(34): require_once('C:\\xampp\\htdocs...')
#9 {main}
INFO - 2025-07-21 03:46:52 --> Session: Class initialized using 'CodeIgniter\Session\Handlers\FileHandler' driver.
INFO - 2025-07-21 03:46:52 --> Controller "App\Controllers\base\Dashboard" loaded.
INFO - 2025-07-21 03:46:52 --> Session: Class initialized using 'CodeIgniter\Session\Handlers\FileHandler' driver.
INFO - 2025-07-21 03:46:52 --> Controller "App\Controllers\base\Dashboard" loaded.
INFO - 2025-07-21 03:47:10 --> Session: Class initialized using 'CodeIgniter\Session\Handlers\FileHandler' driver.
INFO - 2025-07-21 03:47:10 --> Controller "App\Controllers\base\Dashboard" loaded.
INFO - 2025-07-21 03:47:10 --> Session: Class initialized using 'CodeIgniter\Session\Handlers\FileHandler' driver.
INFO - 2025-07-21 03:47:10 --> Controller "App\Controllers\base\Dashboard" loaded.
INFO - 2025-07-21 03:47:16 --> Session: Class initialized using 'CodeIgniter\Session\Handlers\FileHandler' driver.
INFO - 2025-07-21 03:47:16 --> Controller "App\Controllers\admin\Admin" loaded.
INFO - 2025-07-21 03:47:21 --> Session: Class initialized using 'CodeIgniter\Session\Handlers\FileHandler' driver.
INFO - 2025-07-21 03:47:21 --> Controller "App\Controllers\admin\Admin" loaded.
INFO - 2025-07-21 03:47:22 --> Session: Class initialized using 'CodeIgniter\Session\Handlers\FileHandler' driver.
INFO - 2025-07-21 03:47:22 --> Controller "App\Controllers\admin\Admin" loaded.
INFO - 2025-07-21 03:47:26 --> Session: Class initialized using 'CodeIgniter\Session\Handlers\FileHandler' driver.
INFO - 2025-07-21 03:47:26 --> Controller "App\Controllers\base\Dashboard" loaded.
INFO - 2025-07-21 03:47:28 --> Session: Class initialized using 'CodeIgniter\Session\Handlers\FileHandler' driver.
INFO - 2025-07-21 03:47:28 --> Controller "App\Controllers\base\Dashboard" loaded.
INFO - 2025-07-21 03:47:31 --> Session: Class initialized using 'CodeIgniter\Session\Handlers\FileHandler' driver.
INFO - 2025-07-21 03:47:31 --> Controller "App\Controllers\base\Dashboard" loaded.
INFO - 2025-07-21 03:47:38 --> Session: Class initialized using 'CodeIgniter\Session\Handlers\FileHandler' driver.
INFO - 2025-07-21 03:47:38 --> Controller "App\Controllers\undangan\Undangan" loaded.
INFO - 2025-07-21 03:47:43 --> Session: Class initialized using 'CodeIgniter\Session\Handlers\FileHandler' driver.
INFO - 2025-07-21 03:47:43 --> Controller "App\Controllers\undangan\Undangan" loaded.
INFO - 2025-07-21 03:47:43 --> Session: Class initialized using 'CodeIgniter\Session\Handlers\FileHandler' driver.
INFO - 2025-07-21 03:47:43 --> Controller "App\Controllers\undangan\Undangan" loaded.
INFO - 2025-07-21 03:47:43 --> Session: Class initialized using 'CodeIgniter\Session\Handlers\FileHandler' driver.
INFO - 2025-07-21 03:47:43 --> Controller "App\Controllers\undangan\Undangan" loaded.
INFO - 2025-07-21 03:47:43 --> Session: Class initialized using 'CodeIgniter\Session\Handlers\FileHandler' driver.
INFO - 2025-07-21 03:47:43 --> Controller "App\Controllers\undangan\Undangan" loaded.
INFO - 2025-07-21 03:47:44 --> Session: Class initialized using 'CodeIgniter\Session\Handlers\FileHandler' driver.
INFO - 2025-07-21 03:47:44 --> Controller "App\Controllers\undangan\Undangan" loaded.
INFO - 2025-07-21 03:54:39 --> Session: Class initialized using 'CodeIgniter\Session\Handlers\FileHandler' driver.
INFO - 2025-07-21 03:54:39 --> Controller "App\Controllers\admin\Admin" loaded.
INFO - 2025-07-21 04:07:43 --> Session: Class initialized using 'CodeIgniter\Session\Handlers\FileHandler' driver.
INFO - 2025-07-21 04:07:43 --> Controller "App\Controllers\base\Dashboard" loaded.
INFO - 2025-07-21 04:09:55 --> Controller "App\Controllers\base\Beranda" loaded.
INFO - 2025-07-21 04:10:18 --> Controller "App\Controllers\base\Beranda" loaded.
INFO - 2025-07-21 04:10:56 --> Controller "App\Controllers\base\Beranda" loaded.
INFO - 2025-07-21 04:10:56 --> Controller "App\Controllers\base\Beranda" loaded.
INFO - 2025-07-21 04:11:26 --> Controller "App\Controllers\base\Beranda" loaded.
INFO - 2025-07-21 04:11:49 --> Controller "App\Controllers\base\Beranda" loaded.
INFO - 2025-07-21 04:11:49 --> Controller "App\Controllers\base\Beranda" loaded.
INFO - 2025-07-21 04:12:33 --> Controller "App\Controllers\base\Beranda" loaded.
INFO - 2025-07-21 04:18:39 --> Session: Class initialized using 'CodeIgniter\Session\Handlers\FileHandler' driver.
INFO - 2025-07-21 04:18:39 --> Controller "App\Controllers\base\Dashboard" loaded.
INFO - 2025-07-21 04:18:40 --> Session: Class initialized using 'CodeIgniter\Session\Handlers\FileHandler' driver.
INFO - 2025-07-21 04:18:40 --> Controller "App\Controllers\base\Dashboard" loaded.
INFO - 2025-07-21 04:19:38 --> Controller "App\Controllers\base\Beranda" loaded.
INFO - 2025-07-21 04:19:54 --> Session: Class initialized using 'CodeIgniter\Session\Handlers\FileHandler' driver.
INFO - 2025-07-21 04:19:54 --> Controller "App\Controllers\undangan\Undangan" loaded.
INFO - 2025-07-21 04:19:56 --> Session: Class initialized using 'CodeIgniter\Session\Handlers\FileHandler' driver.
INFO - 2025-07-21 04:19:56 --> Controller "App\Controllers\undangan\Undangan" loaded.
INFO - 2025-07-21 04:19:56 --> Session: Class initialized using 'CodeIgniter\Session\Handlers\FileHandler' driver.
INFO - 2025-07-21 04:19:56 --> Controller "App\Controllers\undangan\Undangan" loaded.
INFO - 2025-07-21 04:19:56 --> Session: Class initialized using 'CodeIgniter\Session\Handlers\FileHandler' driver.
INFO - 2025-07-21 04:19:56 --> Controller "App\Controllers\undangan\Undangan" loaded.
INFO - 2025-07-21 04:19:56 --> Session: Class initialized using 'CodeIgniter\Session\Handlers\FileHandler' driver.
INFO - 2025-07-21 04:19:56 --> Controller "App\Controllers\undangan\Undangan" loaded.
INFO - 2025-07-21 04:19:57 --> Session: Class initialized using 'CodeIgniter\Session\Handlers\FileHandler' driver.
INFO - 2025-07-21 04:19:57 --> Controller "App\Controllers\undangan\Undangan" loaded.
INFO - 2025-07-21 04:20:09 --> Session: Class initialized using 'CodeIgniter\Session\Handlers\FileHandler' driver.
INFO - 2025-07-21 04:20:09 --> Controller "App\Controllers\base\Dashboard" loaded.
INFO - 2025-07-21 04:20:10 --> Session: Class initialized using 'CodeIgniter\Session\Handlers\FileHandler' driver.
INFO - 2025-07-21 04:20:10 --> Controller "App\Controllers\base\Dashboard" loaded.
INFO - 2025-07-21 04:20:17 --> Session: Class initialized using 'CodeIgniter\Session\Handlers\FileHandler' driver.
INFO - 2025-07-21 04:20:17 --> Controller "App\Controllers\base\Dashboard" loaded.
INFO - 2025-07-21 04:20:17 --> Session: Class initialized using 'CodeIgniter\Session\Handlers\FileHandler' driver.
INFO - 2025-07-21 04:20:17 --> Controller "App\Controllers\base\Dashboard" loaded.
INFO - 2025-07-21 04:20:24 --> Session: Class initialized using 'CodeIgniter\Session\Handlers\FileHandler' driver.
INFO - 2025-07-21 04:20:24 --> Controller "App\Controllers\undangan\Undangan" loaded.
INFO - 2025-07-21 04:20:29 --> Session: Class initialized using 'CodeIgniter\Session\Handlers\FileHandler' driver.
INFO - 2025-07-21 04:20:29 --> Controller "App\Controllers\undangan\Undangan" loaded.
INFO - 2025-07-21 04:20:33 --> Session: Class initialized using 'CodeIgniter\Session\Handlers\FileHandler' driver.
INFO - 2025-07-21 04:20:33 --> Controller "App\Controllers\undangan\Undangan" loaded.
INFO - 2025-07-21 04:20:33 --> Session: Class initialized using 'CodeIgniter\Session\Handlers\FileHandler' driver.
INFO - 2025-07-21 04:20:33 --> Controller "App\Controllers\undangan\Undangan" loaded.
INFO - 2025-07-21 04:20:33 --> Session: Class initialized using 'CodeIgniter\Session\Handlers\FileHandler' driver.
INFO - 2025-07-21 04:20:33 --> Controller "App\Controllers\undangan\Undangan" loaded.
INFO - 2025-07-21 04:20:33 --> Session: Class initialized using 'CodeIgniter\Session\Handlers\FileHandler' driver.
INFO - 2025-07-21 04:20:33 --> Controller "App\Controllers\undangan\Undangan" loaded.
INFO - 2025-07-21 04:20:34 --> Session: Class initialized using 'CodeIgniter\Session\Handlers\FileHandler' driver.
INFO - 2025-07-21 04:20:34 --> Controller "App\Controllers\undangan\Undangan" loaded.
INFO - 2025-07-21 04:20:36 --> Session: Class initialized using 'CodeIgniter\Session\Handlers\FileHandler' driver.
INFO - 2025-07-21 04:20:36 --> Controller "App\Controllers\undangan\Undangan" loaded.
INFO - 2025-07-21 04:20:36 --> Session: Class initialized using 'CodeIgniter\Session\Handlers\FileHandler' driver.
INFO - 2025-07-21 04:20:36 --> Controller "App\Controllers\undangan\Undangan" loaded.
INFO - 2025-07-21 04:20:37 --> Session: Class initialized using 'CodeIgniter\Session\Handlers\FileHandler' driver.
INFO - 2025-07-21 04:20:37 --> Controller "App\Controllers\undangan\Undangan" loaded.
INFO - 2025-07-21 04:20:41 --> Session: Class initialized using 'CodeIgniter\Session\Handlers\FileHandler' driver.
INFO - 2025-07-21 04:20:41 --> Controller "App\Controllers\undangan\Undangan" loaded.
INFO - 2025-07-21 04:20:42 --> Session: Class initialized using 'CodeIgniter\Session\Handlers\FileHandler' driver.
INFO - 2025-07-21 04:20:42 --> Controller "App\Controllers\undangan\Undangan" loaded.
INFO - 2025-07-21 04:20:43 --> Session: Class initialized using 'CodeIgniter\Session\Handlers\FileHandler' driver.
INFO - 2025-07-21 04:20:43 --> Controller "App\Controllers\undangan\Undangan" loaded.
INFO - 2025-07-21 04:20:47 --> Session: Class initialized using 'CodeIgniter\Session\Handlers\FileHandler' driver.
INFO - 2025-07-21 04:20:47 --> Controller "App\Controllers\base\Dashboard" loaded.
INFO - 2025-07-21 04:20:49 --> Session: Class initialized using 'CodeIgniter\Session\Handlers\FileHandler' driver.
INFO - 2025-07-21 04:20:49 --> Controller "App\Controllers\base\Dashboard" loaded.
INFO - 2025-07-21 04:20:49 --> Controller "App\Controllers\base\Beranda" loaded.
INFO - 2025-07-21 04:20:49 --> Controller "App\Controllers\base\Beranda" loaded.
INFO - 2025-07-21 04:20:49 --> Controller "App\Controllers\base\Beranda" loaded.
INFO - 2025-07-21 04:20:58 --> Session: Class initialized using 'CodeIgniter\Session\Handlers\FileHandler' driver.
INFO - 2025-07-21 04:20:58 --> Controller "App\Controllers\base\Dashboard" loaded.
INFO - 2025-07-21 04:21:01 --> Session: Class initialized using 'CodeIgniter\Session\Handlers\FileHandler' driver.
INFO - 2025-07-21 04:21:01 --> Controller "App\Controllers\base\Dashboard" loaded.
INFO - 2025-07-21 04:22:06 --> Session: Class initialized using 'CodeIgniter\Session\Handlers\FileHandler' driver.
INFO - 2025-07-21 04:22:06 --> Controller "App\Controllers\base\Dashboard" loaded.
INFO - 2025-07-21 04:22:56 --> Session: Class initialized using 'CodeIgniter\Session\Handlers\FileHandler' driver.
INFO - 2025-07-21 04:22:56 --> Controller "App\Controllers\admin\Admin" loaded.
INFO - 2025-07-21 04:23:08 --> Session: Class initialized using 'CodeIgniter\Session\Handlers\FileHandler' driver.
INFO - 2025-07-21 04:23:08 --> Controller "App\Controllers\base\Dashboard" loaded.
INFO - 2025-07-21 04:23:12 --> Session: Class initialized using 'CodeIgniter\Session\Handlers\FileHandler' driver.
INFO - 2025-07-21 04:23:12 --> Controller "App\Controllers\base\Dashboard" loaded.
INFO - 2025-07-21 04:23:15 --> Session: Class initialized using 'CodeIgniter\Session\Handlers\FileHandler' driver.
INFO - 2025-07-21 04:23:15 --> Controller "App\Controllers\base\Dashboard" loaded.
INFO - 2025-07-21 04:23:22 --> Session: Class initialized using 'CodeIgniter\Session\Handlers\FileHandler' driver.
INFO - 2025-07-21 04:23:22 --> Controller "App\Controllers\base\Dashboard" loaded.
INFO - 2025-07-21 04:23:26 --> Session: Class initialized using 'CodeIgniter\Session\Handlers\FileHandler' driver.
INFO - 2025-07-21 04:23:26 --> Controller "App\Controllers\base\Dashboard" loaded.
INFO - 2025-07-21 04:23:27 --> Session: Class initialized using 'CodeIgniter\Session\Handlers\FileHandler' driver.
INFO - 2025-07-21 04:23:27 --> Controller "App\Controllers\base\Dashboard" loaded.
INFO - 2025-07-21 04:23:27 --> Controller "App\Controllers\base\Beranda" loaded.
INFO - 2025-07-21 04:26:10 --> Controller "App\Controllers\base\Beranda" loaded.
INFO - 2025-07-21 04:26:20 --> Controller "App\Controllers\base\Beranda" loaded.
INFO - 2025-07-21 04:26:26 --> Controller "App\Controllers\base\Beranda" loaded.
INFO - 2025-07-21 04:26:29 --> Controller "App\Controllers\base\Beranda" loaded.
INFO - 2025-07-21 04:26:30 --> Controller "App\Controllers\base\Beranda" loaded.
INFO - 2025-07-21 04:26:32 --> Controller "App\Controllers\base\Beranda" loaded.
INFO - 2025-07-21 04:26:37 --> Controller "App\Controllers\base\Beranda" loaded.
INFO - 2025-07-21 04:27:41 --> Controller "App\Controllers\base\Beranda" loaded.
INFO - 2025-07-21 04:31:03 --> Controller "App\Controllers\base\Beranda" loaded.
INFO - 2025-07-21 04:31:39 --> Controller "App\Controllers\base\Beranda" loaded.
INFO - 2025-07-21 04:31:47 --> Controller "App\Controllers\base\Beranda" loaded.
INFO - 2025-07-21 04:32:25 --> Controller "App\Controllers\base\Beranda" loaded.
INFO - 2025-07-21 04:46:56 --> Controller "App\Controllers\base\Beranda" loaded.
INFO - 2025-07-21 04:46:57 --> Controller "App\Controllers\base\Beranda" loaded.
INFO - 2025-07-21 04:47:00 --> Controller "App\Controllers\base\Beranda" loaded.
INFO - 2025-07-21 04:47:02 --> Controller "App\Controllers\base\Beranda" loaded.
INFO - 2025-07-21 04:47:04 --> Controller "App\Controllers\base\Beranda" loaded.
INFO - 2025-07-21 04:47:53 --> Session: Class initialized using 'CodeIgniter\Session\Handlers\FileHandler' driver.
INFO - 2025-07-21 04:47:53 --> Controller "App\Controllers\admin\Admin" loaded.
INFO - 2025-07-21 04:52:16 --> Session: Class initialized using 'CodeIgniter\Session\Handlers\FileHandler' driver.
INFO - 2025-07-21 04:52:16 --> Controller "App\Controllers\base\Dashboard" loaded.
INFO - 2025-07-21 04:52:16 --> Session: Class initialized using 'CodeIgniter\Session\Handlers\FileHandler' driver.
INFO - 2025-07-21 04:52:16 --> Controller "App\Controllers\base\Dashboard" loaded.
INFO - 2025-07-21 04:52:24 --> Session: Class initialized using 'CodeIgniter\Session\Handlers\FileHandler' driver.
INFO - 2025-07-21 04:52:24 --> Controller "App\Controllers\base\Dashboard" loaded.
INFO - 2025-07-21 04:52:24 --> Session: Class initialized using 'CodeIgniter\Session\Handlers\FileHandler' driver.
INFO - 2025-07-21 04:52:24 --> Controller "App\Controllers\base\Dashboard" loaded.
INFO - 2025-07-21 04:52:54 --> Session: Class initialized using 'CodeIgniter\Session\Handlers\FileHandler' driver.
INFO - 2025-07-21 04:52:54 --> Controller "App\Controllers\base\Dashboard" loaded.
INFO - 2025-07-21 04:52:55 --> Session: Class initialized using 'CodeIgniter\Session\Handlers\FileHandler' driver.
INFO - 2025-07-21 04:52:55 --> Controller "App\Controllers\base\Dashboard" loaded.
INFO - 2025-07-21 04:53:03 --> Session: Class initialized using 'CodeIgniter\Session\Handlers\FileHandler' driver.
INFO - 2025-07-21 04:53:03 --> Controller "App\Controllers\undangan\Undangan" loaded.
INFO - 2025-07-21 04:53:04 --> Session: Class initialized using 'CodeIgniter\Session\Handlers\FileHandler' driver.
INFO - 2025-07-21 04:53:04 --> Controller "App\Controllers\undangan\Undangan" loaded.
INFO - 2025-07-21 04:53:43 --> Controller "App\Controllers\base\Beranda" loaded.
INFO - 2025-07-21 04:53:45 --> Controller "App\Controllers\base\Beranda" loaded.
INFO - 2025-07-21 04:53:48 --> Controller "App\Controllers\base\Beranda" loaded.
INFO - 2025-07-21 04:53:53 --> Controller "App\Controllers\base\Beranda" loaded.
INFO - 2025-07-21 04:53:55 --> Controller "App\Controllers\base\Beranda" loaded.
INFO - 2025-07-21 04:53:57 --> Controller "App\Controllers\base\Beranda" loaded.
INFO - 2025-07-21 04:54:20 --> Controller "App\Controllers\base\Beranda" loaded.
INFO - 2025-07-21 04:55:01 --> Controller "App\Controllers\base\Beranda" loaded.
INFO - 2025-07-21 04:55:04 --> Controller "App\Controllers\base\Beranda" loaded.
INFO - 2025-07-21 08:09:03 --> Session: Class initialized using 'CodeIgniter\Session\Handlers\FileHandler' driver.
INFO - 2025-07-21 08:09:03 --> Controller "App\Controllers\undangan\Undangan" loaded.
INFO - 2025-07-21 08:09:08 --> Session: Class initialized using 'CodeIgniter\Session\Handlers\FileHandler' driver.
INFO - 2025-07-21 08:09:08 --> Session: Class initialized using 'CodeIgniter\Session\Handlers\FileHandler' driver.
INFO - 2025-07-21 08:09:08 --> Controller "App\Controllers\base\Dashboard" loaded.
INFO - 2025-07-21 08:09:09 --> Session: Class initialized using 'CodeIgniter\Session\Handlers\FileHandler' driver.
INFO - 2025-07-21 08:09:09 --> Controller "App\Controllers\base\Dashboard" loaded.
INFO - 2025-07-21 08:17:48 --> Session: Class initialized using 'CodeIgniter\Session\Handlers\FileHandler' driver.
INFO - 2025-07-21 08:17:48 --> Controller "App\Controllers\base\Dashboard" loaded.
INFO - 2025-07-21 08:17:56 --> Session: Class initialized using 'CodeIgniter\Session\Handlers\FileHandler' driver.
INFO - 2025-07-21 08:17:56 --> Controller "App\Controllers\base\Dashboard" loaded.
INFO - 2025-07-21 08:17:56 --> Session: Class initialized using 'CodeIgniter\Session\Handlers\FileHandler' driver.
INFO - 2025-07-21 08:17:56 --> Controller "App\Controllers\base\Dashboard" loaded.
INFO - 2025-07-21 08:18:00 --> Session: Class initialized using 'CodeIgniter\Session\Handlers\FileHandler' driver.
INFO - 2025-07-21 08:18:00 --> Controller "App\Controllers\base\Dashboard" loaded.
INFO - 2025-07-21 08:18:05 --> Session: Class initialized using 'CodeIgniter\Session\Handlers\FileHandler' driver.
INFO - 2025-07-21 08:18:05 --> Controller "App\Controllers\base\Dashboard" loaded.
INFO - 2025-07-21 08:18:25 --> Session: Class initialized using 'CodeIgniter\Session\Handlers\FileHandler' driver.
INFO - 2025-07-21 08:18:25 --> Controller "App\Controllers\base\Dashboard" loaded.
INFO - 2025-07-21 08:18:29 --> Session: Class initialized using 'CodeIgniter\Session\Handlers\FileHandler' driver.
INFO - 2025-07-21 08:18:29 --> Controller "App\Controllers\base\Dashboard" loaded.
INFO - 2025-07-21 08:18:32 --> Session: Class initialized using 'CodeIgniter\Session\Handlers\FileHandler' driver.
INFO - 2025-07-21 08:18:32 --> Controller "App\Controllers\base\Dashboard" loaded.
INFO - 2025-07-21 08:18:45 --> Controller "App\Controllers\base\Beranda" loaded.
INFO - 2025-07-21 08:19:22 --> Controller "App\Controllers\base\Beranda" loaded.
INFO - 2025-07-21 08:19:35 --> Session: Class initialized using 'CodeIgniter\Session\Handlers\FileHandler' driver.
INFO - 2025-07-21 08:19:35 --> Controller "App\Controllers\base\Dashboard" loaded.
INFO - 2025-07-21 08:19:37 --> Session: Class initialized using 'CodeIgniter\Session\Handlers\FileHandler' driver.
INFO - 2025-07-21 08:19:37 --> Controller "App\Controllers\base\Dashboard" loaded.
INFO - 2025-07-21 08:19:48 --> Session: Class initialized using 'CodeIgniter\Session\Handlers\FileHandler' driver.
INFO - 2025-07-21 08:19:48 --> Controller "App\Controllers\base\Dashboard" loaded.
INFO - 2025-07-21 08:19:53 --> Session: Class initialized using 'CodeIgniter\Session\Handlers\FileHandler' driver.
INFO - 2025-07-21 08:19:53 --> Controller "App\Controllers\base\Dashboard" loaded.
INFO - 2025-07-21 08:20:13 --> Session: Class initialized using 'CodeIgniter\Session\Handlers\FileHandler' driver.
INFO - 2025-07-21 08:20:13 --> Controller "App\Controllers\undangan\Undangan" loaded.
INFO - 2025-07-21 08:35:29 --> Controller "App\Controllers\base\Beranda" loaded.
INFO - 2025-07-21 08:35:44 --> Controller "App\Controllers\base\Beranda" loaded.
INFO - 2025-07-21 08:35:47 --> Session: Class initialized using 'CodeIgniter\Session\Handlers\FileHandler' driver.
INFO - 2025-07-21 08:35:47 --> Controller "App\Controllers\base\Dashboard" loaded.
INFO - 2025-07-21 08:35:47 --> Session: Class initialized using 'CodeIgniter\Session\Handlers\FileHandler' driver.
INFO - 2025-07-21 08:35:47 --> Controller "App\Controllers\base\Dashboard" loaded.
INFO - 2025-07-21 08:35:49 --> Controller "App\Controllers\base\Beranda" loaded.
INFO - 2025-07-21 08:35:51 --> Session: Class initialized using 'CodeIgniter\Session\Handlers\FileHandler' driver.
INFO - 2025-07-21 08:35:51 --> Controller "App\Controllers\base\Dashboard" loaded.
INFO - 2025-07-21 08:35:51 --> Session: Class initialized using 'CodeIgniter\Session\Handlers\FileHandler' driver.
INFO - 2025-07-21 08:35:51 --> Controller "App\Controllers\base\Dashboard" loaded.
INFO - 2025-07-21 08:35:54 --> Session: Class initialized using 'CodeIgniter\Session\Handlers\FileHandler' driver.
INFO - 2025-07-21 08:35:54 --> Controller "App\Controllers\base\Dashboard" loaded.
INFO - 2025-07-21 08:35:54 --> Session: Class initialized using 'CodeIgniter\Session\Handlers\FileHandler' driver.
INFO - 2025-07-21 08:35:54 --> Controller "App\Controllers\base\Dashboard" loaded.
INFO - 2025-07-21 08:38:43 --> Session: Class initialized using 'CodeIgniter\Session\Handlers\FileHandler' driver.
INFO - 2025-07-21 08:38:43 --> Session: Class initialized using 'CodeIgniter\Session\Handlers\FileHandler' driver.
INFO - 2025-07-21 08:38:43 --> Controller "App\Controllers\admin\Admin" loaded.
INFO - 2025-07-21 08:38:45 --> Session: Class initialized using 'CodeIgniter\Session\Handlers\FileHandler' driver.
INFO - 2025-07-21 08:38:45 --> Session: Class initialized using 'CodeIgniter\Session\Handlers\FileHandler' driver.
INFO - 2025-07-21 08:38:45 --> Controller "App\Controllers\admin\Admin" loaded.
INFO - 2025-07-21 08:40:03 --> Session: Class initialized using 'CodeIgniter\Session\Handlers\FileHandler' driver.
INFO - 2025-07-21 08:40:03 --> Session: Class initialized using 'CodeIgniter\Session\Handlers\FileHandler' driver.
INFO - 2025-07-21 08:40:03 --> Controller "App\Controllers\base\Dashboard" loaded.
INFO - 2025-07-21 08:40:06 --> Session: Class initialized using 'CodeIgniter\Session\Handlers\FileHandler' driver.
INFO - 2025-07-21 08:40:06 --> Session: Class initialized using 'CodeIgniter\Session\Handlers\FileHandler' driver.
INFO - 2025-07-21 08:40:06 --> Controller "App\Controllers\base\Dashboard" loaded.
INFO - 2025-07-21 08:40:13 --> Session: Class initialized using 'CodeIgniter\Session\Handlers\FileHandler' driver.
INFO - 2025-07-21 08:40:13 --> Controller "App\Controllers\base\Dashboard" loaded.
INFO - 2025-07-21 08:40:13 --> Session: Class initialized using 'CodeIgniter\Session\Handlers\FileHandler' driver.
INFO - 2025-07-21 08:40:13 --> Controller "App\Controllers\base\Dashboard" loaded.
INFO - 2025-07-21 08:41:07 --> Session: Class initialized using 'CodeIgniter\Session\Handlers\FileHandler' driver.
INFO - 2025-07-21 08:41:07 --> Controller "App\Controllers\admin\Admin" loaded.
INFO - 2025-07-21 08:41:07 --> Session: Class initialized using 'CodeIgniter\Session\Handlers\FileHandler' driver.
INFO - 2025-07-21 08:41:07 --> Controller "App\Controllers\admin\Admin" loaded.
INFO - 2025-07-21 08:42:10 --> Session: Class initialized using 'CodeIgniter\Session\Handlers\FileHandler' driver.
INFO - 2025-07-21 08:42:10 --> Controller "App\Controllers\admin\Admin" loaded.
INFO - 2025-07-21 08:42:10 --> Session: Class initialized using 'CodeIgniter\Session\Handlers\FileHandler' driver.
INFO - 2025-07-21 08:42:10 --> Controller "App\Controllers\admin\Admin" loaded.
INFO - 2025-07-21 08:42:12 --> Session: Class initialized using 'CodeIgniter\Session\Handlers\FileHandler' driver.
INFO - 2025-07-21 08:42:12 --> Controller "App\Controllers\admin\Admin" loaded.
INFO - 2025-07-21 08:42:27 --> Controller "App\Controllers\base\Beranda" loaded.
INFO - 2025-07-21 08:55:11 --> Controller "CodeIgniter\CLI\CommandRunner" loaded.
INFO - 2025-07-21 08:55:23 --> Controller "App\Controllers\base\Beranda" loaded.
INFO - 2025-07-21 08:57:35 --> Session: Class initialized using 'CodeIgniter\Session\Handlers\FileHandler' driver.
INFO - 2025-07-21 08:57:35 --> Controller "App\Controllers\base\Dashboard" loaded.
INFO - 2025-07-21 08:57:36 --> Session: Class initialized using 'CodeIgniter\Session\Handlers\FileHandler' driver.
INFO - 2025-07-21 08:57:36 --> Controller "App\Controllers\base\Dashboard" loaded.
INFO - 2025-07-21 08:57:40 --> Session: Class initialized using 'CodeIgniter\Session\Handlers\FileHandler' driver.
INFO - 2025-07-21 08:57:40 --> Controller "App\Controllers\base\Dashboard" loaded.
INFO - 2025-07-21 08:57:40 --> Session: Class initialized using 'CodeIgniter\Session\Handlers\FileHandler' driver.
INFO - 2025-07-21 08:57:40 --> Controller "App\Controllers\base\Dashboard" loaded.
INFO - 2025-07-21 08:57:45 --> Session: Class initialized using 'CodeIgniter\Session\Handlers\FileHandler' driver.
INFO - 2025-07-21 08:57:45 --> Controller "App\Controllers\base\Dashboard" loaded.
INFO - 2025-07-21 08:57:45 --> Session: Class initialized using 'CodeIgniter\Session\Handlers\FileHandler' driver.
INFO - 2025-07-21 08:57:45 --> Controller "App\Controllers\base\Dashboard" loaded.
INFO - 2025-07-21 08:57:52 --> Session: Class initialized using 'CodeIgniter\Session\Handlers\FileHandler' driver.
INFO - 2025-07-21 08:57:52 --> Controller "App\Controllers\base\Dashboard" loaded.
INFO - 2025-07-21 08:58:10 --> Session: Class initialized using 'CodeIgniter\Session\Handlers\FileHandler' driver.
INFO - 2025-07-21 08:58:10 --> Controller "App\Controllers\base\Dashboard" loaded.
INFO - 2025-07-21 08:58:10 --> Session: Class initialized using 'CodeIgniter\Session\Handlers\FileHandler' driver.
INFO - 2025-07-21 08:58:10 --> Controller "App\Controllers\base\Dashboard" loaded.
INFO - 2025-07-21 08:58:16 --> Session: Class initialized using 'CodeIgniter\Session\Handlers\FileHandler' driver.
INFO - 2025-07-21 08:58:16 --> Controller "App\Controllers\base\Dashboard" loaded.
INFO - 2025-07-21 08:58:21 --> Session: Class initialized using 'CodeIgniter\Session\Handlers\FileHandler' driver.
INFO - 2025-07-21 08:58:21 --> Controller "App\Controllers\base\Dashboard" loaded.
INFO - 2025-07-21 08:58:22 --> Session: Class initialized using 'CodeIgniter\Session\Handlers\FileHandler' driver.
INFO - 2025-07-21 08:58:22 --> Controller "App\Controllers\base\Dashboard" loaded.
INFO - 2025-07-21 10:01:32 --> Controller "CodeIgniter\CLI\CommandRunner" loaded.
INFO - 2025-07-21 10:01:34 --> Controller "App\Controllers\base\Beranda" loaded.
INFO - 2025-07-21 10:01:37 --> Session: Class initialized using 'CodeIgniter\Session\Handlers\FileHandler' driver.
INFO - 2025-07-21 10:01:37 --> Controller "App\Controllers\base\Dashboard" loaded.
INFO - 2025-07-21 10:01:39 --> Controller "App\Controllers\base\Beranda" loaded.
INFO - 2025-07-21 10:01:41 --> Session: Class initialized using 'CodeIgniter\Session\Handlers\FileHandler' driver.
INFO - 2025-07-21 10:01:41 --> Controller "App\Controllers\base\Order" loaded.
INFO - 2025-07-21 10:01:41 --> Controller "App\Controllers\base\Beranda" loaded.
INFO - 2025-07-21 10:01:45 --> Controller "App\Controllers\base\Beranda" loaded.
INFO - 2025-07-21 10:07:39 --> Session: Class initialized using 'CodeIgniter\Session\Handlers\FileHandler' driver.
INFO - 2025-07-21 10:07:39 --> Controller "App\Controllers\base\Dashboard" loaded.
INFO - 2025-07-21 10:07:45 --> Session: Class initialized using 'CodeIgniter\Session\Handlers\FileHandler' driver.
INFO - 2025-07-21 10:07:45 --> Controller "App\Controllers\base\Dashboard" loaded.
INFO - 2025-07-21 10:07:45 --> Session: Class initialized using 'CodeIgniter\Session\Handlers\FileHandler' driver.
INFO - 2025-07-21 10:07:45 --> Controller "App\Controllers\base\Dashboard" loaded.
INFO - 2025-07-21 10:07:52 --> Session: Class initialized using 'CodeIgniter\Session\Handlers\FileHandler' driver.
INFO - 2025-07-21 10:07:52 --> Controller "App\Controllers\base\Dashboard" loaded.
INFO - 2025-07-21 10:07:53 --> Session: Class initialized using 'CodeIgniter\Session\Handlers\FileHandler' driver.
INFO - 2025-07-21 10:07:53 --> Controller "App\Controllers\base\Dashboard" loaded.
INFO - 2025-07-21 10:08:05 --> Session: Class initialized using 'CodeIgniter\Session\Handlers\FileHandler' driver.
INFO - 2025-07-21 10:08:05 --> Controller "App\Controllers\base\Dashboard" loaded.
INFO - 2025-07-21 10:09:55 --> Session: Class initialized using 'CodeIgniter\Session\Handlers\FileHandler' driver.
INFO - 2025-07-21 10:09:56 --> Controller "App\Controllers\base\Dashboard" loaded.
INFO - 2025-07-21 10:10:07 --> Session: Class initialized using 'CodeIgniter\Session\Handlers\FileHandler' driver.
INFO - 2025-07-21 10:10:07 --> Controller "App\Controllers\base\Dashboard" loaded.
INFO - 2025-07-21 10:11:12 --> Session: Class initialized using 'CodeIgniter\Session\Handlers\FileHandler' driver.
INFO - 2025-07-21 10:11:12 --> Controller "App\Controllers\base\Dashboard" loaded.
INFO - 2025-07-21 10:11:14 --> Session: Class initialized using 'CodeIgniter\Session\Handlers\FileHandler' driver.
INFO - 2025-07-21 10:11:14 --> Controller "App\Controllers\base\Dashboard" loaded.
INFO - 2025-07-21 10:11:14 --> Session: Class initialized using 'CodeIgniter\Session\Handlers\FileHandler' driver.
INFO - 2025-07-21 10:11:14 --> Controller "App\Controllers\base\Dashboard" loaded.
INFO - 2025-07-21 10:11:19 --> Session: Class initialized using 'CodeIgniter\Session\Handlers\FileHandler' driver.
INFO - 2025-07-21 10:11:19 --> Controller "App\Controllers\base\Dashboard" loaded.
INFO - 2025-07-21 10:12:25 --> Session: Class initialized using 'CodeIgniter\Session\Handlers\FileHandler' driver.
INFO - 2025-07-21 10:12:25 --> Controller "App\Controllers\base\Dashboard" loaded.
INFO - 2025-07-21 10:12:25 --> Session: Class initialized using 'CodeIgniter\Session\Handlers\FileHandler' driver.
INFO - 2025-07-21 10:12:25 --> Controller "App\Controllers\base\Dashboard" loaded.
INFO - 2025-07-21 10:12:27 --> Session: Class initialized using 'CodeIgniter\Session\Handlers\FileHandler' driver.
INFO - 2025-07-21 10:12:27 --> Controller "App\Controllers\base\Dashboard" loaded.
INFO - 2025-07-21 10:12:29 --> Session: Class initialized using 'CodeIgniter\Session\Handlers\FileHandler' driver.
INFO - 2025-07-21 10:12:29 --> Controller "App\Controllers\base\Dashboard" loaded.
INFO - 2025-07-21 10:12:33 --> Session: Class initialized using 'CodeIgniter\Session\Handlers\FileHandler' driver.
INFO - 2025-07-21 10:12:33 --> Controller "App\Controllers\base\Dashboard" loaded.
INFO - 2025-07-21 10:15:39 --> Session: Class initialized using 'CodeIgniter\Session\Handlers\FileHandler' driver.
INFO - 2025-07-21 10:15:39 --> Controller "App\Controllers\base\Dashboard" loaded.
INFO - 2025-07-21 10:15:39 --> Session: Class initialized using 'CodeIgniter\Session\Handlers\FileHandler' driver.
INFO - 2025-07-21 10:15:39 --> Controller "App\Controllers\base\Dashboard" loaded.
INFO - 2025-07-21 10:15:49 --> Session: Class initialized using 'CodeIgniter\Session\Handlers\FileHandler' driver.
INFO - 2025-07-21 10:15:49 --> Controller "App\Controllers\base\Dashboard" loaded.
INFO - 2025-07-21 10:15:49 --> Session: Class initialized using 'CodeIgniter\Session\Handlers\FileHandler' driver.
INFO - 2025-07-21 10:15:49 --> Controller "App\Controllers\base\Dashboard" loaded.
INFO - 2025-07-21 10:15:53 --> Controller "App\Controllers\base\Beranda" loaded.
INFO - 2025-07-21 10:15:54 --> Controller "App\Controllers\base\Beranda" loaded.
INFO - 2025-07-21 10:16:13 --> Controller "App\Controllers\base\Beranda" loaded.
INFO - 2025-07-21 10:16:39 --> Controller "App\Controllers\base\Beranda" loaded.
INFO - 2025-07-21 10:30:45 --> Controller "App\Controllers\base\Beranda" loaded.
INFO - 2025-07-21 10:31:00 --> Session: Class initialized using 'CodeIgniter\Session\Handlers\FileHandler' driver.
INFO - 2025-07-21 10:31:00 --> Controller "App\Controllers\base\Dashboard" loaded.
INFO - 2025-07-21 10:31:02 --> Session: Class initialized using 'CodeIgniter\Session\Handlers\FileHandler' driver.
INFO - 2025-07-21 10:31:02 --> Controller "App\Controllers\base\Dashboard" loaded.
INFO - 2025-07-21 10:31:03 --> Session: Class initialized using 'CodeIgniter\Session\Handlers\FileHandler' driver.
INFO - 2025-07-21 10:31:03 --> Controller "App\Controllers\base\Dashboard" loaded.
INFO - 2025-07-21 10:31:04 --> Session: Class initialized using 'CodeIgniter\Session\Handlers\FileHandler' driver.
INFO - 2025-07-21 10:31:04 --> Controller "App\Controllers\base\Dashboard" loaded.
INFO - 2025-07-21 10:31:05 --> Session: Class initialized using 'CodeIgniter\Session\Handlers\FileHandler' driver.
INFO - 2025-07-21 10:31:05 --> Controller "App\Controllers\base\Dashboard" loaded.
INFO - 2025-07-21 10:31:05 --> Session: Class initialized using 'CodeIgniter\Session\Handlers\FileHandler' driver.
INFO - 2025-07-21 10:31:05 --> Controller "App\Controllers\base\Dashboard" loaded.
INFO - 2025-07-21 10:31:05 --> Session: Class initialized using 'CodeIgniter\Session\Handlers\FileHandler' driver.
INFO - 2025-07-21 10:31:05 --> Controller "App\Controllers\base\Dashboard" loaded.
INFO - 2025-07-21 10:31:06 --> Session: Class initialized using 'CodeIgniter\Session\Handlers\FileHandler' driver.
INFO - 2025-07-21 10:31:06 --> Controller "App\Controllers\base\Dashboard" loaded.
INFO - 2025-07-21 10:31:06 --> Session: Class initialized using 'CodeIgniter\Session\Handlers\FileHandler' driver.
INFO - 2025-07-21 10:31:06 --> Controller "App\Controllers\base\Dashboard" loaded.
INFO - 2025-07-21 10:31:06 --> Session: Class initialized using 'CodeIgniter\Session\Handlers\FileHandler' driver.
INFO - 2025-07-21 10:31:06 --> Controller "App\Controllers\base\Dashboard" loaded.
INFO - 2025-07-21 10:31:07 --> Session: Class initialized using 'CodeIgniter\Session\Handlers\FileHandler' driver.
INFO - 2025-07-21 10:31:07 --> Controller "App\Controllers\base\Dashboard" loaded.
INFO - 2025-07-21 10:36:43 --> Session: Class initialized using 'CodeIgniter\Session\Handlers\FileHandler' driver.
INFO - 2025-07-21 10:36:43 --> Controller "App\Controllers\base\Dashboard" loaded.
INFO - 2025-07-21 10:36:44 --> Session: Class initialized using 'CodeIgniter\Session\Handlers\FileHandler' driver.
INFO - 2025-07-21 10:36:44 --> Controller "App\Controllers\base\Dashboard" loaded.
INFO - 2025-07-21 10:36:44 --> Session: Class initialized using 'CodeIgniter\Session\Handlers\FileHandler' driver.
INFO - 2025-07-21 10:36:44 --> Controller "App\Controllers\base\Dashboard" loaded.
INFO - 2025-07-21 10:36:44 --> Session: Class initialized using 'CodeIgniter\Session\Handlers\FileHandler' driver.
INFO - 2025-07-21 10:36:44 --> Controller "App\Controllers\base\Dashboard" loaded.
INFO - 2025-07-21 10:36:44 --> Session: Class initialized using 'CodeIgniter\Session\Handlers\FileHandler' driver.
INFO - 2025-07-21 10:36:44 --> Controller "App\Controllers\base\Dashboard" loaded.
INFO - 2025-07-21 10:36:44 --> Session: Class initialized using 'CodeIgniter\Session\Handlers\FileHandler' driver.
INFO - 2025-07-21 10:36:44 --> Controller "App\Controllers\base\Dashboard" loaded.
INFO - 2025-07-21 10:36:44 --> Session: Class initialized using 'CodeIgniter\Session\Handlers\FileHandler' driver.
INFO - 2025-07-21 10:36:44 --> Controller "App\Controllers\base\Dashboard" loaded.
INFO - 2025-07-21 10:36:44 --> Session: Class initialized using 'CodeIgniter\Session\Handlers\FileHandler' driver.
INFO - 2025-07-21 10:36:44 --> Controller "App\Controllers\base\Dashboard" loaded.
INFO - 2025-07-21 10:36:54 --> Controller "App\Controllers\base\Beranda" loaded.
INFO - 2025-07-21 10:37:13 --> Session: Class initialized using 'CodeIgniter\Session\Handlers\FileHandler' driver.
INFO - 2025-07-21 10:37:13 --> Controller "App\Controllers\base\Dashboard" loaded.
INFO - 2025-07-21 10:37:14 --> Session: Class initialized using 'CodeIgniter\Session\Handlers\FileHandler' driver.
INFO - 2025-07-21 10:37:14 --> Controller "App\Controllers\base\Dashboard" loaded.
INFO - 2025-07-21 10:37:16 --> Session: Class initialized using 'CodeIgniter\Session\Handlers\FileHandler' driver.
INFO - 2025-07-21 10:37:16 --> Controller "App\Controllers\base\Dashboard" loaded.
INFO - 2025-07-21 10:37:16 --> Session: Class initialized using 'CodeIgniter\Session\Handlers\FileHandler' driver.
INFO - 2025-07-21 10:37:16 --> Controller "App\Controllers\base\Dashboard" loaded.
INFO - 2025-07-21 10:37:17 --> Session: Class initialized using 'CodeIgniter\Session\Handlers\FileHandler' driver.
INFO - 2025-07-21 10:37:17 --> Controller "App\Controllers\base\Dashboard" loaded.
INFO - 2025-07-21 10:37:19 --> Session: Class initialized using 'CodeIgniter\Session\Handlers\FileHandler' driver.
INFO - 2025-07-21 10:37:19 --> Controller "App\Controllers\base\Dashboard" loaded.
INFO - 2025-07-21 10:37:20 --> Session: Class initialized using 'CodeIgniter\Session\Handlers\FileHandler' driver.
INFO - 2025-07-21 10:37:20 --> Controller "App\Controllers\base\Dashboard" loaded.
INFO - 2025-07-21 10:37:25 --> Session: Class initialized using 'CodeIgniter\Session\Handlers\FileHandler' driver.
INFO - 2025-07-21 10:37:25 --> Controller "App\Controllers\base\Dashboard" loaded.
INFO - 2025-07-21 10:37:26 --> Session: Class initialized using 'CodeIgniter\Session\Handlers\FileHandler' driver.
INFO - 2025-07-21 10:37:26 --> Controller "App\Controllers\base\Dashboard" loaded.
INFO - 2025-07-21 10:37:34 --> Session: Class initialized using 'CodeIgniter\Session\Handlers\FileHandler' driver.
INFO - 2025-07-21 10:37:34 --> Controller "App\Controllers\base\Dashboard" loaded.
INFO - 2025-07-21 10:37:35 --> Session: Class initialized using 'CodeIgniter\Session\Handlers\FileHandler' driver.
INFO - 2025-07-21 10:37:35 --> Controller "App\Controllers\base\Dashboard" loaded.
INFO - 2025-07-21 10:37:36 --> Session: Class initialized using 'CodeIgniter\Session\Handlers\FileHandler' driver.
INFO - 2025-07-21 10:37:36 --> Controller "App\Controllers\base\Dashboard" loaded.
INFO - 2025-07-21 10:37:37 --> Session: Class initialized using 'CodeIgniter\Session\Handlers\FileHandler' driver.
INFO - 2025-07-21 10:37:37 --> Controller "App\Controllers\base\Dashboard" loaded.
INFO - 2025-07-21 10:37:38 --> Session: Class initialized using 'CodeIgniter\Session\Handlers\FileHandler' driver.
INFO - 2025-07-21 10:37:38 --> Controller "App\Controllers\base\Dashboard" loaded.
INFO - 2025-07-21 10:37:41 --> Session: Class initialized using 'CodeIgniter\Session\Handlers\FileHandler' driver.
INFO - 2025-07-21 10:37:41 --> Controller "App\Controllers\base\Dashboard" loaded.
INFO - 2025-07-21 10:37:47 --> Session: Class initialized using 'CodeIgniter\Session\Handlers\FileHandler' driver.
INFO - 2025-07-21 10:37:47 --> Controller "App\Controllers\base\Dashboard" loaded.
INFO - 2025-07-21 10:37:53 --> Session: Class initialized using 'CodeIgniter\Session\Handlers\FileHandler' driver.
INFO - 2025-07-21 10:37:53 --> Controller "App\Controllers\base\Dashboard" loaded.
INFO - 2025-07-21 10:37:57 --> Session: Class initialized using 'CodeIgniter\Session\Handlers\FileHandler' driver.
INFO - 2025-07-21 10:37:57 --> Controller "App\Controllers\base\Dashboard" loaded.
INFO - 2025-07-21 10:37:58 --> Session: Class initialized using 'CodeIgniter\Session\Handlers\FileHandler' driver.
INFO - 2025-07-21 10:37:58 --> Controller "App\Controllers\base\Dashboard" loaded.
INFO - 2025-07-21 10:38:02 --> Session: Class initialized using 'CodeIgniter\Session\Handlers\FileHandler' driver.
INFO - 2025-07-21 10:38:02 --> Controller "App\Controllers\base\Dashboard" loaded.
INFO - 2025-07-21 10:38:20 --> Session: Class initialized using 'CodeIgniter\Session\Handlers\FileHandler' driver.
INFO - 2025-07-21 10:38:20 --> Controller "App\Controllers\base\Dashboard" loaded.
INFO - 2025-07-21 10:38:27 --> Controller "App\Controllers\base\Beranda" loaded.
INFO - 2025-07-21 10:38:57 --> Controller "App\Controllers\base\Beranda" loaded.
INFO - 2025-07-21 10:38:57 --> Controller "App\Controllers\base\Beranda" loaded.
INFO - 2025-07-21 10:38:57 --> Controller "App\Controllers\base\Beranda" loaded.
INFO - 2025-07-21 10:38:57 --> Controller "App\Controllers\base\Beranda" loaded.
INFO - 2025-07-21 10:38:57 --> Controller "App\Controllers\base\Beranda" loaded.
INFO - 2025-07-21 10:38:57 --> Controller "App\Controllers\base\Beranda" loaded.
INFO - 2025-07-21 10:38:57 --> Controller "App\Controllers\base\Beranda" loaded.
INFO - 2025-07-21 10:38:57 --> Controller "App\Controllers\base\Beranda" loaded.
INFO - 2025-07-21 10:38:57 --> Controller "App\Controllers\base\Beranda" loaded.
INFO - 2025-07-21 10:38:57 --> Controller "App\Controllers\base\Beranda" loaded.
INFO - 2025-07-21 10:38:58 --> Controller "App\Controllers\base\Beranda" loaded.
INFO - 2025-07-21 10:38:58 --> Controller "App\Controllers\base\Beranda" loaded.
INFO - 2025-07-21 10:38:58 --> Controller "App\Controllers\base\Beranda" loaded.
INFO - 2025-07-21 10:38:58 --> Controller "App\Controllers\base\Beranda" loaded.
INFO - 2025-07-21 10:38:58 --> Controller "App\Controllers\base\Beranda" loaded.
INFO - 2025-07-21 10:38:58 --> Controller "App\Controllers\base\Beranda" loaded.
INFO - 2025-07-21 10:38:58 --> Controller "App\Controllers\base\Beranda" loaded.
INFO - 2025-07-21 10:38:58 --> Controller "App\Controllers\base\Beranda" loaded.
INFO - 2025-07-21 10:38:58 --> Controller "App\Controllers\base\Beranda" loaded.
INFO - 2025-07-21 10:38:58 --> Controller "App\Controllers\base\Beranda" loaded.
INFO - 2025-07-21 10:38:58 --> Controller "App\Controllers\base\Beranda" loaded.
INFO - 2025-07-21 10:38:58 --> Controller "App\Controllers\base\Beranda" loaded.
INFO - 2025-07-21 10:38:58 --> Controller "App\Controllers\base\Beranda" loaded.
INFO - 2025-07-21 10:38:58 --> Controller "App\Controllers\base\Beranda" loaded.
INFO - 2025-07-21 10:38:58 --> Controller "App\Controllers\base\Beranda" loaded.
INFO - 2025-07-21 10:38:58 --> Controller "App\Controllers\base\Beranda" loaded.
INFO - 2025-07-21 10:38:58 --> Controller "App\Controllers\base\Beranda" loaded.
INFO - 2025-07-21 10:38:58 --> Controller "App\Controllers\base\Beranda" loaded.
INFO - 2025-07-21 10:38:59 --> Controller "App\Controllers\base\Beranda" loaded.
INFO - 2025-07-21 10:38:59 --> Controller "App\Controllers\base\Beranda" loaded.
INFO - 2025-07-21 10:38:59 --> Controller "App\Controllers\base\Beranda" loaded.
INFO - 2025-07-21 10:38:59 --> Controller "App\Controllers\base\Beranda" loaded.
INFO - 2025-07-21 10:38:59 --> Controller "App\Controllers\base\Beranda" loaded.
INFO - 2025-07-21 10:38:59 --> Controller "App\Controllers\base\Beranda" loaded.
INFO - 2025-07-21 10:38:59 --> Controller "App\Controllers\base\Beranda" loaded.
INFO - 2025-07-21 10:39:09 --> Controller "App\Controllers\base\Beranda" loaded.
INFO - 2025-07-21 10:39:09 --> Controller "App\Controllers\base\Beranda" loaded.
INFO - 2025-07-21 10:39:09 --> Controller "App\Controllers\base\Beranda" loaded.
INFO - 2025-07-21 10:39:09 --> Controller "App\Controllers\base\Beranda" loaded.
INFO - 2025-07-21 10:39:09 --> Controller "App\Controllers\base\Beranda" loaded.
INFO - 2025-07-21 10:39:09 --> Controller "App\Controllers\base\Beranda" loaded.
INFO - 2025-07-21 10:39:09 --> Controller "App\Controllers\base\Beranda" loaded.
INFO - 2025-07-21 10:39:09 --> Controller "App\Controllers\base\Beranda" loaded.
INFO - 2025-07-21 10:39:09 --> Controller "App\Controllers\base\Beranda" loaded.
INFO - 2025-07-21 10:39:09 --> Controller "App\Controllers\base\Beranda" loaded.
INFO - 2025-07-21 10:39:09 --> Controller "App\Controllers\base\Beranda" loaded.
INFO - 2025-07-21 10:39:09 --> Controller "App\Controllers\base\Beranda" loaded.
INFO - 2025-07-21 10:39:09 --> Controller "App\Controllers\base\Beranda" loaded.
INFO - 2025-07-21 10:39:09 --> Controller "App\Controllers\base\Beranda" loaded.
INFO - 2025-07-21 10:39:09 --> Controller "App\Controllers\base\Beranda" loaded.
INFO - 2025-07-21 10:39:10 --> Controller "App\Controllers\base\Beranda" loaded.
INFO - 2025-07-21 10:39:10 --> Controller "App\Controllers\base\Beranda" loaded.
INFO - 2025-07-21 10:39:10 --> Controller "App\Controllers\base\Beranda" loaded.
INFO - 2025-07-21 10:39:10 --> Controller "App\Controllers\base\Beranda" loaded.
INFO - 2025-07-21 10:39:10 --> Controller "App\Controllers\base\Beranda" loaded.
INFO - 2025-07-21 10:39:10 --> Controller "App\Controllers\base\Beranda" loaded.
INFO - 2025-07-21 10:39:10 --> Controller "App\Controllers\base\Beranda" loaded.
INFO - 2025-07-21 10:39:10 --> Controller "App\Controllers\base\Beranda" loaded.
INFO - 2025-07-21 10:39:10 --> Controller "App\Controllers\base\Beranda" loaded.
INFO - 2025-07-21 10:39:10 --> Controller "App\Controllers\base\Beranda" loaded.
INFO - 2025-07-21 10:39:10 --> Controller "App\Controllers\base\Beranda" loaded.
INFO - 2025-07-21 10:39:10 --> Controller "App\Controllers\base\Beranda" loaded.
INFO - 2025-07-21 10:39:10 --> Controller "App\Controllers\base\Beranda" loaded.
INFO - 2025-07-21 10:40:18 --> Controller "App\Controllers\base\Beranda" loaded.
INFO - 2025-07-21 10:40:34 --> Controller "App\Controllers\base\Beranda" loaded.
INFO - 2025-07-21 10:40:45 --> Controller "App\Controllers\base\Beranda" loaded.
INFO - 2025-07-21 10:40:46 --> Controller "App\Controllers\base\Beranda" loaded.
INFO - 2025-07-21 10:40:46 --> Controller "App\Controllers\base\Beranda" loaded.
INFO - 2025-07-21 10:41:32 --> Controller "App\Controllers\base\Beranda" loaded.
INFO - 2025-07-21 10:42:07 --> Controller "App\Controllers\base\Beranda" loaded.
INFO - 2025-07-21 10:44:39 --> Controller "App\Controllers\base\Beranda" loaded.
INFO - 2025-07-21 10:44:41 --> Controller "App\Controllers\base\Beranda" loaded.
INFO - 2025-07-21 10:44:56 --> Controller "App\Controllers\base\Beranda" loaded.
INFO - 2025-07-21 10:45:03 --> Controller "App\Controllers\base\Beranda" loaded.
INFO - 2025-07-21 10:45:03 --> Controller "App\Controllers\base\Beranda" loaded.
INFO - 2025-07-21 10:45:03 --> Controller "App\Controllers\base\Beranda" loaded.
INFO - 2025-07-21 13:56:28 --> Controller "CodeIgniter\CLI\CommandRunner" loaded.
INFO - 2025-07-21 13:56:49 --> Controller "App\Controllers\base\Beranda" loaded.
